This is LuaTeX, Version 1.10.0 (MiKTeX 2.9.7140 64-bit)  (format=lualatex 2019.9.25)  28 NOV 2020 22:31
 restricted system commands enabled.
**Abstract.tex
(./Abstract.tex
LaTeX2e <2018-12-01>
Lua module: luaotfload-main 2019-09-13 3.00 luaotfload entry point
Lua module: luaotfload-init 2019-09-13 3.00 luaotfload submodule / initializatio
n
Lua module: lualibs 2019-08-11 2.67 ConTeXt Lua standard libraries.
Lua module: lualibs-extended 2019-08-11 2.67 ConTeXt Lua libraries -- extended c
ollection.
Lua module: luaotfload-log 2019-09-13 3.00 luaotfload submodule / logging
Lua module: luaotfload-parsers 2019-09-13 3.00 luaotfload submodule / filelist
Lua module: luaotfload-configuration 2019-09-13 3.00 luaotfload submodule / conf
ig file reader
luaotfload | conf : Root cache directory is C:/Users/Admin/AppData/Local/MiKTeX/
2.9/luatex-cache/generic/names.
luaotfload | init : Loading fontloader “fontloader-2019-08-11.lua” from kpse
-resolved path “C:/Users/Admin/AppData/Local/Programs/MiKTeX 2.9/tex/luatex/lu
aotfload/fontloader-2019-08-11.lua”.
Lua-only attribute luaotfload@state = 2
Lua-only attribute luaotfload@noligature = 3
Lua-only attribute luaotfload@syllabe = 4
luaotfload | init : Context OpenType loader version “3.109”
Inserting `luaotfload.node_processor' at position 1 in `pre_linebreak_filter'.
Inserting `luaotfload.node_processor' at position 1 in `hpack_filter'.
Lua module: luaotfload-loaders 2019-09-13 3.00 luaotfload submodule / callback h
andling
Inserting `luaotfload.define_font' at position 1 in `define_font'.
Lua module: luaotfload-database 2019-09-13 3.00 luaotfload submodule / database
Lua module: luaotfload-unicode 2019-09-13 3.00 luaotfload submodule / Unicode he
lpers
Lua module: luaotfload-colors 2019-09-13 3.00 luaotfload submodule / color
Lua-only attribute luaotfload_color_attribute = 5
Lua module: luaotfload-resolvers 2019-09-13 3.00 luaotfload submodule / resolver
s
luaotfload | conf : Root cache directory is C:/Users/Admin/AppData/Local/MiKTeX/
2.9/luatex-cache/generic/names.
Lua module: luaotfload-features 2019-09-13 3.00 luaotfload submodule / features
Lua module: luaotfload-letterspace 2019-09-13 3.00 luaotfload submodule / color
Lua module: luaotfload-embolden 2019-09-13 3.00 luaotfload submodule / color
Lua module: luaotfload-notdef 2019-09-13 3.00 luaotfload submodule / color
Lua module: luaotfload-auxiliary 2019-09-13 3.00 luaotfload submodule / auxiliar
y functions
Inserting `luaotfload.aux.set_sscale_dimens' at position 1 in `luaotfload.patch_
font'.
Inserting `luaotfload.aux.patch_cambria_domh' at position 2 in `luaotfload.patch
_font'.
Inserting `luaotfload.aux.fixup_fontdata' at position 1 in `luaotfload.patch_fon
t_unsafe'.
Inserting `luaotfload.aux.set_capheight' at position 3 in `luaotfload.patch_font
'.
Inserting `luaotfload.aux.set_xheight' at position 4 in `luaotfload.patch_font'.
Lua module: luaotfload-multiscript 2019-09-13 3.00 luaotfload submodule / multis
cript
Inserting `luaotfload.rewrite_fontname' at position 5 in `luaotfload.patch_font'
.
luaotfload | main : initialization completed in 0.981 seconds
("C:/Users/Admin/AppData/Local/Programs/MiKTeX 2.9/tex/latex/base/article.cls"
Document Class: article 2018/09/03 v1.4i Standard LaTeX document class
("C:/Users/Admin/AppData/Local/Programs/MiKTeX 2.9/tex/latex/base/size10.clo"
File: size10.clo 2018/09/03 v1.4i Standard LaTeX file (size option)
luaotfload | db : Font names database loaded from C:/Users/Admin/AppData/Local/M
iKTeX/2.9/luatex-cache/generic/names/luaotfload-names.luc)
\c@part=\count80
\c@section=\count81
\c@subsection=\count82
\c@subsubsection=\count83
\c@paragraph=\count84
\c@subparagraph=\count85
\c@figure=\count86
\c@table=\count87
\abovecaptionskip=\skip41
\belowcaptionskip=\skip42
\bibindent=\dimen102
)
("C:/Users/Admin/AppData/Local/Programs/MiKTeX 2.9/tex/latex/footmisc/footmisc.
sty"
Package: footmisc 2011/06/06 v5.5b a miscellany of footnote facilities
\FN@temptoken=\toks14
\footnotemargin=\dimen103
\c@pp@next@reset=\count88
Package footmisc Info: Declaring symbol style bringhurst on input line 855.
Package footmisc Info: Declaring symbol style chicago on input line 863.
Package footmisc Info: Declaring symbol style wiley on input line 872.
Package footmisc Info: Declaring symbol style lamport-robust on input line 883.
Package footmisc Info: Declaring symbol style lamport* on input line 903.
Package footmisc Info: Declaring symbol style lamport*-robust on input line 924.

)
("C:/Users/Admin/AppData/Local/Programs/MiKTeX 2.9/tex/latex/preprint/authblk.s
ty"
Package: authblk 2001/02/27 1.3 (PWD)
\affilsep=\skip43
\@affilsep=\skip44
\c@Maxaffil=\count89
\c@authors=\count90
\c@affil=\count91
)
("C:/Users/Admin/AppData/Local/Programs/MiKTeX 2.9/tex/latex/amsmath/amsmath.st
y"
Package: amsmath 2018/12/01 v2.17b AMS math features
\@mathmargin=\skip45

For additional information on amsmath, use the `?' option.

("C:/Users/Admin/AppData/Local/Programs/MiKTeX 2.9/tex/latex/amsmath/amstext.st
y"
Package: amstext 2000/06/29 v2.01 AMS text

("C:/Users/Admin/AppData/Local/Programs/MiKTeX 2.9/tex/latex/amsmath/amsgen.sty
"
File: amsgen.sty 1999/11/30 v2.0 generic functions
\@emptytoks=\toks15
\ex@=\dimen104
))
("C:/Users/Admin/AppData/Local/Programs/MiKTeX 2.9/tex/latex/amsmath/amsbsy.sty
"
Package: amsbsy 1999/11/29 v1.2d Bold Symbols
\pmbraise@=\dimen105
)
("C:/Users/Admin/AppData/Local/Programs/MiKTeX 2.9/tex/latex/amsmath/amsopn.sty
"
Package: amsopn 2016/03/08 v2.02 operator names
)
\inf@bad=\count92
LaTeX Info: Redefining \frac on input line 223.
\uproot@=\count93
\leftroot@=\count94
LaTeX Info: Redefining \overline on input line 385.
\classnum@=\count95
\DOTSCASE@=\count96
LaTeX Info: Redefining \ldots on input line 482.
LaTeX Info: Redefining \dots on input line 485.
LaTeX Info: Redefining \cdots on input line 606.
\Mathstrutbox@=\box27
\strutbox@=\box28
\big@size=\dimen106
LaTeX Font Info:    Redeclaring font encoding OML on input line 729.
LaTeX Font Info:    Redeclaring font encoding OMS on input line 730.
\macc@depth=\count97
\c@MaxMatrixCols=\count98
\dotsspace@=\muskip10
\c@parentequation=\count99
\dspbrk@lvl=\count100
\tag@help=\toks16
\row@=\count101
\column@=\count102
\maxfields@=\count103
\andhelp@=\toks17
\eqnshift@=\dimen107
\alignsep@=\dimen108
\tagshift@=\dimen109
\tagwidth@=\dimen110
\totwidth@=\dimen111
\lineht@=\dimen112
\@envbody=\toks18
\multlinegap=\skip46
\multlinetaggap=\skip47
\mathdisplay@stack=\toks19
LaTeX Info: Redefining \[ on input line 2844.
LaTeX Info: Redefining \] on input line 2845.
)
("C:/Users/Admin/AppData/Local/Programs/MiKTeX 2.9/tex/latex/setspace/setspace.
sty"
Package: setspace 2011/12/19 v6.7a set line spacing
) ("C:/Users/Admin/AppData/Local/Programs/MiKTeX 2.9/tex/latex/url/url.sty"
\Urlmuskip=\muskip11
Package: url 2013/09/16  ver 3.4  Verb mode for urls, etc.
) ("C:/Users/Admin/AppData/Local/Programs/MiKTeX 2.9/tex/latex/amscls/amsthm.st
y"
Package: amsthm 2017/10/31 v2.20.4
\thm@style=\toks20
\thm@bodyfont=\toks21
\thm@headfont=\toks22
\thm@notefont=\toks23
\thm@headpunct=\toks24
\thm@preskip=\skip48
\thm@postskip=\skip49
\thm@headsep=\skip50
\dth@everypar=\toks25
)
("C:/Users/Admin/AppData/Local/Programs/MiKTeX 2.9/tex/latex/pgf/frontendlayer/
tikz.sty"
("C:/Users/Admin/AppData/Local/Programs/MiKTeX 2.9/tex/latex/pgf/basiclayer/pgf
.sty"
("C:/Users/Admin/AppData/Local/Programs/MiKTeX 2.9/tex/latex/pgf/utilities/pgfr
cs.sty"
("C:/Users/Admin/AppData/Local/Programs/MiKTeX 2.9/tex/generic/pgf/utilities/pg
futil-common.tex"
\pgfutil@everybye=\toks26
\pgfutil@tempdima=\dimen113
\pgfutil@tempdimb=\dimen114

("C:/Users/Admin/AppData/Local/Programs/MiKTeX 2.9/tex/generic/pgf/utilities/pg
futil-common-lists.tex"))
("C:/Users/Admin/AppData/Local/Programs/MiKTeX 2.9/tex/generic/pgf/utilities/pg
futil-latex.def"
\pgfutil@abb=\box29

("C:/Users/Admin/AppData/Local/Programs/MiKTeX 2.9/tex/latex/ms/everyshi.sty"
Package: everyshi 2001/05/15 v3.00 EveryShipout Package (MS)
))
("C:/Users/Admin/AppData/Local/Programs/MiKTeX 2.9/tex/generic/pgf/utilities/pg
frcs.code.tex"
("C:/Users/Admin/AppData/Local/Programs/MiKTeX 2.9/tex/generic/pgf/pgf.revision
.tex")
Package: pgfrcs 2019/08/03 v3.1.4b (3.1.4b)
))
Package: pgf 2019/08/03 v3.1.4b (3.1.4b)

("C:/Users/Admin/AppData/Local/Programs/MiKTeX 2.9/tex/latex/pgf/basiclayer/pgf
core.sty"
("C:/Users/Admin/AppData/Local/Programs/MiKTeX 2.9/tex/latex/graphics/graphicx.
sty"
Package: graphicx 2017/06/01 v1.1a Enhanced LaTeX Graphics (DPC,SPQR)

("C:/Users/Admin/AppData/Local/Programs/MiKTeX 2.9/tex/latex/graphics/keyval.st
y"
Package: keyval 2014/10/28 v1.15 key=value parser (DPC)
\KV@toks@=\toks27
)
("C:/Users/Admin/AppData/Local/Programs/MiKTeX 2.9/tex/latex/graphics/graphics.
sty"
Package: graphics 2017/06/25 v1.2c Standard LaTeX Graphics (DPC,SPQR)

("C:/Users/Admin/AppData/Local/Programs/MiKTeX 2.9/tex/latex/graphics/trig.sty"
Package: trig 2016/01/03 v1.10 sin cos tan (DPC)
)
("C:/Users/Admin/AppData/Local/Programs/MiKTeX 2.9/tex/latex/graphics-cfg/graph
ics.cfg"
File: graphics.cfg 2016/06/04 v1.11 sample graphics configuration
)
Package graphics Info: Driver file: luatex.def on input line 99.

("C:/Users/Admin/AppData/Local/Programs/MiKTeX 2.9/tex/latex/graphics-def/luate
x.def"
File: luatex.def 2018/01/08 v1.0l Graphics/color driver for luatex
))
\Gin@req@height=\dimen115
\Gin@req@width=\dimen116
)
("C:/Users/Admin/AppData/Local/Programs/MiKTeX 2.9/tex/latex/pgf/systemlayer/pg
fsys.sty"
("C:/Users/Admin/AppData/Local/Programs/MiKTeX 2.9/tex/generic/pgf/systemlayer/
pgfsys.code.tex"
Package: pgfsys 2019/08/03 v3.1.4b (3.1.4b)

("C:/Users/Admin/AppData/Local/Programs/MiKTeX 2.9/tex/generic/pgf/utilities/pg
fkeys.code.tex"
\pgfkeys@pathtoks=\toks28
\pgfkeys@temptoks=\toks29

("C:/Users/Admin/AppData/Local/Programs/MiKTeX 2.9/tex/generic/pgf/utilities/pg
fkeysfiltered.code.tex"
\pgfkeys@tmptoks=\toks30
))
\pgf@x=\dimen117
\pgf@y=\dimen118
\pgf@xa=\dimen119
\pgf@ya=\dimen120
\pgf@xb=\dimen121
\pgf@yb=\dimen122
\pgf@xc=\dimen123
\pgf@yc=\dimen124
\pgf@xd=\dimen125
\pgf@yd=\dimen126
\w@pgf@writea=\write3
\r@pgf@reada=\read1
\c@pgf@counta=\count104
\c@pgf@countb=\count105
\c@pgf@countc=\count106
\c@pgf@countd=\count107
\t@pgf@toka=\toks31
\t@pgf@tokb=\toks32
\t@pgf@tokc=\toks33
\pgf@sys@id@count=\count108

("C:/Users/Admin/AppData/Local/Programs/MiKTeX 2.9/tex/generic/pgf/systemlayer/
pgf.cfg"
File: pgf.cfg 2019/08/03 v3.1.4b (3.1.4b)
)
Driver file for pgf: pgfsys-luatex.def

("C:/Users/Admin/AppData/Local/Programs/MiKTeX 2.9/tex/generic/pgf/systemlayer/
pgfsys-luatex.def"
File: pgfsys-luatex.def 2019/08/03 v3.1.4b (3.1.4b)

("C:/Users/Admin/AppData/Local/Programs/MiKTeX 2.9/tex/generic/pgf/systemlayer/
pgfsys-common-pdf.def"
File: pgfsys-common-pdf.def 2019/08/03 v3.1.4b (3.1.4b)
)))
("C:/Users/Admin/AppData/Local/Programs/MiKTeX 2.9/tex/generic/pgf/systemlayer/
pgfsyssoftpath.code.tex"
File: pgfsyssoftpath.code.tex 2019/08/03 v3.1.4b (3.1.4b)
\pgfsyssoftpath@smallbuffer@items=\count109
\pgfsyssoftpath@bigbuffer@items=\count110
)
("C:/Users/Admin/AppData/Local/Programs/MiKTeX 2.9/tex/generic/pgf/systemlayer/
pgfsysprotocol.code.tex"
File: pgfsysprotocol.code.tex 2019/08/03 v3.1.4b (3.1.4b)
))
("C:/Users/Admin/AppData/Local/Programs/MiKTeX 2.9/tex/latex/xcolor/xcolor.sty"
Package: xcolor 2016/05/11 v2.12 LaTeX color extensions (UK)

("C:/Users/Admin/AppData/Local/Programs/MiKTeX 2.9/tex/latex/graphics-cfg/color
.cfg"
File: color.cfg 2016/01/02 v1.6 sample color configuration
)
Package xcolor Info: Driver file: luatex.def on input line 225.
Package xcolor Info: Model `cmy' substituted by `cmy0' on input line 1348.
Package xcolor Info: Model `hsb' substituted by `rgb' on input line 1352.
Package xcolor Info: Model `RGB' extended on input line 1364.
Package xcolor Info: Model `HTML' substituted by `rgb' on input line 1366.
Package xcolor Info: Model `Hsb' substituted by `hsb' on input line 1367.
Package xcolor Info: Model `tHsb' substituted by `hsb' on input line 1368.
Package xcolor Info: Model `HSB' substituted by `hsb' on input line 1369.
Package xcolor Info: Model `Gray' substituted by `gray' on input line 1370.
Package xcolor Info: Model `wave' substituted by `hsb' on input line 1371.
)
("C:/Users/Admin/AppData/Local/Programs/MiKTeX 2.9/tex/generic/pgf/basiclayer/p
gfcore.code.tex"
Package: pgfcore 2019/08/03 v3.1.4b (3.1.4b)

("C:/Users/Admin/AppData/Local/Programs/MiKTeX 2.9/tex/generic/pgf/math/pgfmath
.code.tex"
("C:/Users/Admin/AppData/Local/Programs/MiKTeX 2.9/tex/generic/pgf/math/pgfmath
calc.code.tex"
("C:/Users/Admin/AppData/Local/Programs/MiKTeX 2.9/tex/generic/pgf/math/pgfmath
util.code.tex")
("C:/Users/Admin/AppData/Local/Programs/MiKTeX 2.9/tex/generic/pgf/math/pgfmath
parser.code.tex"
\pgfmath@dimen=\dimen127
\pgfmath@count=\count111
\pgfmath@box=\box30
\pgfmath@toks=\toks34
\pgfmath@stack@operand=\toks35
\pgfmath@stack@operation=\toks36
)
("C:/Users/Admin/AppData/Local/Programs/MiKTeX 2.9/tex/generic/pgf/math/pgfmath
functions.code.tex"
("C:/Users/Admin/AppData/Local/Programs/MiKTeX 2.9/tex/generic/pgf/math/pgfmath
functions.basic.code.tex")
("C:/Users/Admin/AppData/Local/Programs/MiKTeX 2.9/tex/generic/pgf/math/pgfmath
functions.trigonometric.code.tex")
("C:/Users/Admin/AppData/Local/Programs/MiKTeX 2.9/tex/generic/pgf/math/pgfmath
functions.random.code.tex")
("C:/Users/Admin/AppData/Local/Programs/MiKTeX 2.9/tex/generic/pgf/math/pgfmath
functions.comparison.code.tex")
("C:/Users/Admin/AppData/Local/Programs/MiKTeX 2.9/tex/generic/pgf/math/pgfmath
functions.base.code.tex")
("C:/Users/Admin/AppData/Local/Programs/MiKTeX 2.9/tex/generic/pgf/math/pgfmath
functions.round.code.tex")
("C:/Users/Admin/AppData/Local/Programs/MiKTeX 2.9/tex/generic/pgf/math/pgfmath
functions.misc.code.tex")
("C:/Users/Admin/AppData/Local/Programs/MiKTeX 2.9/tex/generic/pgf/math/pgfmath
functions.integerarithmetics.code.tex")))
("C:/Users/Admin/AppData/Local/Programs/MiKTeX 2.9/tex/generic/pgf/math/pgfmath
float.code.tex"
\c@pgfmathroundto@lastzeros=\count112
))
("C:/Users/Admin/AppData/Local/Programs/MiKTeX 2.9/tex/generic/pgf/math/pgfint.
code.tex")
("C:/Users/Admin/AppData/Local/Programs/MiKTeX 2.9/tex/generic/pgf/basiclayer/p
gfcorepoints.code.tex"
File: pgfcorepoints.code.tex 2019/08/03 v3.1.4b (3.1.4b)
\pgf@picminx=\dimen128
\pgf@picmaxx=\dimen129
\pgf@picminy=\dimen130
\pgf@picmaxy=\dimen131
\pgf@pathminx=\dimen132
\pgf@pathmaxx=\dimen133
\pgf@pathminy=\dimen134
\pgf@pathmaxy=\dimen135
\pgf@xx=\dimen136
\pgf@xy=\dimen137
\pgf@yx=\dimen138
\pgf@yy=\dimen139
\pgf@zx=\dimen140
\pgf@zy=\dimen141
)
("C:/Users/Admin/AppData/Local/Programs/MiKTeX 2.9/tex/generic/pgf/basiclayer/p
gfcorepathconstruct.code.tex"
File: pgfcorepathconstruct.code.tex 2019/08/03 v3.1.4b (3.1.4b)
\pgf@path@lastx=\dimen142
\pgf@path@lasty=\dimen143
)
("C:/Users/Admin/AppData/Local/Programs/MiKTeX 2.9/tex/generic/pgf/basiclayer/p
gfcorepathusage.code.tex"
File: pgfcorepathusage.code.tex 2019/08/03 v3.1.4b (3.1.4b)
\pgf@shorten@end@additional=\dimen144
\pgf@shorten@start@additional=\dimen145
)
("C:/Users/Admin/AppData/Local/Programs/MiKTeX 2.9/tex/generic/pgf/basiclayer/p
gfcorescopes.code.tex"
File: pgfcorescopes.code.tex 2019/08/03 v3.1.4b (3.1.4b)
\pgfpic=\box31
\pgf@hbox=\box32
\pgf@layerbox@main=\box33
\pgf@picture@serial@count=\count113
)
("C:/Users/Admin/AppData/Local/Programs/MiKTeX 2.9/tex/generic/pgf/basiclayer/p
gfcoregraphicstate.code.tex"
File: pgfcoregraphicstate.code.tex 2019/08/03 v3.1.4b (3.1.4b)
\pgflinewidth=\dimen146
)
("C:/Users/Admin/AppData/Local/Programs/MiKTeX 2.9/tex/generic/pgf/basiclayer/p
gfcoretransformations.code.tex"
File: pgfcoretransformations.code.tex 2019/08/03 v3.1.4b (3.1.4b)
\pgf@pt@x=\dimen147
\pgf@pt@y=\dimen148
\pgf@pt@temp=\dimen149
)
("C:/Users/Admin/AppData/Local/Programs/MiKTeX 2.9/tex/generic/pgf/basiclayer/p
gfcorequick.code.tex"
File: pgfcorequick.code.tex 2019/08/03 v3.1.4b (3.1.4b)
)
("C:/Users/Admin/AppData/Local/Programs/MiKTeX 2.9/tex/generic/pgf/basiclayer/p
gfcoreobjects.code.tex"
File: pgfcoreobjects.code.tex 2019/08/03 v3.1.4b (3.1.4b)
)
("C:/Users/Admin/AppData/Local/Programs/MiKTeX 2.9/tex/generic/pgf/basiclayer/p
gfcorepathprocessing.code.tex"
File: pgfcorepathprocessing.code.tex 2019/08/03 v3.1.4b (3.1.4b)
)
("C:/Users/Admin/AppData/Local/Programs/MiKTeX 2.9/tex/generic/pgf/basiclayer/p
gfcorearrows.code.tex"
File: pgfcorearrows.code.tex 2019/08/03 v3.1.4b (3.1.4b)
\pgfarrowsep=\dimen150
)
("C:/Users/Admin/AppData/Local/Programs/MiKTeX 2.9/tex/generic/pgf/basiclayer/p
gfcoreshade.code.tex"
File: pgfcoreshade.code.tex 2019/08/03 v3.1.4b (3.1.4b)
\pgf@max=\dimen151
\pgf@sys@shading@range@num=\count114
\pgf@shadingcount=\count115
)
("C:/Users/Admin/AppData/Local/Programs/MiKTeX 2.9/tex/generic/pgf/basiclayer/p
gfcoreimage.code.tex"
File: pgfcoreimage.code.tex 2019/08/03 v3.1.4b (3.1.4b)

("C:/Users/Admin/AppData/Local/Programs/MiKTeX 2.9/tex/generic/pgf/basiclayer/p
gfcoreexternal.code.tex"
File: pgfcoreexternal.code.tex 2019/08/03 v3.1.4b (3.1.4b)
\pgfexternal@startupbox=\box34
))
("C:/Users/Admin/AppData/Local/Programs/MiKTeX 2.9/tex/generic/pgf/basiclayer/p
gfcorelayers.code.tex"
File: pgfcorelayers.code.tex 2019/08/03 v3.1.4b (3.1.4b)
)
("C:/Users/Admin/AppData/Local/Programs/MiKTeX 2.9/tex/generic/pgf/basiclayer/p
gfcoretransparency.code.tex"
File: pgfcoretransparency.code.tex 2019/08/03 v3.1.4b (3.1.4b)
)
("C:/Users/Admin/AppData/Local/Programs/MiKTeX 2.9/tex/generic/pgf/basiclayer/p
gfcorepatterns.code.tex"
File: pgfcorepatterns.code.tex 2019/08/03 v3.1.4b (3.1.4b)
)
("C:/Users/Admin/AppData/Local/Programs/MiKTeX 2.9/tex/generic/pgf/basiclayer/p
gfcorerdf.code.tex"
File: pgfcorerdf.code.tex 2019/08/03 v3.1.4b (3.1.4b)
)))
("C:/Users/Admin/AppData/Local/Programs/MiKTeX 2.9/tex/generic/pgf/modules/pgfm
oduleshapes.code.tex"
File: pgfmoduleshapes.code.tex 2019/08/03 v3.1.4b (3.1.4b)
\pgfnodeparttextbox=\box35
)
("C:/Users/Admin/AppData/Local/Programs/MiKTeX 2.9/tex/generic/pgf/modules/pgfm
oduleplot.code.tex"
File: pgfmoduleplot.code.tex 2019/08/03 v3.1.4b (3.1.4b)
)
("C:/Users/Admin/AppData/Local/Programs/MiKTeX 2.9/tex/latex/pgf/compatibility/
pgfcomp-version-0-65.sty"
Package: pgfcomp-version-0-65 2019/08/03 v3.1.4b (3.1.4b)
\pgf@nodesepstart=\dimen152
\pgf@nodesepend=\dimen153
)
("C:/Users/Admin/AppData/Local/Programs/MiKTeX 2.9/tex/latex/pgf/compatibility/
pgfcomp-version-1-18.sty"
Package: pgfcomp-version-1-18 2019/08/03 v3.1.4b (3.1.4b)
))
("C:/Users/Admin/AppData/Local/Programs/MiKTeX 2.9/tex/latex/pgf/utilities/pgff
or.sty"
("C:/Users/Admin/AppData/Local/Programs/MiKTeX 2.9/tex/latex/pgf/utilities/pgfk
eys.sty"
("C:/Users/Admin/AppData/Local/Programs/MiKTeX 2.9/tex/generic/pgf/utilities/pg
fkeys.code.tex"))
("C:/Users/Admin/AppData/Local/Programs/MiKTeX 2.9/tex/latex/pgf/math/pgfmath.s
ty"
("C:/Users/Admin/AppData/Local/Programs/MiKTeX 2.9/tex/generic/pgf/math/pgfmath
.code.tex"))
("C:/Users/Admin/AppData/Local/Programs/MiKTeX 2.9/tex/generic/pgf/utilities/pg
ffor.code.tex"
Package: pgffor 2019/08/03 v3.1.4b (3.1.4b)

("C:/Users/Admin/AppData/Local/Programs/MiKTeX 2.9/tex/generic/pgf/math/pgfmath
.code.tex")
\pgffor@iter=\dimen154
\pgffor@skip=\dimen155
\pgffor@stack=\toks37
\pgffor@toks=\toks38
))
("C:/Users/Admin/AppData/Local/Programs/MiKTeX 2.9/tex/generic/pgf/frontendlaye
r/tikz/tikz.code.tex"
Package: tikz 2019/08/03 v3.1.4b (3.1.4b)

("C:/Users/Admin/AppData/Local/Programs/MiKTeX 2.9/tex/generic/pgf/libraries/pg
flibraryplothandlers.code.tex"
File: pgflibraryplothandlers.code.tex 2019/08/03 v3.1.4b (3.1.4b)
\pgf@plot@mark@count=\count116
\pgfplotmarksize=\dimen156
)
\tikz@lastx=\dimen157
\tikz@lasty=\dimen158
\tikz@lastxsaved=\dimen159
\tikz@lastysaved=\dimen160
\tikz@lastmovetox=\dimen161
\tikz@lastmovetoy=\dimen162
\tikzleveldistance=\dimen163
\tikzsiblingdistance=\dimen164
\tikz@figbox=\box36
\tikz@figbox@bg=\box37
\tikz@tempbox=\box38
\tikz@tempbox@bg=\box39
\tikztreelevel=\count117
\tikznumberofchildren=\count118
\tikznumberofcurrentchild=\count119
\tikz@fig@count=\count120

("C:/Users/Admin/AppData/Local/Programs/MiKTeX 2.9/tex/generic/pgf/modules/pgfm
odulematrix.code.tex"
File: pgfmodulematrix.code.tex 2019/08/03 v3.1.4b (3.1.4b)
\pgfmatrixcurrentrow=\count121
\pgfmatrixcurrentcolumn=\count122
\pgf@matrix@numberofcolumns=\count123
)
\tikz@expandcount=\count124

("C:/Users/Admin/AppData/Local/Programs/MiKTeX 2.9/tex/generic/pgf/frontendlaye
r/tikz/libraries/tikzlibrarytopaths.code.tex"
File: tikzlibrarytopaths.code.tex 2019/08/03 v3.1.4b (3.1.4b)
)))
("C:/Users/Admin/AppData/Local/Programs/MiKTeX 2.9/tex/generic/pgf/frontendlaye
r/tikz/libraries/tikzlibraryshapes.geometric.code.tex"
File: tikzlibraryshapes.geometric.code.tex 2019/08/03 v3.1.4b (3.1.4b)

("C:/Users/Admin/AppData/Local/Programs/MiKTeX 2.9/tex/generic/pgf/libraries/sh
apes/pgflibraryshapes.geometric.code.tex"
File: pgflibraryshapes.geometric.code.tex 2019/08/03 v3.1.4b (3.1.4b)
))
("C:/Users/Admin/AppData/Local/Programs/MiKTeX 2.9/tex/generic/pgf/frontendlaye
r/tikz/libraries/tikzlibraryarrows.code.tex"
File: tikzlibraryarrows.code.tex 2019/08/03 v3.1.4b (3.1.4b)

("C:/Users/Admin/AppData/Local/Programs/MiKTeX 2.9/tex/generic/pgf/libraries/pg
flibraryarrows.code.tex"
File: pgflibraryarrows.code.tex 2019/08/03 v3.1.4b (3.1.4b)
\arrowsize=\dimen165
))
("C:/Users/Admin/AppData/Local/Programs/MiKTeX 2.9/tex/generic/pgf/frontendlaye
r/tikz/libraries/tikzlibrarydecorations.pathreplacing.code.tex"
("C:/Users/Admin/AppData/Local/Programs/MiKTeX 2.9/tex/generic/pgf/frontendlaye
r/tikz/libraries/tikzlibrarydecorations.code.tex"
("C:/Users/Admin/AppData/Local/Programs/MiKTeX 2.9/tex/generic/pgf/modules/pgfm
oduledecorations.code.tex"
\pgfdecoratedcompleteddistance=\dimen166
\pgfdecoratedremainingdistance=\dimen167
\pgfdecoratedinputsegmentcompleteddistance=\dimen168
\pgfdecoratedinputsegmentremainingdistance=\dimen169
\pgf@decorate@distancetomove=\dimen170
\pgf@decorate@repeatstate=\count125
\pgfdecorationsegmentamplitude=\dimen171
\pgfdecorationsegmentlength=\dimen172
)
\tikz@lib@dec@box=\box40
)
("C:/Users/Admin/AppData/Local/Programs/MiKTeX 2.9/tex/generic/pgf/libraries/de
corations/pgflibrarydecorations.pathreplacing.code.tex"))
("C:/Users/Admin/AppData/Local/Programs/MiKTeX 2.9/tex/generic/pgf/frontendlaye
r/tikz/libraries/tikzlibrarycalc.code.tex"
File: tikzlibrarycalc.code.tex 2019/08/03 v3.1.4b (3.1.4b)
)
("C:/Users/Admin/AppData/Local/Programs/MiKTeX 2.9/tex/latex/pgfplots/pgfplots.
sty"
("C:/Users/Admin/AppData/Local/Programs/MiKTeX 2.9/tex/generic/pgfplots/pgfplot
s.revision.tex")
Package: pgfplots 2018/03/28 v1.16 Data Visualization (1.16)

("C:/Users/Admin/AppData/Local/Programs/MiKTeX 2.9/tex/generic/pgfplots/pgfplot
s.code.tex"
("C:/Users/Admin/AppData/Local/Programs/MiKTeX 2.9/tex/generic/pgfplots/pgfplot
score.code.tex"
Package pgfplots info on input line 124: Initializing with LUA version Lua 5.3
\pgfplots@luabackend@table=\catcodetable5
\t@pgfplots@toka=\toks39
\t@pgfplots@tokb=\toks40
\t@pgfplots@tokc=\toks41
\pgfplots@tmpa=\dimen173
\c@pgfplots@coordindex=\count126
\c@pgfplots@scanlineindex=\count127

("C:/Users/Admin/AppData/Local/Programs/MiKTeX 2.9/tex/generic/pgfplots/sys/pgf
plotssysgeneric.code.tex"))
("C:/Users/Admin/AppData/Local/Programs/MiKTeX 2.9/tex/generic/pgfplots/libs/pg
fplotslibrary.code.tex")
("C:/Users/Admin/AppData/Local/Programs/MiKTeX 2.9/tex/generic/pgfplots/oldpgfc
ompatib/pgfplotsoldpgfsupp_loader.code.tex"
("C:/Users/Admin/AppData/Local/Programs/MiKTeX 2.9/tex/generic/pgf/libraries/pg
flibraryfpu.code.tex")
("C:/Users/Admin/AppData/Local/Programs/MiKTeX 2.9/tex/generic/pgf/libraries/lu
amath/pgflibraryluamath.code.tex")
Package pgfplots info on input line 275: luamath library shipped with pgf 3.1.4b
 is up-to-date
)
("C:/Users/Admin/AppData/Local/Programs/MiKTeX 2.9/tex/generic/pgfplots/util/pg
fplotsutil.code.tex"
Package pgfplots info on input line 82: Found new luatex: initializing lua comma
nds instead of write18 (shell-escape)

("C:/Users/Admin/AppData/Local/Programs/MiKTeX 2.9/tex/generic/pgfplots/liststr
ucture/pgfplotsliststructure.code.tex")
("C:/Users/Admin/AppData/Local/Programs/MiKTeX 2.9/tex/generic/pgfplots/liststr
ucture/pgfplotsliststructureext.code.tex")
("C:/Users/Admin/AppData/Local/Programs/MiKTeX 2.9/tex/generic/pgfplots/liststr
ucture/pgfplotsarray.code.tex"
\c@pgfplotsarray@tmp=\count128
)
("C:/Users/Admin/AppData/Local/Programs/MiKTeX 2.9/tex/generic/pgfplots/liststr
ucture/pgfplotsmatrix.code.tex")
("C:/Users/Admin/AppData/Local/Programs/MiKTeX 2.9/tex/generic/pgfplots/numtabl
e/pgfplotstableshared.code.tex"
\c@pgfplotstable@counta=\count129
\t@pgfplotstable@a=\toks42
)
("C:/Users/Admin/AppData/Local/Programs/MiKTeX 2.9/tex/generic/pgfplots/liststr
ucture/pgfplotsdeque.code.tex")
("C:/Users/Admin/AppData/Local/Programs/MiKTeX 2.9/tex/generic/pgfplots/util/pg
fplotsbinary.code.tex"
("C:/Users/Admin/AppData/Local/Programs/MiKTeX 2.9/tex/generic/pgfplots/util/pg
fplotsbinary.data.code.tex"))
("C:/Users/Admin/AppData/Local/Programs/MiKTeX 2.9/tex/generic/pgfplots/util/pg
fplotsutil.verb.code.tex")
("C:/Users/Admin/AppData/Local/Programs/MiKTeX 2.9/tex/generic/pgfplots/libs/pg
flibrarypgfplots.surfshading.code.tex"
\c@pgfplotslibrarysurf@no=\count130

("C:/Users/Admin/AppData/Local/Programs/MiKTeX 2.9/tex/generic/pgfplots/sys/pgf
librarypgfplots.surfshading.pgfsys-luatex.def")))
("C:/Users/Admin/AppData/Local/Programs/MiKTeX 2.9/tex/generic/pgfplots/util/pg
fplotscolormap.code.tex"
("C:/Users/Admin/AppData/Local/Programs/MiKTeX 2.9/tex/generic/pgfplots/util/pg
fplotscolor.code.tex"))
("C:/Users/Admin/AppData/Local/Programs/MiKTeX 2.9/tex/generic/pgfplots/pgfplot
sstackedplots.code.tex")
("C:/Users/Admin/AppData/Local/Programs/MiKTeX 2.9/tex/generic/pgfplots/pgfplot
splothandlers.code.tex"
("C:/Users/Admin/AppData/Local/Programs/MiKTeX 2.9/tex/generic/pgfplots/pgfplot
smeshplothandler.code.tex"
("C:/Users/Admin/AppData/Local/Programs/MiKTeX 2.9/tex/generic/pgfplots/pgfplot
smeshplotimage.code.tex")))
("C:/Users/Admin/AppData/Local/Programs/MiKTeX 2.9/tex/generic/pgfplots/pgfplot
s.scaling.code.tex")
("C:/Users/Admin/AppData/Local/Programs/MiKTeX 2.9/tex/generic/pgfplots/pgfplot
scoordprocessing.code.tex")
("C:/Users/Admin/AppData/Local/Programs/MiKTeX 2.9/tex/generic/pgfplots/pgfplot
s.errorbars.code.tex")
("C:/Users/Admin/AppData/Local/Programs/MiKTeX 2.9/tex/generic/pgfplots/pgfplot
s.markers.code.tex")
("C:/Users/Admin/AppData/Local/Programs/MiKTeX 2.9/tex/generic/pgfplots/pgfplot
sticks.code.tex")
("C:/Users/Admin/AppData/Local/Programs/MiKTeX 2.9/tex/generic/pgfplots/pgfplot
s.paths.code.tex")
("C:/Users/Admin/AppData/Local/Programs/MiKTeX 2.9/tex/generic/pgf/frontendlaye
r/tikz/libraries/tikzlibrarydecorations.pathmorphing.code.tex"
("C:/Users/Admin/AppData/Local/Programs/MiKTeX 2.9/tex/generic/pgf/libraries/de
corations/pgflibrarydecorations.pathmorphing.code.tex"))
\pgfplots@numplots=\count131
\pgfplots@xmin@reg=\dimen174
\pgfplots@xmax@reg=\dimen175
\pgfplots@ymin@reg=\dimen176
\pgfplots@ymax@reg=\dimen177
\pgfplots@zmin@reg=\dimen178
\pgfplots@zmax@reg=\dimen179
)
("C:/Users/Admin/AppData/Local/Programs/MiKTeX 2.9/tex/generic/pgf/frontendlaye
r/tikz/libraries/tikzlibraryplotmarks.code.tex"
File: tikzlibraryplotmarks.code.tex 2019/08/03 v3.1.4b (3.1.4b)

("C:/Users/Admin/AppData/Local/Programs/MiKTeX 2.9/tex/generic/pgf/libraries/pg
flibraryplotmarks.code.tex"
File: pgflibraryplotmarks.code.tex 2019/08/03 v3.1.4b (3.1.4b)
)))
("C:/Users/Admin/AppData/Local/Programs/MiKTeX 2.9/tex/generic/pgfplots/libs/ti
kzlibrarypgfplots.units.code.tex")
("C:/Users/Admin/AppData/Local/Programs/MiKTeX 2.9/tex/latex/tools/indentfirst.
sty"
Package: indentfirst 1995/11/23 v1.03 Indent first paragraph (DPC)
)
("C:/Users/Admin/AppData/Local/Programs/MiKTeX 2.9/tex/latex/was/gensymb.sty"
Package: gensymb 2003/07/02 v1.0 (WaS)
)
("C:/Users/Admin/AppData/Local/Programs/MiKTeX 2.9/tex/generic/pgf/frontendlaye
r/tikz/libraries/tikzlibrarydecorations.markings.code.tex"
("C:/Users/Admin/AppData/Local/Programs/MiKTeX 2.9/tex/generic/pgf/libraries/de
corations/pgflibrarydecorations.markings.code.tex"))
("C:/Users/Admin/AppData/Local/Programs/MiKTeX 2.9/tex/latex/fancyhdr/fancyhdr.
sty"
Package: fancyhdr 2019/01/31 v3.10 Extensive control of page headers and footers

\f@nch@headwidth=\skip51
\f@nch@O@elh=\skip52
\f@nch@O@erh=\skip53
\f@nch@O@olh=\skip54
\f@nch@O@orh=\skip55
\f@nch@O@elf=\skip56
\f@nch@O@erf=\skip57
\f@nch@O@olf=\skip58
\f@nch@O@orf=\skip59
)
("C:/Users/Admin/AppData/Local/Programs/MiKTeX 2.9/tex/latex/tkz-euclide/tkz-eu
clide.sty"
Package: tkz-euclide 2011/06/01 1.16 c for plots 2d 

("C:/Users/Admin/AppData/Local/Programs/MiKTeX 2.9/tex/latex/tkz-base/tkz-base.
sty"
Package: tkz-base 2018/09/19 1.16 d tkz-base

("C:/Users/Admin/AppData/Local/Programs/MiKTeX 2.9/tex/generic/pgf/frontendlaye
r/tikz/libraries/tikzlibrarypositioning.code.tex"
File: tikzlibrarypositioning.code.tex 2019/08/03 v3.1.4b (3.1.4b)
)
("C:/Users/Admin/AppData/Local/Programs/MiKTeX 2.9/tex/generic/pgf/frontendlaye
r/tikz/libraries/tikzlibraryshapes.misc.code.tex"
File: tikzlibraryshapes.misc.code.tex 2019/08/03 v3.1.4b (3.1.4b)

("C:/Users/Admin/AppData/Local/Programs/MiKTeX 2.9/tex/generic/pgf/libraries/sh
apes/pgflibraryshapes.misc.code.tex"
File: pgflibraryshapes.misc.code.tex 2019/08/03 v3.1.4b (3.1.4b)
))
("C:/Users/Admin/AppData/Local/Programs/MiKTeX 2.9/tex/generic/pgf/frontendlaye
r/tikz/libraries/tikzlibrarypatterns.code.tex"
File: tikzlibrarypatterns.code.tex 2019/08/03 v3.1.4b (3.1.4b)

("C:/Users/Admin/AppData/Local/Programs/MiKTeX 2.9/tex/generic/pgf/libraries/pg
flibrarypatterns.code.tex"
File: pgflibrarypatterns.code.tex 2019/08/03 v3.1.4b (3.1.4b)
))
("C:/Users/Admin/AppData/Local/Programs/MiKTeX 2.9/tex/latex/numprint/numprint.
sty"
Package: numprint 2012/08/20 v1.39 Print numbers (HH)

("C:/Users/Admin/AppData/Local/Programs/MiKTeX 2.9/tex/latex/tools/array.sty"
Package: array 2018/12/30 v2.4k Tabular extension package (FMi)
\col@sep=\dimen180
\ar@mcellbox=\box41
\extrarowheight=\dimen181
\NC@list=\toks43
\extratabsurround=\skip60
\backup@length=\skip61
\ar@cellbox=\box42
)
\c@nprt@mantissa@digitsbefore=\count132
\c@nprt@mantissa@digitsafter=\count133
\c@nprt@exponent@digitsbefore=\count134
\c@nprt@exponent@digitsafter=\count135
\nprt@digitwidth=\skip62
\nprt@sepwidth=\skip63
\nprt@decimalwidth=\skip64
\nprt@blockwidth=\skip65
\nprt@digittoks=\toks44
\nprt@pretoks=\toks45
\nprt@posttoks=\toks46
\nprt@thisdigit=\count136
\nprt@curpos=\count137
\nprt@rndpos=\count138
\c@nprt@digitsfirstblock=\count139
\c@nprt@blockcnt=\count140
\c@nprt@cntprint=\count141

No configuration file `numprint.cfg' found.)
("C:/Users/Admin/AppData/Local/Programs/MiKTeX 2.9/tex/latex/fp/fp.sty"
Package: fp 1995/04/02

`Fixed Point Package', Version 0.8, April 2, 1995 (C) Michael Mehlich
("C:/Users/Admin/AppData/Local/Programs/MiKTeX 2.9/tex/latex/fp/defpattern.sty"
Package: defpattern 1994/10/12
\actioncount=\count142
) ("C:/Users/Admin/AppData/Local/Programs/MiKTeX 2.9/tex/latex/fp/fp-basic.sty"
Package: fp-basic 1996/05/13
\FP@xs=\count143
\FP@xia=\count144
\FP@xib=\count145
\FP@xfa=\count146
\FP@xfb=\count147
\FP@rega=\count148
\FP@regb=\count149
\FP@regs=\count150
\FP@times=\count151
) ("C:/Users/Admin/AppData/Local/Programs/MiKTeX 2.9/tex/latex/fp/fp-addons.sty
"
Package: fp-addons 1995/03/15
) ("C:/Users/Admin/AppData/Local/Programs/MiKTeX 2.9/tex/latex/fp/fp-snap.sty"
Package: fp-snap 1995/04/05
) ("C:/Users/Admin/AppData/Local/Programs/MiKTeX 2.9/tex/latex/fp/fp-exp.sty"
Package: fp-exp 1995/04/03
)
("C:/Users/Admin/AppData/Local/Programs/MiKTeX 2.9/tex/latex/fp/fp-trigo.sty"
Package: fp-trigo 1995/04/14
)
("C:/Users/Admin/AppData/Local/Programs/MiKTeX 2.9/tex/latex/fp/fp-pas.sty"
Package: fp-pas 1994/08/29
)
("C:/Users/Admin/AppData/Local/Programs/MiKTeX 2.9/tex/latex/fp/fp-random.sty"
Package: fp-random 1995/02/23
\FPseed=\count152
) ("C:/Users/Admin/AppData/Local/Programs/MiKTeX 2.9/tex/latex/fp/fp-eqn.sty"
Package: fp-eqn 1995/04/03
)
("C:/Users/Admin/AppData/Local/Programs/MiKTeX 2.9/tex/latex/fp/fp-upn.sty"
Package: fp-upn 1996/10/21
)
("C:/Users/Admin/AppData/Local/Programs/MiKTeX 2.9/tex/latex/fp/fp-eval.sty"
Package: fp-eval 1995/04/03
))
\tkzRadius=\dimen182
\tkzLength=\dimen183
\tkz@radi=\dimen184
\tkz@ax=\dimen185
\tkz@ay=\dimen186
\tkz@bx=\dimen187
\tkz@by=\dimen188
\tkz@cx=\dimen189
\tkz@cy=\dimen190
\tkz@dx=\dimen191
\tkz@dy=\dimen192

("C:/Users/Admin/AppData/Local/Programs/MiKTeX 2.9/tex/latex/tkz-base/tkz-tools
-utilities.tex")
("C:/Users/Admin/AppData/Local/Programs/MiKTeX 2.9/tex/latex/tkz-base/tkz-tools
-arith.tex"
File: tkz-tool-arith.tex tkz-tool-arith 1.161 d
)
("C:/Users/Admin/AppData/Local/Programs/MiKTeX 2.9/tex/latex/tkz-base/tkz-tools
-base.tex")
("C:/Users/Admin/AppData/Local/Programs/MiKTeX 2.9/tex/latex/tkz-base/tkz-tools
-misc.tex")
("C:/Users/Admin/AppData/Local/Programs/MiKTeX 2.9/tex/latex/tkz-base/tkz-tools
-math.tex")
("C:/Users/Admin/AppData/Local/Programs/MiKTeX 2.9/tex/latex/tkz-base/tkz-obj-p
oints.tex")
("C:/Users/Admin/AppData/Local/Programs/MiKTeX 2.9/tex/latex/tkz-base/tkz-obj-s
egments.tex")
("C:/Users/Admin/AppData/Local/Programs/MiKTeX 2.9/tex/latex/tkz-base/tkz-obj-m
arks.tex"
\tkz@cntmk=\count153
))
("C:/Users/Admin/AppData/Local/Programs/MiKTeX 2.9/tex/latex/tkz-euclide/tkz-to
ols-intersections.tex")
("C:/Users/Admin/AppData/Local/Programs/MiKTeX 2.9/tex/latex/tkz-euclide/tkz-to
ols-transformations.tex")
("C:/Users/Admin/AppData/Local/Programs/MiKTeX 2.9/tex/latex/tkz-euclide/tkz-ob
j-lines.tex")
("C:/Users/Admin/AppData/Local/Programs/MiKTeX 2.9/tex/latex/tkz-euclide/tkz-li
b-symbols.tex")
("C:/Users/Admin/AppData/Local/Programs/MiKTeX 2.9/tex/latex/tkz-euclide/tkz-ob
j-circles.tex")
("C:/Users/Admin/AppData/Local/Programs/MiKTeX 2.9/tex/latex/tkz-euclide/tkz-ob
j-addpoints.tex"))
("C:/Users/Admin/AppData/Local/Programs/MiKTeX 2.9/tex/latex/nopageno/nopageno.
sty"
Package: nopageno 1989/01/01 no page numbers (DPC)
)
("C:/Users/Admin/AppData/Local/Programs/MiKTeX 2.9/tex/generic/pgf/libraries/pg
flibraryarrows.meta.code.tex"
File: pgflibraryarrows.meta.code.tex 2019/08/03 v3.1.4b (3.1.4b)
\pgfarrowinset=\dimen193
\pgfarrowlength=\dimen194
\pgfarrowwidth=\dimen195
\pgfarrowlinewidth=\dimen196
) (./Abstract.aux)
\openout1 = Abstract.aux

LaTeX Font Info:    Checking defaults for OML/cmm/m/it on input line 59.
LaTeX Font Info:    ... okay on input line 59.
LaTeX Font Info:    Checking defaults for T1/cmr/m/n on input line 59.
LaTeX Font Info:    ... okay on input line 59.
LaTeX Font Info:    Checking defaults for OT1/cmr/m/n on input line 59.
LaTeX Font Info:    ... okay on input line 59.
LaTeX Font Info:    Checking defaults for OMS/cmsy/m/n on input line 59.
LaTeX Font Info:    ... okay on input line 59.
LaTeX Font Info:    Checking defaults for TU/lmr/m/n on input line 59.
LaTeX Font Info:    ... okay on input line 59.
LaTeX Font Info:    Checking defaults for OMX/cmex/m/n on input line 59.
LaTeX Font Info:    ... okay on input line 59.
LaTeX Font Info:    Checking defaults for U/cmr/m/n on input line 59.
LaTeX Font Info:    ... okay on input line 59.

ABD: EveryShipout initializing macros
("C:/Users/Admin/AppData/Local/Programs/MiKTeX 2.9/tex/context/base/mkii/supp-p
df.mkii"
[Loading MPS to PDF converter (version 2006.09.02).]
\scratchcounter=\count154
\scratchdimen=\dimen197
\scratchbox=\box43
\nofMPsegments=\count155
\nofMParguments=\count156
\everyMPshowfont=\toks47
\MPscratchCnt=\count157
\MPscratchDim=\dimen198
\MPnumerator=\count158
\makeMPintoPDFobject=\count159
\everyMPtoPDFconversion=\toks48
)
("C:/Users/Admin/AppData/Local/Programs/MiKTeX 2.9/tex/latex/oberdiek/epstopdf-
base.sty"
Package: epstopdf-base 2016/05/15 v2.6 Base part for package epstopdf

("C:/Users/Admin/AppData/Local/Programs/MiKTeX 2.9/tex/generic/oberdiek/infware
rr.sty"
Package: infwarerr 2016/05/16 v1.4 Providing info/warning/error messages (HO)
)
("C:/Users/Admin/AppData/Local/Programs/MiKTeX 2.9/tex/latex/oberdiek/grfext.st
y"
Package: grfext 2016/05/16 v1.2 Manage graphics extensions (HO)

("C:/Users/Admin/AppData/Local/Programs/MiKTeX 2.9/tex/generic/oberdiek/kvdefin
ekeys.sty"
Package: kvdefinekeys 2016/05/16 v1.4 Define keys (HO)

("C:/Users/Admin/AppData/Local/Programs/MiKTeX 2.9/tex/generic/oberdiek/ltxcmds
.sty"
Package: ltxcmds 2016/05/16 v1.23 LaTeX kernel commands for general use (HO)
)))
("C:/Users/Admin/AppData/Local/Programs/MiKTeX 2.9/tex/latex/oberdiek/kvoptions
.sty"
Package: kvoptions 2016/05/16 v3.12 Key value format for package options (HO)

("C:/Users/Admin/AppData/Local/Programs/MiKTeX 2.9/tex/generic/oberdiek/kvsetke
ys.sty"
Package: kvsetkeys 2016/05/16 v1.17 Key value parser (HO)

("C:/Users/Admin/AppData/Local/Programs/MiKTeX 2.9/tex/generic/oberdiek/etexcmd
s.sty"
Package: etexcmds 2016/05/16 v1.6 Avoid name clashes with e-TeX commands (HO)

("C:/Users/Admin/AppData/Local/Programs/MiKTeX 2.9/tex/generic/oberdiek/ifluate
x.sty"
Package: ifluatex 2016/05/16 v1.4 Provides the ifluatex switch (HO)
Package ifluatex Info: LuaTeX detected.
))))
("C:/Users/Admin/AppData/Local/Programs/MiKTeX 2.9/tex/generic/oberdiek/pdftexc
mds.sty"
Package: pdftexcmds 2019/07/25 v0.30 Utility functions of pdfTeX for LuaTeX (HO)


("C:/Users/Admin/AppData/Local/Programs/MiKTeX 2.9/tex/generic/oberdiek/ifpdf.s
ty"
Package: ifpdf 2018/09/07 v3.3 Provides the ifpdf switch
)
Package pdftexcmds Info: \pdf@primitive is available.
Package pdftexcmds Info: \pdf@ifprimitive is available.
Package pdftexcmds Info: \pdfdraftmode found.
\pdftexcmds@toks=\toks49
)
Package epstopdf-base Info: Redefining graphics rule for `.eps' on input line 43
8.
Package grfext Info: Graphics extension search list:
(grfext)             [.pdf,.png,.jpg,.mps,.jpeg,.jbig2,.jb2,.PDF,.PNG,.JPG,.JPEG
,.JBIG2,.JB2,.eps]
(grfext)             \AppendGraphicsExtensions on input line 456.
)
Package pgfplots notification 'compat/show suggested version=true': you might be
nefit from \pgfplotsset{compat=1.16} (current compat level: 1.10).

LaTeX Info: Redefining \celsius on input line 59.
Package gensymb Info: Faking symbols for \degree and \celsius on input line 59.

Package gensymb Warning: Not defining \perthousand.

LaTeX Info: Redefining \ohm on input line 59.
Package gensymb Info: Using \Omega for \ohm on input line 59.

Package gensymb Warning: Not defining \micro.

[1

{C:/Users/Admin/AppData/Local/MiKTeX/2.9/pdftex/config/pdftex.map}]
(./Abstract.aux))

Here is how much of LuaTeX's memory you used:
 27859 strings out of 494291
 100000,953878 words of node,token memory allocated
 497 words of node memory still in use:
   5 hlist, 2 vlist, 2 rule, 3 glue, 4 kern, 1 glyph, 9 attribute, 52 glue_spec,
 9 attribute_list, 2 write nodes
   avail lists: 1:3,2:111,3:22,4:22,5:99,6:10,7:1743,8:2,9:51,10:12,11:149
 30997 multiletter control sequences out of 65536+200000
 38 fonts using 2634231 bytes
 62i,6n,96p,1171b,282s stack positions out of 5000i,500n,10000p,200000b,50000s
<c:/users/admin/appdata/local/programs/miktex 2.9/fonts/opentype/public/lm/lmmon
o8-regular.otf><c:/users/admin/appdata/local/programs/miktex 2.9/fonts/opentype/
public/lm/lmroman6-regular.otf><c:/users/admin/appdata/local/programs/miktex 2.9
/fonts/opentype/public/lm/lmroman10-regular.otf><c:/users/admin/appdata/local/pr
ograms/miktex 2.9/fonts/opentype/public/lm/lmroman12-italic.otf><c:/users/admin/
appdata/local/programs/miktex 2.9/fonts/opentype/public/lm/lmroman8-regular.otf>
<c:/users/admin/appdata/local/programs/miktex 2.9/fonts/opentype/public/lm/lmrom
an12-regular.otf><c:/users/admin/appdata/local/programs/miktex 2.9/fonts/opentyp
e/public/lm/lmroman12-bold.otf>
Output written on Abstract.pdf (1 page, 31436 bytes).

PDF statistics: 58 PDF objects out of 1000 (max. 8388607)
 0 named destinations out of 1000 (max. 131072)
 16 words of extra memory for PDF output out of 10000 (max. 100000000)

