This is pdfTeX, Version 3.141592653-2.6-1.40.22 (TeX Live 2021) (preloaded format=pdflatex 2021.10.11)  4 DEC 2021 22:09
entering extended mode
 restricted \write18 enabled.
 %&-line parsing enabled.
**"PHYS 482 Final Report Final Draft.tex"
(./PHYS 482 Final Report Final Draft.tex
LaTeX2e <2020-10-01> patch level 4
L3 programming layer <2021-02-18>
(/usr/local/texlive/2021/texmf-dist/tex/latex/base/article.cls
Document Class: article 2020/04/10 v1.4m Standard LaTeX document class
(/usr/local/texlive/2021/texmf-dist/tex/latex/base/size10.clo
File: size10.clo 2020/04/10 v1.4m Standard LaTeX file (size option)
)
\c@part=\count179
\c@section=\count180
\c@subsection=\count181
\c@subsubsection=\count182
\c@paragraph=\count183
\c@subparagraph=\count184
\c@figure=\count185
\c@table=\count186
\abovecaptionskip=\skip47
\belowcaptionskip=\skip48
\bibindent=\dimen138
)
(/usr/local/texlive/2021/texmf-dist/tex/latex/footmisc/footmisc.sty
Package: footmisc 2011/06/06 v5.5b a miscellany of footnote facilities
\FN@temptoken=\toks15
\footnotemargin=\dimen139
\c@pp@next@reset=\count187
Package footmisc Info: Declaring symbol style bringhurst on input line 855.
Package footmisc Info: Declaring symbol style chicago on input line 863.
Package footmisc Info: Declaring symbol style wiley on input line 872.
Package footmisc Info: Declaring symbol style lamport-robust on input line 883.

Package footmisc Info: Declaring symbol style lamport* on input line 903.
Package footmisc Info: Declaring symbol style lamport*-robust on input line 924
.
)
(/usr/local/texlive/2021/texmf-dist/tex/latex/preprint/authblk.sty
Package: authblk 2001/02/27 1.3 (PWD)
\affilsep=\skip49
\@affilsep=\skip50
\c@Maxaffil=\count188
\c@authors=\count189
\c@affil=\count190
)
(/usr/local/texlive/2021/texmf-dist/tex/latex/amsmath/amsmath.sty
Package: amsmath 2020/09/23 v2.17i AMS math features
\@mathmargin=\skip51

For additional information on amsmath, use the `?' option.
(/usr/local/texlive/2021/texmf-dist/tex/latex/amsmath/amstext.sty
Package: amstext 2000/06/29 v2.01 AMS text

(/usr/local/texlive/2021/texmf-dist/tex/latex/amsmath/amsgen.sty
File: amsgen.sty 1999/11/30 v2.0 generic functions
\@emptytoks=\toks16
\ex@=\dimen140
))
(/usr/local/texlive/2021/texmf-dist/tex/latex/amsmath/amsbsy.sty
Package: amsbsy 1999/11/29 v1.2d Bold Symbols
\pmbraise@=\dimen141
)
(/usr/local/texlive/2021/texmf-dist/tex/latex/amsmath/amsopn.sty
Package: amsopn 2016/03/08 v2.02 operator names
)
\inf@bad=\count191
LaTeX Info: Redefining \frac on input line 234.
\uproot@=\count192
\leftroot@=\count193
LaTeX Info: Redefining \overline on input line 399.
\classnum@=\count194
\DOTSCASE@=\count195
LaTeX Info: Redefining \ldots on input line 496.
LaTeX Info: Redefining \dots on input line 499.
LaTeX Info: Redefining \cdots on input line 620.
\Mathstrutbox@=\box47
\strutbox@=\box48
\big@size=\dimen142
LaTeX Font Info:    Redeclaring font encoding OML on input line 743.
LaTeX Font Info:    Redeclaring font encoding OMS on input line 744.
\macc@depth=\count196
\c@MaxMatrixCols=\count197
\dotsspace@=\muskip16
\c@parentequation=\count198
\dspbrk@lvl=\count199
\tag@help=\toks17
\row@=\count266
\column@=\count267
\maxfields@=\count268
\andhelp@=\toks18
\eqnshift@=\dimen143
\alignsep@=\dimen144
\tagshift@=\dimen145
\tagwidth@=\dimen146
\totwidth@=\dimen147
\lineht@=\dimen148
\@envbody=\toks19
\multlinegap=\skip52
\multlinetaggap=\skip53
\mathdisplay@stack=\toks20
LaTeX Info: Redefining \[ on input line 2923.
LaTeX Info: Redefining \] on input line 2924.
)
(/usr/local/texlive/2021/texmf-dist/tex/latex/setspace/setspace.sty
Package: setspace 2011/12/19 v6.7a set line spacing
)
(/usr/local/texlive/2021/texmf-dist/tex/latex/url/url.sty
\Urlmuskip=\muskip17
Package: url 2013/09/16  ver 3.4  Verb mode for urls, etc.
)
(/usr/local/texlive/2021/texmf-dist/tex/latex/amscls/amsthm.sty
Package: amsthm 2020/05/29 v2.20.6
\thm@style=\toks21
\thm@bodyfont=\toks22
\thm@headfont=\toks23
\thm@notefont=\toks24
\thm@headpunct=\toks25
\thm@preskip=\skip54
\thm@postskip=\skip55
\thm@headsep=\skip56
\dth@everypar=\toks26
)
(/usr/local/texlive/2021/texmf-dist/tex/latex/pgf/frontendlayer/tikz.sty
(/usr/local/texlive/2021/texmf-dist/tex/latex/pgf/basiclayer/pgf.sty
(/usr/local/texlive/2021/texmf-dist/tex/latex/pgf/utilities/pgfrcs.sty
(/usr/local/texlive/2021/texmf-dist/tex/generic/pgf/utilities/pgfutil-common.te
x
\pgfutil@everybye=\toks27
\pgfutil@tempdima=\dimen149
\pgfutil@tempdimb=\dimen150

(/usr/local/texlive/2021/texmf-dist/tex/generic/pgf/utilities/pgfutil-common-li
sts.tex))
(/usr/local/texlive/2021/texmf-dist/tex/generic/pgf/utilities/pgfutil-latex.def
\pgfutil@abb=\box49
) (/usr/local/texlive/2021/texmf-dist/tex/generic/pgf/utilities/pgfrcs.code.tex
(/usr/local/texlive/2021/texmf-dist/tex/generic/pgf/pgf.revision.tex)
Package: pgfrcs 2020/12/27 v3.1.8b (3.1.8b)
))
Package: pgf 2020/12/27 v3.1.8b (3.1.8b)

(/usr/local/texlive/2021/texmf-dist/tex/latex/pgf/basiclayer/pgfcore.sty
(/usr/local/texlive/2021/texmf-dist/tex/latex/graphics/graphicx.sty
Package: graphicx 2020/09/09 v1.2b Enhanced LaTeX Graphics (DPC,SPQR)

(/usr/local/texlive/2021/texmf-dist/tex/latex/graphics/keyval.sty
Package: keyval 2014/10/28 v1.15 key=value parser (DPC)
\KV@toks@=\toks28
)
(/usr/local/texlive/2021/texmf-dist/tex/latex/graphics/graphics.sty
Package: graphics 2020/08/30 v1.4c Standard LaTeX Graphics (DPC,SPQR)

(/usr/local/texlive/2021/texmf-dist/tex/latex/graphics/trig.sty
Package: trig 2016/01/03 v1.10 sin cos tan (DPC)
)
(/usr/local/texlive/2021/texmf-dist/tex/latex/graphics-cfg/graphics.cfg
File: graphics.cfg 2016/06/04 v1.11 sample graphics configuration
)
Package graphics Info: Driver file: pdftex.def on input line 105.

(/usr/local/texlive/2021/texmf-dist/tex/latex/graphics-def/pdftex.def
File: pdftex.def 2020/10/05 v1.2a Graphics/color driver for pdftex
))
\Gin@req@height=\dimen151
\Gin@req@width=\dimen152
)
(/usr/local/texlive/2021/texmf-dist/tex/latex/pgf/systemlayer/pgfsys.sty
(/usr/local/texlive/2021/texmf-dist/tex/generic/pgf/systemlayer/pgfsys.code.tex
Package: pgfsys 2020/12/27 v3.1.8b (3.1.8b)
(/usr/local/texlive/2021/texmf-dist/tex/generic/pgf/utilities/pgfkeys.code.tex
\pgfkeys@pathtoks=\toks29
\pgfkeys@temptoks=\toks30

(/usr/local/texlive/2021/texmf-dist/tex/generic/pgf/utilities/pgfkeysfiltered.c
ode.tex
\pgfkeys@tmptoks=\toks31
))
\pgf@x=\dimen153
\pgf@y=\dimen154
\pgf@xa=\dimen155
\pgf@ya=\dimen156
\pgf@xb=\dimen157
\pgf@yb=\dimen158
\pgf@xc=\dimen159
\pgf@yc=\dimen160
\pgf@xd=\dimen161
\pgf@yd=\dimen162
\w@pgf@writea=\write3
\r@pgf@reada=\read2
\c@pgf@counta=\count269
\c@pgf@countb=\count270
\c@pgf@countc=\count271
\c@pgf@countd=\count272
\t@pgf@toka=\toks32
\t@pgf@tokb=\toks33
\t@pgf@tokc=\toks34
\pgf@sys@id@count=\count273

(/usr/local/texlive/2021/texmf-dist/tex/generic/pgf/systemlayer/pgf.cfg
File: pgf.cfg 2020/12/27 v3.1.8b (3.1.8b)
)
Driver file for pgf: pgfsys-pdftex.def

(/usr/local/texlive/2021/texmf-dist/tex/generic/pgf/systemlayer/pgfsys-pdftex.d
ef
File: pgfsys-pdftex.def 2020/12/27 v3.1.8b (3.1.8b)

(/usr/local/texlive/2021/texmf-dist/tex/generic/pgf/systemlayer/pgfsys-common-p
df.def
File: pgfsys-common-pdf.def 2020/12/27 v3.1.8b (3.1.8b)
)))
(/usr/local/texlive/2021/texmf-dist/tex/generic/pgf/systemlayer/pgfsyssoftpath.
code.tex
File: pgfsyssoftpath.code.tex 2020/12/27 v3.1.8b (3.1.8b)
\pgfsyssoftpath@smallbuffer@items=\count274
\pgfsyssoftpath@bigbuffer@items=\count275
)
(/usr/local/texlive/2021/texmf-dist/tex/generic/pgf/systemlayer/pgfsysprotocol.
code.tex
File: pgfsysprotocol.code.tex 2020/12/27 v3.1.8b (3.1.8b)
)) (/usr/local/texlive/2021/texmf-dist/tex/latex/xcolor/xcolor.sty
Package: xcolor 2016/05/11 v2.12 LaTeX color extensions (UK)

(/usr/local/texlive/2021/texmf-dist/tex/latex/graphics-cfg/color.cfg
File: color.cfg 2016/01/02 v1.6 sample color configuration
)
Package xcolor Info: Driver file: pdftex.def on input line 225.
Package xcolor Info: Model `cmy' substituted by `cmy0' on input line 1348.
Package xcolor Info: Model `hsb' substituted by `rgb' on input line 1352.
Package xcolor Info: Model `RGB' extended on input line 1364.
Package xcolor Info: Model `HTML' substituted by `rgb' on input line 1366.
Package xcolor Info: Model `Hsb' substituted by `hsb' on input line 1367.
Package xcolor Info: Model `tHsb' substituted by `hsb' on input line 1368.
Package xcolor Info: Model `HSB' substituted by `hsb' on input line 1369.
Package xcolor Info: Model `Gray' substituted by `gray' on input line 1370.
Package xcolor Info: Model `wave' substituted by `hsb' on input line 1371.
)
(/usr/local/texlive/2021/texmf-dist/tex/generic/pgf/basiclayer/pgfcore.code.tex
Package: pgfcore 2020/12/27 v3.1.8b (3.1.8b)
(/usr/local/texlive/2021/texmf-dist/tex/generic/pgf/math/pgfmath.code.tex
(/usr/local/texlive/2021/texmf-dist/tex/generic/pgf/math/pgfmathcalc.code.tex
(/usr/local/texlive/2021/texmf-dist/tex/generic/pgf/math/pgfmathutil.code.tex)
(/usr/local/texlive/2021/texmf-dist/tex/generic/pgf/math/pgfmathparser.code.tex
\pgfmath@dimen=\dimen163
\pgfmath@count=\count276
\pgfmath@box=\box50
\pgfmath@toks=\toks35
\pgfmath@stack@operand=\toks36
\pgfmath@stack@operation=\toks37
)
(/usr/local/texlive/2021/texmf-dist/tex/generic/pgf/math/pgfmathfunctions.code.
tex
(/usr/local/texlive/2021/texmf-dist/tex/generic/pgf/math/pgfmathfunctions.basic
.code.tex)
(/usr/local/texlive/2021/texmf-dist/tex/generic/pgf/math/pgfmathfunctions.trigo
nometric.code.tex)
(/usr/local/texlive/2021/texmf-dist/tex/generic/pgf/math/pgfmathfunctions.rando
m.code.tex)
(/usr/local/texlive/2021/texmf-dist/tex/generic/pgf/math/pgfmathfunctions.compa
rison.code.tex)
(/usr/local/texlive/2021/texmf-dist/tex/generic/pgf/math/pgfmathfunctions.base.
code.tex)
(/usr/local/texlive/2021/texmf-dist/tex/generic/pgf/math/pgfmathfunctions.round
.code.tex)
(/usr/local/texlive/2021/texmf-dist/tex/generic/pgf/math/pgfmathfunctions.misc.
code.tex)
(/usr/local/texlive/2021/texmf-dist/tex/generic/pgf/math/pgfmathfunctions.integ
erarithmetics.code.tex)))
(/usr/local/texlive/2021/texmf-dist/tex/generic/pgf/math/pgfmathfloat.code.tex
\c@pgfmathroundto@lastzeros=\count277
)) (/usr/local/texlive/2021/texmf-dist/tex/generic/pgf/math/pgfint.code.tex)
(/usr/local/texlive/2021/texmf-dist/tex/generic/pgf/basiclayer/pgfcorepoints.co
de.tex
File: pgfcorepoints.code.tex 2020/12/27 v3.1.8b (3.1.8b)
\pgf@picminx=\dimen164
\pgf@picmaxx=\dimen165
\pgf@picminy=\dimen166
\pgf@picmaxy=\dimen167
\pgf@pathminx=\dimen168
\pgf@pathmaxx=\dimen169
\pgf@pathminy=\dimen170
\pgf@pathmaxy=\dimen171
\pgf@xx=\dimen172
\pgf@xy=\dimen173
\pgf@yx=\dimen174
\pgf@yy=\dimen175
\pgf@zx=\dimen176
\pgf@zy=\dimen177
)
(/usr/local/texlive/2021/texmf-dist/tex/generic/pgf/basiclayer/pgfcorepathconst
ruct.code.tex
File: pgfcorepathconstruct.code.tex 2020/12/27 v3.1.8b (3.1.8b)
\pgf@path@lastx=\dimen178
\pgf@path@lasty=\dimen179
)
(/usr/local/texlive/2021/texmf-dist/tex/generic/pgf/basiclayer/pgfcorepathusage
.code.tex
File: pgfcorepathusage.code.tex 2020/12/27 v3.1.8b (3.1.8b)
\pgf@shorten@end@additional=\dimen180
\pgf@shorten@start@additional=\dimen181
)
(/usr/local/texlive/2021/texmf-dist/tex/generic/pgf/basiclayer/pgfcorescopes.co
de.tex
File: pgfcorescopes.code.tex 2020/12/27 v3.1.8b (3.1.8b)
\pgfpic=\box51
\pgf@hbox=\box52
\pgf@layerbox@main=\box53
\pgf@picture@serial@count=\count278
)
(/usr/local/texlive/2021/texmf-dist/tex/generic/pgf/basiclayer/pgfcoregraphicst
ate.code.tex
File: pgfcoregraphicstate.code.tex 2020/12/27 v3.1.8b (3.1.8b)
\pgflinewidth=\dimen182
)
(/usr/local/texlive/2021/texmf-dist/tex/generic/pgf/basiclayer/pgfcoretransform
ations.code.tex
File: pgfcoretransformations.code.tex 2020/12/27 v3.1.8b (3.1.8b)
\pgf@pt@x=\dimen183
\pgf@pt@y=\dimen184
\pgf@pt@temp=\dimen185
)
(/usr/local/texlive/2021/texmf-dist/tex/generic/pgf/basiclayer/pgfcorequick.cod
e.tex
File: pgfcorequick.code.tex 2020/12/27 v3.1.8b (3.1.8b)
)
(/usr/local/texlive/2021/texmf-dist/tex/generic/pgf/basiclayer/pgfcoreobjects.c
ode.tex
File: pgfcoreobjects.code.tex 2020/12/27 v3.1.8b (3.1.8b)
)
(/usr/local/texlive/2021/texmf-dist/tex/generic/pgf/basiclayer/pgfcorepathproce
ssing.code.tex
File: pgfcorepathprocessing.code.tex 2020/12/27 v3.1.8b (3.1.8b)
)
(/usr/local/texlive/2021/texmf-dist/tex/generic/pgf/basiclayer/pgfcorearrows.co
de.tex
File: pgfcorearrows.code.tex 2020/12/27 v3.1.8b (3.1.8b)
\pgfarrowsep=\dimen186
)
(/usr/local/texlive/2021/texmf-dist/tex/generic/pgf/basiclayer/pgfcoreshade.cod
e.tex
File: pgfcoreshade.code.tex 2020/12/27 v3.1.8b (3.1.8b)
\pgf@max=\dimen187
\pgf@sys@shading@range@num=\count279
\pgf@shadingcount=\count280
)
(/usr/local/texlive/2021/texmf-dist/tex/generic/pgf/basiclayer/pgfcoreimage.cod
e.tex
File: pgfcoreimage.code.tex 2020/12/27 v3.1.8b (3.1.8b)

(/usr/local/texlive/2021/texmf-dist/tex/generic/pgf/basiclayer/pgfcoreexternal.
code.tex
File: pgfcoreexternal.code.tex 2020/12/27 v3.1.8b (3.1.8b)
\pgfexternal@startupbox=\box54
))
(/usr/local/texlive/2021/texmf-dist/tex/generic/pgf/basiclayer/pgfcorelayers.co
de.tex
File: pgfcorelayers.code.tex 2020/12/27 v3.1.8b (3.1.8b)
)
(/usr/local/texlive/2021/texmf-dist/tex/generic/pgf/basiclayer/pgfcoretranspare
ncy.code.tex
File: pgfcoretransparency.code.tex 2020/12/27 v3.1.8b (3.1.8b)
)
(/usr/local/texlive/2021/texmf-dist/tex/generic/pgf/basiclayer/pgfcorepatterns.
code.tex
File: pgfcorepatterns.code.tex 2020/12/27 v3.1.8b (3.1.8b)
)
(/usr/local/texlive/2021/texmf-dist/tex/generic/pgf/basiclayer/pgfcorerdf.code.
tex
File: pgfcorerdf.code.tex 2020/12/27 v3.1.8b (3.1.8b)
)))
(/usr/local/texlive/2021/texmf-dist/tex/generic/pgf/modules/pgfmoduleshapes.cod
e.tex
File: pgfmoduleshapes.code.tex 2020/12/27 v3.1.8b (3.1.8b)
\pgfnodeparttextbox=\box55
)
(/usr/local/texlive/2021/texmf-dist/tex/generic/pgf/modules/pgfmoduleplot.code.
tex
File: pgfmoduleplot.code.tex 2020/12/27 v3.1.8b (3.1.8b)
)
(/usr/local/texlive/2021/texmf-dist/tex/latex/pgf/compatibility/pgfcomp-version
-0-65.sty
Package: pgfcomp-version-0-65 2020/12/27 v3.1.8b (3.1.8b)
\pgf@nodesepstart=\dimen188
\pgf@nodesepend=\dimen189
)
(/usr/local/texlive/2021/texmf-dist/tex/latex/pgf/compatibility/pgfcomp-version
-1-18.sty
Package: pgfcomp-version-1-18 2020/12/27 v3.1.8b (3.1.8b)
))
(/usr/local/texlive/2021/texmf-dist/tex/latex/pgf/utilities/pgffor.sty
(/usr/local/texlive/2021/texmf-dist/tex/latex/pgf/utilities/pgfkeys.sty
(/usr/local/texlive/2021/texmf-dist/tex/generic/pgf/utilities/pgfkeys.code.tex)
) (/usr/local/texlive/2021/texmf-dist/tex/latex/pgf/math/pgfmath.sty
(/usr/local/texlive/2021/texmf-dist/tex/generic/pgf/math/pgfmath.code.tex))
(/usr/local/texlive/2021/texmf-dist/tex/generic/pgf/utilities/pgffor.code.tex
Package: pgffor 2020/12/27 v3.1.8b (3.1.8b)

(/usr/local/texlive/2021/texmf-dist/tex/generic/pgf/math/pgfmath.code.tex)
\pgffor@iter=\dimen190
\pgffor@skip=\dimen191
\pgffor@stack=\toks38
\pgffor@toks=\toks39
))
(/usr/local/texlive/2021/texmf-dist/tex/generic/pgf/frontendlayer/tikz/tikz.cod
e.tex
Package: tikz 2020/12/27 v3.1.8b (3.1.8b)

(/usr/local/texlive/2021/texmf-dist/tex/generic/pgf/libraries/pgflibraryplothan
dlers.code.tex
File: pgflibraryplothandlers.code.tex 2020/12/27 v3.1.8b (3.1.8b)
\pgf@plot@mark@count=\count281
\pgfplotmarksize=\dimen192
)
\tikz@lastx=\dimen193
\tikz@lasty=\dimen194
\tikz@lastxsaved=\dimen195
\tikz@lastysaved=\dimen196
\tikz@lastmovetox=\dimen197
\tikz@lastmovetoy=\dimen198
\tikzleveldistance=\dimen199
\tikzsiblingdistance=\dimen256
\tikz@figbox=\box56
\tikz@figbox@bg=\box57
\tikz@tempbox=\box58
\tikz@tempbox@bg=\box59
\tikztreelevel=\count282
\tikznumberofchildren=\count283
\tikznumberofcurrentchild=\count284
\tikz@fig@count=\count285

(/usr/local/texlive/2021/texmf-dist/tex/generic/pgf/modules/pgfmodulematrix.cod
e.tex
File: pgfmodulematrix.code.tex 2020/12/27 v3.1.8b (3.1.8b)
\pgfmatrixcurrentrow=\count286
\pgfmatrixcurrentcolumn=\count287
\pgf@matrix@numberofcolumns=\count288
)
\tikz@expandcount=\count289

(/usr/local/texlive/2021/texmf-dist/tex/generic/pgf/frontendlayer/tikz/librarie
s/tikzlibrarytopaths.code.tex
File: tikzlibrarytopaths.code.tex 2020/12/27 v3.1.8b (3.1.8b)
)))
(/usr/local/texlive/2021/texmf-dist/tex/generic/pgf/frontendlayer/tikz/librarie
s/tikzlibraryshapes.geometric.code.tex
File: tikzlibraryshapes.geometric.code.tex 2020/12/27 v3.1.8b (3.1.8b)

(/usr/local/texlive/2021/texmf-dist/tex/generic/pgf/libraries/shapes/pgflibrary
shapes.geometric.code.tex
File: pgflibraryshapes.geometric.code.tex 2020/12/27 v3.1.8b (3.1.8b)
))
(/usr/local/texlive/2021/texmf-dist/tex/generic/pgf/frontendlayer/tikz/librarie
s/tikzlibraryarrows.code.tex
File: tikzlibraryarrows.code.tex 2020/12/27 v3.1.8b (3.1.8b)

(/usr/local/texlive/2021/texmf-dist/tex/generic/pgf/libraries/pgflibraryarrows.
code.tex
File: pgflibraryarrows.code.tex 2020/12/27 v3.1.8b (3.1.8b)
\arrowsize=\dimen257
))
(/usr/local/texlive/2021/texmf-dist/tex/generic/pgf/frontendlayer/tikz/librarie
s/tikzlibrarydecorations.pathreplacing.code.tex
(/usr/local/texlive/2021/texmf-dist/tex/generic/pgf/frontendlayer/tikz/librarie
s/tikzlibrarydecorations.code.tex
(/usr/local/texlive/2021/texmf-dist/tex/generic/pgf/modules/pgfmoduledecoration
s.code.tex
\pgfdecoratedcompleteddistance=\dimen258
\pgfdecoratedremainingdistance=\dimen259
\pgfdecoratedinputsegmentcompleteddistance=\dimen260
\pgfdecoratedinputsegmentremainingdistance=\dimen261
\pgf@decorate@distancetomove=\dimen262
\pgf@decorate@repeatstate=\count290
\pgfdecorationsegmentamplitude=\dimen263
\pgfdecorationsegmentlength=\dimen264
)
\tikz@lib@dec@box=\box60
)
(/usr/local/texlive/2021/texmf-dist/tex/generic/pgf/libraries/decorations/pgfli
brarydecorations.pathreplacing.code.tex))
(/usr/local/texlive/2021/texmf-dist/tex/generic/pgf/frontendlayer/tikz/librarie
s/tikzlibrarycalc.code.tex
File: tikzlibrarycalc.code.tex 2020/12/27 v3.1.8b (3.1.8b)
)
(/usr/local/texlive/2021/texmf-dist/tex/latex/pgfplots/pgfplots.sty
(/usr/local/texlive/2021/texmf-dist/tex/generic/pgfplots/pgfplots.revision.tex)
Package: pgfplots 2020/02/29 v1.17 Data Visualization (1.17)
(/usr/local/texlive/2021/texmf-dist/tex/generic/pgfplots/pgfplots.code.tex
(/usr/local/texlive/2021/texmf-dist/tex/generic/pgfplots/pgfplotscore.code.tex
\t@pgfplots@toka=\toks40
\t@pgfplots@tokb=\toks41
\t@pgfplots@tokc=\toks42
\pgfplots@tmpa=\dimen265
\c@pgfplots@coordindex=\count291
\c@pgfplots@scanlineindex=\count292

(/usr/local/texlive/2021/texmf-dist/tex/generic/pgfplots/sys/pgfplotssysgeneric
.code.tex))
(/usr/local/texlive/2021/texmf-dist/tex/generic/pgfplots/libs/pgfplotslibrary.c
ode.tex)
(/usr/local/texlive/2021/texmf-dist/tex/generic/pgfplots/oldpgfcompatib/pgfplot
soldpgfsupp_loader.code.tex
(/usr/local/texlive/2021/texmf-dist/tex/generic/pgf/libraries/pgflibraryfpu.cod
e.tex))
(/usr/local/texlive/2021/texmf-dist/tex/generic/pgfplots/util/pgfplotsutil.code
.tex
(/usr/local/texlive/2021/texmf-dist/tex/generic/pgfplots/liststructure/pgfplots
liststructure.code.tex)
(/usr/local/texlive/2021/texmf-dist/tex/generic/pgfplots/liststructure/pgfplots
liststructureext.code.tex)
(/usr/local/texlive/2021/texmf-dist/tex/generic/pgfplots/liststructure/pgfplots
array.code.tex
\c@pgfplotsarray@tmp=\count293
)
(/usr/local/texlive/2021/texmf-dist/tex/generic/pgfplots/liststructure/pgfplots
matrix.code.tex)
(/usr/local/texlive/2021/texmf-dist/tex/generic/pgfplots/numtable/pgfplotstable
shared.code.tex
\c@pgfplotstable@counta=\count294
\t@pgfplotstable@a=\toks43
)
(/usr/local/texlive/2021/texmf-dist/tex/generic/pgfplots/liststructure/pgfplots
deque.code.tex)
(/usr/local/texlive/2021/texmf-dist/tex/generic/pgfplots/util/pgfplotsbinary.co
de.tex
(/usr/local/texlive/2021/texmf-dist/tex/generic/pgfplots/util/pgfplotsbinary.da
ta.code.tex))
(/usr/local/texlive/2021/texmf-dist/tex/generic/pgfplots/util/pgfplotsutil.verb
.code.tex)
(/usr/local/texlive/2021/texmf-dist/tex/generic/pgfplots/libs/pgflibrarypgfplot
s.surfshading.code.tex
\c@pgfplotslibrarysurf@no=\count295

(/usr/local/texlive/2021/texmf-dist/tex/generic/pgfplots/sys/pgflibrarypgfplots
.surfshading.pgfsys-pdftex.def)))
(/usr/local/texlive/2021/texmf-dist/tex/generic/pgfplots/util/pgfplotscolormap.
code.tex
(/usr/local/texlive/2021/texmf-dist/tex/generic/pgfplots/util/pgfplotscolor.cod
e.tex))
(/usr/local/texlive/2021/texmf-dist/tex/generic/pgfplots/pgfplotsstackedplots.c
ode.tex)
(/usr/local/texlive/2021/texmf-dist/tex/generic/pgfplots/pgfplotsplothandlers.c
ode.tex
(/usr/local/texlive/2021/texmf-dist/tex/generic/pgfplots/pgfplotsmeshplothandle
r.code.tex
(/usr/local/texlive/2021/texmf-dist/tex/generic/pgfplots/pgfplotsmeshplotimage.
code.tex)))
(/usr/local/texlive/2021/texmf-dist/tex/generic/pgfplots/pgfplots.scaling.code.
tex)
(/usr/local/texlive/2021/texmf-dist/tex/generic/pgfplots/pgfplotscoordprocessin
g.code.tex)
(/usr/local/texlive/2021/texmf-dist/tex/generic/pgfplots/pgfplots.errorbars.cod
e.tex)
(/usr/local/texlive/2021/texmf-dist/tex/generic/pgfplots/pgfplots.markers.code.
tex)
(/usr/local/texlive/2021/texmf-dist/tex/generic/pgfplots/pgfplotsticks.code.tex
)
(/usr/local/texlive/2021/texmf-dist/tex/generic/pgfplots/pgfplots.paths.code.te
x)
(/usr/local/texlive/2021/texmf-dist/tex/generic/pgf/frontendlayer/tikz/librarie
s/tikzlibrarydecorations.pathmorphing.code.tex
(/usr/local/texlive/2021/texmf-dist/tex/generic/pgf/libraries/decorations/pgfli
brarydecorations.pathmorphing.code.tex))
\pgfplots@numplots=\count296
\pgfplots@xmin@reg=\dimen266
\pgfplots@xmax@reg=\dimen267
\pgfplots@ymin@reg=\dimen268
\pgfplots@ymax@reg=\dimen269
\pgfplots@zmin@reg=\dimen270
\pgfplots@zmax@reg=\dimen271
)
(/usr/local/texlive/2021/texmf-dist/tex/generic/pgf/frontendlayer/tikz/librarie
s/tikzlibraryplotmarks.code.tex
File: tikzlibraryplotmarks.code.tex 2020/12/27 v3.1.8b (3.1.8b)

(/usr/local/texlive/2021/texmf-dist/tex/generic/pgf/libraries/pgflibraryplotmar
ks.code.tex
File: pgflibraryplotmarks.code.tex 2020/12/27 v3.1.8b (3.1.8b)
)))
(/usr/local/texlive/2021/texmf-dist/tex/generic/pgfplots/libs/tikzlibrarypgfplo
ts.units.code.tex)
(/usr/local/texlive/2021/texmf-dist/tex/latex/tools/indentfirst.sty
Package: indentfirst 1995/11/23 v1.03 Indent first paragraph (DPC)
)
(/usr/local/texlive/2021/texmf-dist/tex/latex/was/gensymb.sty
Package: gensymb 2003/07/02 v1.0 (WaS)
)
(/usr/local/texlive/2021/texmf-dist/tex/latex/amsfonts/amsfonts.sty
Package: amsfonts 2013/01/14 v3.01 Basic AMSFonts support
\symAMSa=\mathgroup4
\symAMSb=\mathgroup5
LaTeX Font Info:    Redeclaring math symbol \hbar on input line 98.
LaTeX Font Info:    Overwriting math alphabet `\mathfrak' in version `bold'
(Font)                  U/euf/m/n --> U/euf/b/n on input line 106.
)
(/usr/local/texlive/2021/texmf-dist/tex/latex/amsfonts/amssymb.sty
Package: amssymb 2013/01/14 v3.01 AMS font symbols
)
(/usr/local/texlive/2021/texmf-dist/tex/latex/braket/braket.sty)
(/usr/local/texlive/2021/texmf-dist/tex/generic/pgf/frontendlayer/tikz/librarie
s/tikzlibrarydecorations.markings.code.tex
(/usr/local/texlive/2021/texmf-dist/tex/generic/pgf/libraries/decorations/pgfli
brarydecorations.markings.code.tex))
(/usr/local/texlive/2021/texmf-dist/tex/latex/fancyhdr/fancyhdr.sty
Package: fancyhdr 2021/01/28 v4.0.1 Extensive control of page headers and foote
rs
\f@nch@headwidth=\skip57
\f@nch@O@elh=\skip58
\f@nch@O@erh=\skip59
\f@nch@O@olh=\skip60
\f@nch@O@orh=\skip61
\f@nch@O@elf=\skip62
\f@nch@O@erf=\skip63
\f@nch@O@olf=\skip64
\f@nch@O@orf=\skip65
)
(/usr/local/texlive/2021/texmf-dist/tex/latex/tkz-euclide/tkz-euclide.sty
2020/03/18 3.06c tkz-euclide.sty
Package: tkz-euclide 2020/03/18 3.06c for euclidan geometry 
(/usr/local/texlive/2021/texmf-dist/tex/latex/tkz-base/tkz-base.sty
2020/03/18 3.06c tkz-base.sty
Package: tkz-base 2020/03/18 3.06c tkz-base

(/usr/local/texlive/2021/texmf-dist/tex/generic/pgf/frontendlayer/tikz/librarie
s/tikzlibraryangles.code.tex
File: tikzlibraryangles.code.tex 2020/12/27 v3.1.8b (3.1.8b)
)
(/usr/local/texlive/2021/texmf-dist/tex/generic/pgf/libraries/pgflibraryarrows.
meta.code.tex
File: pgflibraryarrows.meta.code.tex 2020/12/27 v3.1.8b (3.1.8b)
\pgfarrowinset=\dimen272
\pgfarrowlength=\dimen273
\pgfarrowwidth=\dimen274
\pgfarrowlinewidth=\dimen275
)
(/usr/local/texlive/2021/texmf-dist/tex/generic/pgf/frontendlayer/tikz/librarie
s/tikzlibrarybabel.code.tex
File: tikzlibrarybabel.code.tex 2020/12/27 v3.1.8b (3.1.8b)
)
(/usr/local/texlive/2021/texmf-dist/tex/generic/pgf/frontendlayer/tikz/librarie
s/tikzlibrarydecorations.shapes.code.tex
(/usr/local/texlive/2021/texmf-dist/tex/generic/pgf/libraries/decorations/pgfli
brarydecorations.shapes.code.tex))
(/usr/local/texlive/2021/texmf-dist/tex/generic/pgf/frontendlayer/tikz/librarie
s/tikzlibrarydecorations.text.code.tex
(/usr/local/texlive/2021/texmf-dist/tex/generic/pgf/libraries/decorations/pgfli
brarydecorations.text.code.tex
\pgf@lib@dec@text@box=\box61
)
\tikz@lib@dec@te@box=\box62
)
(/usr/local/texlive/2021/texmf-dist/tex/generic/pgf/frontendlayer/tikz/librarie
s/tikzlibraryintersections.code.tex
(/usr/local/texlive/2021/texmf-dist/tex/generic/pgf/libraries/pgflibraryinterse
ctions.code.tex
\pgf@intersect@solutions=\count297
))
(/usr/local/texlive/2021/texmf-dist/tex/generic/pgf/frontendlayer/tikz/librarie
s/tikzlibrarypatterns.code.tex
File: tikzlibrarypatterns.code.tex 2020/12/27 v3.1.8b (3.1.8b)

(/usr/local/texlive/2021/texmf-dist/tex/generic/pgf/libraries/pgflibrarypattern
s.code.tex
File: pgflibrarypatterns.code.tex 2020/12/27 v3.1.8b (3.1.8b)
))
(/usr/local/texlive/2021/texmf-dist/tex/generic/pgf/frontendlayer/tikz/librarie
s/tikzlibrarypositioning.code.tex
File: tikzlibrarypositioning.code.tex 2020/12/27 v3.1.8b (3.1.8b)
)
(/usr/local/texlive/2021/texmf-dist/tex/generic/pgf/frontendlayer/tikz/librarie
s/tikzlibraryquotes.code.tex
File: tikzlibraryquotes.code.tex 2020/12/27 v3.1.8b (3.1.8b)
)
(/usr/local/texlive/2021/texmf-dist/tex/generic/pgf/frontendlayer/tikz/librarie
s/tikzlibraryshadows.code.tex
File: tikzlibraryshadows.code.tex 2020/12/27 v3.1.8b (3.1.8b)

(/usr/local/texlive/2021/texmf-dist/tex/generic/pgf/frontendlayer/tikz/librarie
s/tikzlibraryfadings.code.tex
File: tikzlibraryfadings.code.tex 2020/12/27 v3.1.8b (3.1.8b)

(/usr/local/texlive/2021/texmf-dist/tex/generic/pgf/libraries/pgflibraryfadings
.code.tex
File: pgflibraryfadings.code.tex 2020/12/27 v3.1.8b (3.1.8b)
)))
(/usr/local/texlive/2021/texmf-dist/tex/generic/pgf/frontendlayer/tikz/librarie
s/tikzlibraryshapes.misc.code.tex
File: tikzlibraryshapes.misc.code.tex 2020/12/27 v3.1.8b (3.1.8b)

(/usr/local/texlive/2021/texmf-dist/tex/generic/pgf/libraries/shapes/pgflibrary
shapes.misc.code.tex
File: pgflibraryshapes.misc.code.tex 2020/12/27 v3.1.8b (3.1.8b)
))
(/usr/local/texlive/2021/texmf-dist/tex/generic/pgf/frontendlayer/tikz/librarie
s/tikzlibrarythrough.code.tex
File: tikzlibrarythrough.code.tex 2020/12/27 v3.1.8b (3.1.8b)
)
(/usr/local/texlive/2021/texmf-dist/tex/latex/numprint/numprint.sty
Package: numprint 2012/08/20 v1.39 Print numbers (HH)

(/usr/local/texlive/2021/texmf-dist/tex/latex/tools/array.sty
Package: array 2020/10/01 v2.5c Tabular extension package (FMi)
\col@sep=\dimen276
\ar@mcellbox=\box63
\extrarowheight=\dimen277
\NC@list=\toks44
\extratabsurround=\skip66
\backup@length=\skip67
\ar@cellbox=\box64
)
\c@nprt@mantissa@digitsbefore=\count298
\c@nprt@mantissa@digitsafter=\count299
\c@nprt@exponent@digitsbefore=\count300
\c@nprt@exponent@digitsafter=\count301
\nprt@digitwidth=\skip68
\nprt@sepwidth=\skip69
\nprt@decimalwidth=\skip70
\nprt@blockwidth=\skip71
\nprt@digittoks=\toks45
\nprt@pretoks=\toks46
\nprt@posttoks=\toks47
\nprt@thisdigit=\count302
\nprt@curpos=\count303
\nprt@rndpos=\count304
\c@nprt@digitsfirstblock=\count305
\c@nprt@blockcnt=\count306
\c@nprt@cntprint=\count307

No configuration file `numprint.cfg' found.)
(/usr/local/texlive/2021/texmf-dist/tex/latex/l3packages/xfp/xfp.sty
(/usr/local/texlive/2021/texmf-dist/tex/latex/l3kernel/expl3.sty
Package: expl3 2021-02-18 L3 programming layer (loader) 

(/usr/local/texlive/2021/texmf-dist/tex/latex/l3backend/l3backend-pdftex.def
File: l3backend-pdftex.def 2021-03-18 L3 backend support: PDF output (pdfTeX)
\l__color_backend_stack_int=\count308
\l__pdf_internal_box=\box65
))
Package: xfp 2021-03-12 L3 Floating point unit

LaTeX3 Info: Defining command \fpeval with sig. 'm' on line 37.


LaTeX3 Info: Defining command \inteval with sig. 'm' on line 38.

) (/usr/local/texlive/2021/texmf-dist/tex/latex/fp/fp.sty
Package: fp 1995/04/02

`Fixed Point Package', Version 0.8, April 2, 1995 (C) Michael Mehlich
(/usr/local/texlive/2021/texmf-dist/tex/latex/fp/defpattern.sty
Package: defpattern 1994/10/12
\actioncount=\count309
)
(/usr/local/texlive/2021/texmf-dist/tex/latex/fp/fp-basic.sty
Package: fp-basic 1996/05/13
\FP@xs=\count310
\FP@xia=\count311
\FP@xib=\count312
\FP@xfa=\count313
\FP@xfb=\count314
\FP@rega=\count315
\FP@regb=\count316
\FP@regs=\count317
\FP@times=\count318
)
(/usr/local/texlive/2021/texmf-dist/tex/latex/fp/fp-addons.sty
Package: fp-addons 1995/03/15
)
(/usr/local/texlive/2021/texmf-dist/tex/latex/fp/fp-snap.sty
Package: fp-snap 1995/04/05
)
(/usr/local/texlive/2021/texmf-dist/tex/latex/fp/fp-exp.sty
Package: fp-exp 1995/04/03
)
(/usr/local/texlive/2021/texmf-dist/tex/latex/fp/fp-trigo.sty
Package: fp-trigo 1995/04/14
)
(/usr/local/texlive/2021/texmf-dist/tex/latex/fp/fp-pas.sty
Package: fp-pas 1994/08/29
)
(/usr/local/texlive/2021/texmf-dist/tex/latex/fp/fp-random.sty
Package: fp-random 1995/02/23
\FPseed=\count319
)
(/usr/local/texlive/2021/texmf-dist/tex/latex/fp/fp-eqn.sty
Package: fp-eqn 1995/04/03
)
(/usr/local/texlive/2021/texmf-dist/tex/latex/fp/fp-upn.sty
Package: fp-upn 1996/10/21
)
(/usr/local/texlive/2021/texmf-dist/tex/latex/fp/fp-eval.sty
Package: fp-eval 1995/04/03
))
\tkzRadius=\dimen278
\tkzLength=\dimen279
\tkz@radi=\dimen280
\tkz@ax=\dimen281
\tkz@ay=\dimen282
\tkz@bx=\dimen283
\tkz@by=\dimen284
\tkz@cx=\dimen285
\tkz@cy=\dimen286
\tkz@dx=\dimen287
\tkz@dy=\dimen288
\tkz@tax=\dimen289
\tkz@tay=\dimen290
\tkz@tbx=\dimen291
\tkz@tby=\dimen292
\tkz@tcx=\dimen293
\tkz@tcy=\dimen294
\tkz@tdx=\dimen295
\tkz@tdy=\dimen296
\tkz@cntmk=\count320

Local configuration file tkz-base.cfg found and used
(/usr/local/texlive/2021/texmf-dist/tex/latex/tkz-base/tkz-base.cfg
2020/03/18 3.06c tkz-base.cfg
) (/usr/local/texlive/2021/texmf-dist/tex/latex/tkz-base/tkz-tools-modules.tex
2020/03/18 3.06c tkz-tools-utilities.tex
) (/usr/local/texlive/2021/texmf-dist/tex/latex/tkz-base/tkz-lib-marks.tex
2020/03/18 3.06c tkz-lib-symbols.tex
) (/usr/local/texlive/2021/texmf-dist/tex/latex/tkz-base/tkz-tools-base.tex
2020/03/18 3.06c tkz-tools-base.tex
)
(/usr/local/texlive/2021/texmf-dist/tex/latex/tkz-base/tkz-tools-utilities.tex
2020/03/18 3.06c tkz-tools-utilities.tex
) (/usr/local/texlive/2021/texmf-dist/tex/latex/tkz-euclide/tkz-tools-math.tex
2020/03/18 3.06c tkz-tools-math.tex
) (/usr/local/texlive/2021/texmf-dist/tex/latex/tkz-base/tkz-tools-text.tex
2020/03/18 3.06c tkz-tools-text.tex
) (/usr/local/texlive/2021/texmf-dist/tex/latex/tkz-base/tkz-tools-BB.tex
2020/03/18 3.06c tkz-obj-BB.tex
) (/usr/local/texlive/2021/texmf-dist/tex/latex/tkz-base/tkz-tools-arith.tex
2020/03/18 3.06c tkz-tools-arith.tex
File: tkz-tool-arith.tex tkz-tool-arith 3.02 c
) (/usr/local/texlive/2021/texmf-dist/tex/latex/tkz-base/tkz-tools-print.tex
2020/03/18 3.06c tkz-tools-print.tex
) (/usr/local/texlive/2021/texmf-dist/tex/latex/tkz-base/tkz-tools-misc.tex
2020/03/18 3.06c tkz-tools-misc.tex
) (/usr/local/texlive/2021/texmf-dist/tex/latex/tkz-base/tkz-obj-axes.tex
2020/03/18 3.06c tkz-obj-axes.tex
) (/usr/local/texlive/2021/texmf-dist/tex/latex/tkz-base/tkz-obj-grids.tex
2020/03/18 3.06c tkz-obj-grids.tex
) (/usr/local/texlive/2021/texmf-dist/tex/latex/tkz-base/tkz-obj-marks.tex
2020/03/18 3.07c tkz-obj-marks.tex
) (/usr/local/texlive/2021/texmf-dist/tex/latex/tkz-base/tkz-obj-points.tex
2020/03/18 3.06c tkz-obj-points.tex
) (/usr/local/texlive/2021/texmf-dist/tex/latex/tkz-base/tkz-obj-rep.tex
2020/03/18 3.06c tkz-obj-rep.tex
))
(/usr/local/texlive/2021/texmf-dist/tex/latex/tkz-euclide/tkz-tools-intersectio
ns.tex
2020/03/18 3.06c tkz-tools-intersections.tex
)
(/usr/local/texlive/2021/texmf-dist/tex/latex/tkz-euclide/tkz-tools-angles.tex
2020/03/18 3.06c tkz-tools-angles.tex
)
(/usr/local/texlive/2021/texmf-dist/tex/latex/tkz-euclide/tkz-obj-eu-angles.tex
2020/03/18 3.06c tkz-tool-eu-angles.tex
\tkz@arcsize=\dimen297
\tkz@fillsize=\dimen298
) (/usr/local/texlive/2021/texmf-dist/tex/latex/tkz-euclide/tkz-obj-eu-arcs.tex
2020/03/23 3.06c tkz-obj-eu-arcs.tex
)
(/usr/local/texlive/2021/texmf-dist/tex/latex/tkz-euclide/tkz-obj-eu-compass.te
x
2020/03/18 3.06c tkz-obj-eu-compass.tex
)
(/usr/local/texlive/2021/texmf-dist/tex/latex/tkz-euclide/tkz-obj-eu-circles.te
x
2020/03/18 3.06c tkz-obj-eu-circles.tex
)
(/usr/local/texlive/2021/texmf-dist/tex/latex/tkz-euclide/tkz-obj-eu-draw-circl
es.tex
2020/03/18 3.06c tkz-obj-eu-draw-circles.tex
)
(/usr/local/texlive/2021/texmf-dist/tex/latex/tkz-euclide/tkz-obj-eu-draw-lines
.tex
2020/03/18 3.06c tkz-obj-eu-draw-lines.tex
)
(/usr/local/texlive/2021/texmf-dist/tex/latex/tkz-euclide/tkz-obj-eu-draw-polyg
ons.tex
2020/03/18 3.06c tkz-obj-eu-polygons.tex
)
(/usr/local/texlive/2021/texmf-dist/tex/latex/tkz-euclide/tkz-obj-eu-draw-trian
gles.tex)
(/usr/local/texlive/2021/texmf-dist/tex/latex/tkz-euclide/tkz-obj-eu-lines.tex
2020/03/18 3.06c tkz-obj-eu-lines.tex
)
(/usr/local/texlive/2021/texmf-dist/tex/latex/tkz-euclide/tkz-obj-eu-points.tex
2020/03/18 3.06c tkz-obj-eu-points.tex
)
(/usr/local/texlive/2021/texmf-dist/tex/latex/tkz-euclide/tkz-obj-eu-points-by.
tex
2020/03/18 3.06c tkz-tools-eu-points-by.tex
)
(/usr/local/texlive/2021/texmf-dist/tex/latex/tkz-euclide/tkz-obj-eu-points-rnd
.tex
2020/03/18 3.06c tkz-obj-eu-points-rnd.tex
)
(/usr/local/texlive/2021/texmf-dist/tex/latex/tkz-euclide/tkz-obj-eu-points-wit
h.tex
2020/03/18 3.06c tkz-obj-eu-points-with.tex
)
(/usr/local/texlive/2021/texmf-dist/tex/latex/tkz-euclide/tkz-obj-eu-polygons.t
ex
2020/03/18 3.06c tkz-obj-eu-polygons.tex
)
(/usr/local/texlive/2021/texmf-dist/tex/latex/tkz-euclide/tkz-obj-eu-protractor
.tex
2020/03/18 3.06c tkz-obj-eu-protractor.tex
)
(/usr/local/texlive/2021/texmf-dist/tex/latex/tkz-euclide/tkz-obj-eu-sectors.te
x
2020/03/18 3.06c tkz-obj-eu-sectors.tex
) (/usr/local/texlive/2021/texmf-dist/tex/latex/tkz-euclide/tkz-obj-eu-show.tex
2020/03/18 3.06c tkz-obj-eu-show.tex
)
(/usr/local/texlive/2021/texmf-dist/tex/latex/tkz-euclide/tkz-obj-eu-triangles.
tex
2020/03/18 3.06c tkz-obj-eu-triangles.tex
)) (./PHYS 482 Final Report Final Draft.aux)
\openout1 = `"PHYS 482 Final Report Final Draft.aux"'.

LaTeX Font Info:    Checking defaults for OML/cmm/m/it on input line 53.
LaTeX Font Info:    ... okay on input line 53.
LaTeX Font Info:    Checking defaults for OMS/cmsy/m/n on input line 53.
LaTeX Font Info:    ... okay on input line 53.
LaTeX Font Info:    Checking defaults for OT1/cmr/m/n on input line 53.
LaTeX Font Info:    ... okay on input line 53.
LaTeX Font Info:    Checking defaults for T1/cmr/m/n on input line 53.
LaTeX Font Info:    ... okay on input line 53.
LaTeX Font Info:    Checking defaults for TS1/cmr/m/n on input line 53.
LaTeX Font Info:    ... okay on input line 53.
LaTeX Font Info:    Checking defaults for OMX/cmex/m/n on input line 53.
LaTeX Font Info:    ... okay on input line 53.
LaTeX Font Info:    Checking defaults for U/cmr/m/n on input line 53.
LaTeX Font Info:    ... okay on input line 53.

(/usr/local/texlive/2021/texmf-dist/tex/context/base/mkii/supp-pdf.mkii
[Loading MPS to PDF converter (version 2006.09.02).]
\scratchcounter=\count321
\scratchdimen=\dimen299
\scratchbox=\box66
\nofMPsegments=\count322
\nofMParguments=\count323
\everyMPshowfont=\toks48
\MPscratchCnt=\count324
\MPscratchDim=\dimen300
\MPnumerator=\count325
\makeMPintoPDFobject=\count326
\everyMPtoPDFconversion=\toks49
) (/usr/local/texlive/2021/texmf-dist/tex/latex/epstopdf-pkg/epstopdf-base.sty
Package: epstopdf-base 2020-01-24 v2.11 Base part for package epstopdf
Package epstopdf-base Info: Redefining graphics rule for `.eps' on input line 4
85.

(/usr/local/texlive/2021/texmf-dist/tex/latex/latexconfig/epstopdf-sys.cfg
File: epstopdf-sys.cfg 2010/07/13 v1.3 Configuration of (r)epstopdf for TeX Liv
e
))
Package pgfplots notification 'compat/show suggested version=true': you might b
enefit from \pgfplotsset{compat=1.17} (current compat level: 1.10).

LaTeX Info: Redefining \celsius on input line 53.
Package gensymb Info: Faking symbols for \degree and \celsius on input line 53.


Package gensymb Warning: Not defining \perthousand.

LaTeX Info: Redefining \ohm on input line 53.
Package gensymb Info: Using \Omega for \ohm on input line 53.

Package gensymb Warning: Not defining \micro.

LaTeX Font Info:    Trying to load font information for U+msa on input line 54.

(/usr/local/texlive/2021/texmf-dist/tex/latex/amsfonts/umsa.fd
File: umsa.fd 2013/01/14 v3.01 AMS symbols A
)
LaTeX Font Info:    Trying to load font information for U+msb on input line 54.


(/usr/local/texlive/2021/texmf-dist/tex/latex/amsfonts/umsb.fd
File: umsb.fd 2013/01/14 v3.01 AMS symbols B
)
Overfull \hbox (4.89227pt too wide) in paragraph at lines 54--54
[][]\OT1/cmr/m/n/8 Electronic Ad-dress: \OT1/cmtt/m/n/8 tjlarrechea@mavs.colora
domesa.edu.| 
 []

[1{/usr/local/texlive/2021/texmf-var/fonts/map/pdftex/updmap/pdftex.map}


]
<Figures//Spin-In-Magnetic-Field.jpg, id=41, 1254.6875pt x 452.69125pt>
File: Figures//Spin-In-Magnetic-Field.jpg Graphic file (type jpg)
<use Figures//Spin-In-Magnetic-Field.jpg>
Package pdftex.def Info: Figures//Spin-In-Magnetic-Field.jpg  used on input lin
e 81.
(pdftex.def)             Requested size: 229.5pt x 82.80023pt.
<Figures//Spin-With-Certainty.jpg, id=42, 1465.475pt x 470.75874pt>
File: Figures//Spin-With-Certainty.jpg Graphic file (type jpg)
<use Figures//Spin-With-Certainty.jpg>
Package pdftex.def Info: Figures//Spin-With-Certainty.jpg  used on input line 9
1.
(pdftex.def)             Requested size: 229.5pt x 73.72108pt.
<Figures//Spin-With-M-Direction.jpg, id=43, 1305.87875pt x 452.69125pt>
File: Figures//Spin-With-M-Direction.jpg Graphic file (type jpg)
<use Figures//Spin-With-M-Direction.jpg>
Package pdftex.def Info: Figures//Spin-With-M-Direction.jpg  used on input line
 102.
(pdftex.def)             Requested size: 229.5pt x 79.55371pt.
<Figures//Spin-With-M-and-N-Graph.jpg, id=44, 567.11874pt x 537.00626pt>
File: Figures//Spin-With-M-and-N-Graph.jpg Graphic file (type jpg)
<use Figures//Spin-With-M-and-N-Graph.jpg>
Package pdftex.def Info: Figures//Spin-With-M-and-N-Graph.jpg  used on input li
ne 113.
(pdftex.def)             Requested size: 172.125pt x 162.98775pt.

Underfull \vbox (badness 2503) has occurred while \output is active []

 [2 <./Figures//Spin-In-Magnetic-Field.jpg> <./Figures//Spin-With-Certainty.jpg
> <./Figures//Spin-With-M-Direction.jpg> <./Figures//Spin-With-M-and-N-Graph.jp
g>]
<Figures//Spherical-Coordinate-System.png, id=54, 1284.8pt x 1188.44pt>
File: Figures//Spherical-Coordinate-System.png Graphic file (type png)
<use Figures//Spherical-Coordinate-System.png>
Package pdftex.def Info: Figures//Spherical-Coordinate-System.png  used on inpu
t line 174.
(pdftex.def)             Requested size: 172.125pt x 159.19936pt.
 [3 <./Figures//Spherical-Coordinate-System.png>]
<Figures//Two-Particle-Diagram.jpg, id=60, 1091.07625pt x 481.8pt>
File: Figures//Two-Particle-Diagram.jpg Graphic file (type jpg)
<use Figures//Two-Particle-Diagram.jpg>
Package pdftex.def Info: Figures//Two-Particle-Diagram.jpg  used on input line 
212.
(pdftex.def)             Requested size: 229.5pt x 101.34271pt.


LaTeX Warning: `!h' float specifier changed to `!ht'.

[4 <./Figures//Two-Particle-Diagram.jpg>]
<Figures//Unitary-Operator.PNG, id=65, 1116.17pt x 443.6575pt>
File: Figures//Unitary-Operator.PNG Graphic file (type png)
<use Figures//Unitary-Operator.PNG>
Package pdftex.def Info: Figures//Unitary-Operator.PNG  used on input line 287.

(pdftex.def)             Requested size: 206.5486pt x 82.09566pt.
 [5 <./Figures//Unitary-Operator.PNG>]
<Figures//Two-Qubit-Unitary-Schematic.jpg, id=69, 1167.36125pt x 504.88625pt>
File: Figures//Two-Qubit-Unitary-Schematic.jpg Graphic file (type jpg)
<use Figures//Two-Qubit-Unitary-Schematic.jpg>
Package pdftex.def Info: Figures//Two-Qubit-Unitary-Schematic.jpg  used on inpu
t line 511.
(pdftex.def)             Requested size: 206.5486pt x 89.3271pt.
[6]

LaTeX Font Warning: Command \tiny invalid in math mode on input line 564.


LaTeX Font Warning: Command \tiny invalid in math mode on input line 569.


Overfull \hbox (1.98347pt too wide) in paragraph at lines 583--591
 [] 
 []

[7 <./Figures//Two-Qubit-Unitary-Schematic.jpg>]
<Figures//Density-Operator-Evolution.jpg, id=78, 824.07875pt x 313.17pt>
File: Figures//Density-Operator-Evolution.jpg Graphic file (type jpg)
<use Figures//Density-Operator-Evolution.jpg>
Package pdftex.def Info: Figures//Density-Operator-Evolution.jpg  used on input
 line 663.
(pdftex.def)             Requested size: 206.5486pt x 78.493pt.


LaTeX Warning: `h' float specifier changed to `ht'.


Underfull \hbox (badness 2582) in paragraph at lines 688--693
\OT1/cmr/m/n/10 The mea-sure-ment op-er-a-tor for the pos-i-tive $\OML/cmm/m/it
/10 y$\OT1/cmr/m/n/10 -
 []

[8 <./Figures//Density-Operator-Evolution.jpg>] [9]
Underfull \vbox (badness 5302) has occurred while \output is active []

 [10]
[11]
Underfull \hbox (badness 10000) in paragraph at lines 1033--1033
[]\OT1/cmr/bx/n/14.4 Relationships for Quan-tum
 []


Underfull \hbox (badness 5316) in paragraph at lines 1033--1033
\OT1/cmr/bx/n/14.4 Fisher In-for-ma-tion of Phase
 []

[12]
<Figures//Two-Particle-One-Unitary-QFI.jpg, id=94, 1194.4625pt x 362.35374pt>
File: Figures//Two-Particle-One-Unitary-QFI.jpg Graphic file (type jpg)
<use Figures//Two-Particle-One-Unitary-QFI.jpg>
Package pdftex.def Info: Figures//Two-Particle-One-Unitary-QFI.jpg  used on inp
ut line 1118.
(pdftex.def)             Requested size: 206.5486pt x 62.65536pt.
 [13 <./Figures//Two-Particle-One-Unitary-QFI.jpg>]
<Figures//Two-Particle-Phase-Flip.jpg, id=99, 1211.52625pt x 378.41376pt>
File: Figures//Two-Particle-Phase-Flip.jpg Graphic file (type jpg)
<use Figures//Two-Particle-Phase-Flip.jpg>
Package pdftex.def Info: Figures//Two-Particle-Phase-Flip.jpg  used on input li
ne 1243.
(pdftex.def)             Requested size: 206.5486pt x 64.51425pt.
<Figures//SP-Phase-Flip.PNG, id=100, 1020.81375pt x 327.2225pt>
File: Figures//SP-Phase-Flip.PNG Graphic file (type png)
<use Figures//SP-Phase-Flip.PNG>
Package pdftex.def Info: Figures//SP-Phase-Flip.PNG  used on input line 1279.
(pdftex.def)             Requested size: 160.64929pt x 51.49287pt.
 [14 <./Figures//Two-Particle-Phase-Flip.jpg>]
<Figures//TP-Dual-Phase-Flip.PNG, id=104, 1378.14874pt x 455.7025pt>
File: Figures//TP-Dual-Phase-Flip.PNG Graphic file (type png)
<use Figures//TP-Dual-Phase-Flip.PNG>
Package pdftex.def Info: Figures//TP-Dual-Phase-Flip.PNG  used on input line 12
99.
(pdftex.def)             Requested size: 160.64929pt x 53.1174pt.


LaTeX Warning: `h' float specifier changed to `ht'.

<Figures//TP-Depolarizing.PNG, id=105, 1145.27875pt x 360.34625pt>
File: Figures//TP-Depolarizing.PNG Graphic file (type png)
<use Figures//TP-Depolarizing.PNG>
Package pdftex.def Info: Figures//TP-Depolarizing.PNG  used on input line 1324.

(pdftex.def)             Requested size: 151.47084pt x 47.65492pt.
[15 <./Figures//SP-Phase-Flip.PNG> <./Figures//TP-Dual-Phase-Flip.PNG> <./Figur
es//TP-Depolarizing.PNG>]
<Figures//Single-Particle-Phase-Flip-Evolution-Schematic.jpg, id=109, 763.85374
pt x 235.88126pt>
File: Figures//Single-Particle-Phase-Flip-Evolution-Schematic.jpg Graphic file 
(type jpg)
<use Figures//Single-Particle-Phase-Flip-Evolution-Schematic.jpg>
Package pdftex.def Info: Figures//Single-Particle-Phase-Flip-Evolution-Schemati
c.jpg  used on input line 1365.
(pdftex.def)             Requested size: 149.1736pt x 46.06323pt.
<Figures//Phase-Flip-Lambda-QFI-Graph.png, id=110, 587.19376pt x 525.965pt>
File: Figures//Phase-Flip-Lambda-QFI-Graph.png Graphic file (type png)
<use Figures//Phase-Flip-Lambda-QFI-Graph.png>
Package pdftex.def Info: Figures//Phase-Flip-Lambda-QFI-Graph.png  used on inpu
t line 1383.
(pdftex.def)             Requested size: 149.1736pt x 133.61769pt.
<Figures//Two-Particle-Phase-Flip-Single-Channel-Lambda-Schematic.jpeg, id=111,
 1018.80624pt x 287.0725pt>
File: Figures//Two-Particle-Phase-Flip-Single-Channel-Lambda-Schematic.jpeg Gra
phic file (type jpg)
<use Figures//Two-Particle-Phase-Flip-Single-Channel-Lambda-Schematic.jpeg>
Package pdftex.def Info: Figures//Two-Particle-Phase-Flip-Single-Channel-Lambda
-Schematic.jpeg  used on input line 1396.
(pdftex.def)             Requested size: 149.1736pt x 42.02962pt.
 [16 <./Figures//Single-Particle-Phase-Flip-Evolution-Schematic.jpg> <./Figures
//Phase-Flip-Lambda-QFI-Graph.png>]
<Figures//Phase-Flip-One-Channel-Lambda-and-r-Gain.png, id=117, 574.145pt x 530
.98375pt>
File: Figures//Phase-Flip-One-Channel-Lambda-and-r-Gain.png Graphic file (type 
png)
<use Figures//Phase-Flip-One-Channel-Lambda-and-r-Gain.png>
Package pdftex.def Info: Figures//Phase-Flip-One-Channel-Lambda-and-r-Gain.png 
 used on input line 1422.
(pdftex.def)             Requested size: 149.1736pt x 137.95528pt.
<Figures//Two-Particle-Phase-Flip-Dual-Channel-Alpha-Lambda-Schematic.jpg, id=1
18, 1040.88875pt x 322.20375pt>
File: Figures//Two-Particle-Phase-Flip-Dual-Channel-Alpha-Lambda-Schematic.jpg 
Graphic file (type jpg)
<use Figures//Two-Particle-Phase-Flip-Dual-Channel-Alpha-Lambda-Schematic.jpg>
Package pdftex.def Info: Figures//Two-Particle-Phase-Flip-Dual-Channel-Alpha-La
mbda-Schematic.jpg  used on input line 1434.
(pdftex.def)             Requested size: 149.1736pt x 46.17508pt.
 [17 <./Figures//Two-Particle-Phase-Flip-Single-Channel-Lambda-Schematic.jpeg> 
<./Figures//Phase-Flip-One-Channel-Lambda-and-r-Gain.png> <./Figures//Two-Parti
cle-Phase-Flip-Dual-Channel-Alpha-Lambda-Schematic.jpg>]
<Figures//Phase-Flip-Two-Channel-Alpha=001-Gain.png, id=123, 362.35374pt x 333.
245pt>
File: Figures//Phase-Flip-Two-Channel-Alpha=001-Gain.png Graphic file (type png
)
<use Figures//Phase-Flip-Two-Channel-Alpha=001-Gain.png>
Package pdftex.def Info: Figures//Phase-Flip-Two-Channel-Alpha=001-Gain.png  us
ed on input line 1459.
(pdftex.def)             Requested size: 149.1736pt x 137.19066pt.
<Figures//Phase-Flip-Two-Channel-Alpha=01-Gain.png, id=124, 379.4175pt x 341.27
5pt>
File: Figures//Phase-Flip-Two-Channel-Alpha=01-Gain.png Graphic file (type png)

<use Figures//Phase-Flip-Two-Channel-Alpha=01-Gain.png>
Package pdftex.def Info: Figures//Phase-Flip-Two-Channel-Alpha=01-Gain.png  use
d on input line 1470.
(pdftex.def)             Requested size: 149.1736pt x 134.17986pt.
<Figures//Phase-Flip-Two-Channel-Alpha=02-Gain.png, id=125, 377.41pt x 337.26pt
>
File: Figures//Phase-Flip-Two-Channel-Alpha=02-Gain.png Graphic file (type png)

<use Figures//Phase-Flip-Two-Channel-Alpha=02-Gain.png>
Package pdftex.def Info: Figures//Phase-Flip-Two-Channel-Alpha=02-Gain.png  use
d on input line 1480.
(pdftex.def)             Requested size: 149.1736pt x 133.30115pt.
 [18 <./Figures//Phase-Flip-Two-Channel-Alpha=001-Gain.png> <./Figures//Phase-F
lip-Two-Channel-Alpha=01-Gain.png> <./Figures//Phase-Flip-Two-Channel-Alpha=02-
Gain.png>]
<Figures//Phase-Flip-Two-Channel-Alpha=03-Gain.png, id=132, 361.35pt x 326.2187
5pt>
File: Figures//Phase-Flip-Two-Channel-Alpha=03-Gain.png Graphic file (type png)

<use Figures//Phase-Flip-Two-Channel-Alpha=03-Gain.png>
Package pdftex.def Info: Figures//Phase-Flip-Two-Channel-Alpha=03-Gain.png  use
d on input line 1492.
(pdftex.def)             Requested size: 149.1736pt x 134.67142pt.
<Figures//Phase-Flip-Two-Channel-Alpha=04-Gain.png, id=133, 375.4025pt x 330.23
375pt>
File: Figures//Phase-Flip-Two-Channel-Alpha=04-Gain.png Graphic file (type png)

<use Figures//Phase-Flip-Two-Channel-Alpha=04-Gain.png>
Package pdftex.def Info: Figures//Phase-Flip-Two-Channel-Alpha=04-Gain.png  use
d on input line 1502.
(pdftex.def)             Requested size: 149.1736pt x 131.22444pt.
<Figures//Phase-Flip-Two-Channel-Alpha=05-Gain.png, id=134, 393.47pt x 343.2825
pt>
File: Figures//Phase-Flip-Two-Channel-Alpha=05-Gain.png Graphic file (type png)

<use Figures//Phase-Flip-Two-Channel-Alpha=05-Gain.png>
Package pdftex.def Info: Figures//Phase-Flip-Two-Channel-Alpha=05-Gain.png  use
d on input line 1514.
(pdftex.def)             Requested size: 149.1736pt x 130.14488pt.
 [19 <./Figures//Phase-Flip-Two-Channel-Alpha=03-Gain.png> <./Figures//Phase-Fl
ip-Two-Channel-Alpha=04-Gain.png> <./Figures//Phase-Flip-Two-Channel-Alpha=05-G
ain.png>]
<Figures//Phase-Flip-Alpha-Inequality-Graph.png, id=142, 349.305pt x 302.12875p
t>
File: Figures//Phase-Flip-Alpha-Inequality-Graph.png Graphic file (type png)
<use Figures//Phase-Flip-Alpha-Inequality-Graph.png>
Package pdftex.def Info: Figures//Phase-Flip-Alpha-Inequality-Graph.png  used o
n input line 1534.
(pdftex.def)             Requested size: 149.1736pt x 129.02768pt.
<Figures//Depolarizing-Single-Channel-Lambda-Schematic.jpg, id=143, 835.12pt x 
256.96pt>
File: Figures//Depolarizing-Single-Channel-Lambda-Schematic.jpg Graphic file (t
ype jpg)
<use Figures//Depolarizing-Single-Channel-Lambda-Schematic.jpg>
Package pdftex.def Info: Figures//Depolarizing-Single-Channel-Lambda-Schematic.
jpg  used on input line 1552.
(pdftex.def)             Requested size: 149.1736pt x 45.89792pt.
<Figures//Depolarizing-Single-Channel-QFI.png, id=144, 586.19pt x 532.99126pt>
File: Figures//Depolarizing-Single-Channel-QFI.png Graphic file (type png)
<use Figures//Depolarizing-Single-Channel-QFI.png>
Package pdftex.def Info: Figures//Depolarizing-Single-Channel-QFI.png  used on 
input line 1569.
(pdftex.def)             Requested size: 149.1736pt x 135.63039pt.
 [20 <./Figures//Phase-Flip-Alpha-Inequality-Graph.png> <./Figures//Depolarizin
g-Single-Channel-Lambda-Schematic.jpg> <./Figures//Depolarizing-Single-Channel-
QFI.png>]
<Figures//Depolarizing-Double-Channel-Lambda-Schematic.jpg, id=150, 1267.73625p
t x 375.4025pt>
File: Figures//Depolarizing-Double-Channel-Lambda-Schematic.jpg Graphic file (t
ype jpg)
<use Figures//Depolarizing-Double-Channel-Lambda-Schematic.jpg>
Package pdftex.def Info: Figures//Depolarizing-Double-Channel-Lambda-Schematic.
jpg  used on input line 1583.
(pdftex.def)             Requested size: 149.1736pt x 44.16994pt.
<Figures//Depolarizing-Double-Channel-Lambda-Gain-Graph.png, id=151, 574.145pt 
x 528.97626pt>
File: Figures//Depolarizing-Double-Channel-Lambda-Gain-Graph.png Graphic file (
type png)
<use Figures//Depolarizing-Double-Channel-Lambda-Gain-Graph.png>
Package pdftex.def Info: Figures//Depolarizing-Double-Channel-Lambda-Gain-Graph
.png  used on input line 1607.
(pdftex.def)             Requested size: 149.1736pt x 137.43372pt.
<Figures//Depolarizing-Double-Channel-Alpha-and-Lambda-Schematic.jpg, id=152, 1
317.92375pt x 365.365pt>
File: Figures//Depolarizing-Double-Channel-Alpha-and-Lambda-Schematic.jpg Graph
ic file (type jpg)
<use Figures//Depolarizing-Double-Channel-Alpha-and-Lambda-Schematic.jpg>
Package pdftex.def Info: Figures//Depolarizing-Double-Channel-Alpha-and-Lambda-
Schematic.jpg  used on input line 1620.
(pdftex.def)             Requested size: 149.1736pt x 41.35544pt.
<Figures//Depolarizing-Double-Channel-Alpha-and-Lambda-r=001-Gain-Graph.png, id
=153, 586.19pt x 526.96875pt>
File: Figures//Depolarizing-Double-Channel-Alpha-and-Lambda-r=001-Gain-Graph.pn
g Graphic file (type png)
<use Figures//Depolarizing-Double-Channel-Alpha-and-Lambda-r=001-Gain-Graph.png
>
Package pdftex.def Info: Figures//Depolarizing-Double-Channel-Alpha-and-Lambda-
r=001-Gain-Graph.png  used on input line 1645.
(pdftex.def)             Requested size: 149.1736pt x 134.09784pt.
<Figures//Depolarizing-Double-Channel-Alpha-and-Lambda-r=1-Gain-Graph.png, id=1
54, 575.14874pt x 529.98pt>
File: Figures//Depolarizing-Double-Channel-Alpha-and-Lambda-r=1-Gain-Graph.png 
Graphic file (type png)
<use Figures//Depolarizing-Double-Channel-Alpha-and-Lambda-r=1-Gain-Graph.png>
Package pdftex.def Info: Figures//Depolarizing-Double-Channel-Alpha-and-Lambda-
r=1-Gain-Graph.png  used on input line 1656.
(pdftex.def)             Requested size: 149.1736pt x 137.45998pt.
 [21 <./Figures//Depolarizing-Double-Channel-Lambda-Schematic.jpg> <./Figures//
Depolarizing-Double-Channel-Lambda-Gain-Graph.png> <./Figures//Depolarizing-Dou
ble-Channel-Alpha-and-Lambda-Schematic.jpg> <./Figures//Depolarizing-Double-Cha
nnel-Alpha-and-Lambda-r=001-Gain-Graph.png>]
<Figures//Phase-Flip-Triple-Channel-Lambda-Schematic.jpg, id=160, 1312.905pt x 
492.84125pt>
File: Figures//Phase-Flip-Triple-Channel-Lambda-Schematic.jpg Graphic file (typ
e jpg)
<use Figures//Phase-Flip-Triple-Channel-Lambda-Schematic.jpg>
Package pdftex.def Info: Figures//Phase-Flip-Triple-Channel-Lambda-Schematic.jp
g  used on input line 1674.
(pdftex.def)             Requested size: 149.1736pt x 55.99496pt.
<Figures//Phase-Flip-Triple-Channel-r=001-Alpha=001-Gain-Graph.png, id=161, 577
.15625pt x 531.9875pt>
File: Figures//Phase-Flip-Triple-Channel-r=001-Alpha=001-Gain-Graph.png Graphic
 file (type png)
<use Figures//Phase-Flip-Triple-Channel-r=001-Alpha=001-Gain-Graph.png>
Package pdftex.def Info: Figures//Phase-Flip-Triple-Channel-r=001-Alpha=001-Gai
n-Graph.png  used on input line 1701.
(pdftex.def)             Requested size: 149.1736pt x 137.50174pt.
<Figures//Phase-Flip-Triple-Channel-r=001-Beta=001-Gain-Graph.png, id=162, 585.
18625pt x 526.96875pt>
File: Figures//Phase-Flip-Triple-Channel-r=001-Beta=001-Gain-Graph.png Graphic 
file (type png)
<use Figures//Phase-Flip-Triple-Channel-r=001-Beta=001-Gain-Graph.png>
Package pdftex.def Info: Figures//Phase-Flip-Triple-Channel-r=001-Beta=001-Gain
-Graph.png  used on input line 1714.
(pdftex.def)             Requested size: 149.1736pt x 134.33102pt.
 [22 <./Figures//Depolarizing-Double-Channel-Alpha-and-Lambda-r=1-Gain-Graph.pn
g> <./Figures//Phase-Flip-Triple-Channel-Lambda-Schematic.jpg> <./Figures//Phas
e-Flip-Triple-Channel-r=001-Alpha=001-Gain-Graph.png>]
<Figures//Phase-Flip-Triple-Channel-Alpha=001-Beta=001-Gain-Graph.png, id=168, 
573.14125pt x 530.98375pt>
File: Figures//Phase-Flip-Triple-Channel-Alpha=001-Beta=001-Gain-Graph.png Grap
hic file (type png)
<use Figures//Phase-Flip-Triple-Channel-Alpha=001-Beta=001-Gain-Graph.png>
Package pdftex.def Info: Figures//Phase-Flip-Triple-Channel-Alpha=001-Beta=001-
Gain-Graph.png  used on input line 1727.
(pdftex.def)             Requested size: 149.1736pt x 138.19835pt.
 [23 <./Figures//Phase-Flip-Triple-Channel-r=001-Beta=001-Gain-Graph.png> <./Fi
gures//Phase-Flip-Triple-Channel-Alpha=001-Beta=001-Gain-Graph.png>]
Underfull \hbox (badness 1199) in paragraph at lines 1758--1759
[]\OT1/cmr/m/n/10 Collins, D. (2019). Qubit-channel metrol-ogy
 []

[24] (./PHYS 482 Final Report Final Draft.aux) ) 
Here is how much of TeX's memory you used:
 29411 strings out of 478994
 754835 string characters out of 5858183
 1157599 words of memory out of 5000000
 46224 multiletter control sequences out of 15000+600000
 413424 words of font info for 66 fonts, out of 8000000 for 9000
 1141 hyphenation exceptions out of 8191
 113i,15n,116p,1199b,609s stack positions out of 5000i,500n,10000p,200000b,80000s
{/usr/local/texlive/2021/texmf-
dist/fonts/enc/dvips/cm-super/cm-super-ts1.enc}</usr/local/texlive/2021/texmf-d
ist/fonts/type1/public/amsfonts/cm/cmbx12.pfb></usr/local/texlive/2021/texmf-di
st/fonts/type1/public/amsfonts/cm/cmex10.pfb></usr/local/texlive/2021/texmf-dis
t/fonts/type1/public/amsfonts/cm/cmmi10.pfb></usr/local/texlive/2021/texmf-dist
/fonts/type1/public/amsfonts/cm/cmmi12.pfb></usr/local/texlive/2021/texmf-dist/
fonts/type1/public/amsfonts/cm/cmmi5.pfb></usr/local/texlive/2021/texmf-dist/fo
nts/type1/public/amsfonts/cm/cmmi7.pfb></usr/local/texlive/2021/texmf-dist/font
s/type1/public/amsfonts/cm/cmr10.pfb></usr/local/texlive/2021/texmf-dist/fonts/
type1/public/amsfonts/cm/cmr12.pfb></usr/local/texlive/2021/texmf-dist/fonts/ty
pe1/public/amsfonts/cm/cmr7.pfb></usr/local/texlive/2021/texmf-dist/fonts/type1
/public/amsfonts/cm/cmr8.pfb></usr/local/texlive/2021/texmf-dist/fonts/type1/pu
blic/amsfonts/cm/cmsy10.pfb></usr/local/texlive/2021/texmf-dist/fonts/type1/pub
lic/amsfonts/cm/cmsy7.pfb></usr/local/texlive/2021/texmf-dist/fonts/type1/publi
c/amsfonts/cm/cmti12.pfb></usr/local/texlive/2021/texmf-dist/fonts/type1/public
/amsfonts/cm/cmtt8.pfb></usr/local/texlive/2021/texmf-dist/fonts/type1/public/a
msfonts/symbols/msbm10.pfb></usr/local/texlive/2021/texmf-dist/fonts/type1/publ
ic/cm-super/sfrm0600.pfb></usr/local/texlive/2021/texmf-dist/fonts/type1/public
/cm-super/sfrm0800.pfb>
Output written on "PHYS 482 Final Report Final Draft.pdf" (24 pages, 3767579 by
tes).
PDF statistics:
 233 PDF objects out of 1000 (max. 8388607)
 118 compressed objects within 2 object streams
 0 named destinations out of 1000 (max. 500000)
 294 words of extra memory for PDF output out of 10000 (max. 10000000)

