This is pdfTeX, Version 3.141592653-2.6-1.40.24 (TeX Live 2022/Debian) (preloaded format=pdflatex 2023.5.1)  7 MAY 2023 20:51
entering extended mode
 restricted \write18 enabled.
 %&-line parsing enabled.
**main.tex x 2
(./main.tex
LaTeX2e <2022-11-01> patch level 1
L3 programming layer <2023-01-16>
(/usr/share/texlive/texmf-dist/tex/latex/base/article.cls
Document Class: article 2022/07/02 v1.4n Standard LaTeX document class
(/usr/share/texlive/texmf-dist/tex/latex/base/size10.clo
File: size10.clo 2022/07/02 v1.4n Standard LaTeX file (size option)
)
\c@part=\count185
\c@section=\count186
\c@subsection=\count187
\c@subsubsection=\count188
\c@paragraph=\count189
\c@subparagraph=\count190
\c@figure=\count191
\c@table=\count192
\abovecaptionskip=\skip48
\belowcaptionskip=\skip49
\bibindent=\dimen140
)
(/usr/share/texlive/texmf-dist/tex/latex/base/inputenc.sty
Package: inputenc 2021/02/14 v1.3d Input encoding file
\inpenc@prehook=\toks16
\inpenc@posthook=\toks17
)
(/usr/share/texlive/texmf-dist/tex/generic/babel/babel.sty
Package: babel 2022/12/26 3.84 The Babel package
\babel@savecnt=\count193
\U@D=\dimen141
\l@unhyphenated=\language87

(/usr/share/texlive/texmf-dist/tex/generic/babel/txtbabel.def)
\bbl@readstream=\read2
\bbl@dirlevel=\count194

(/usr/share/texlive/texmf-dist/tex/generic/babel-english/english.ldf
Language: english 2017/06/06 v3.3r English support from the babel system
Package babel Info: Hyphen rules for 'canadian' set to \l@english
(babel)             (\language0). Reported on input line 102.
Package babel Info: Hyphen rules for 'australian' set to \l@ukenglish
(babel)             (\language38). Reported on input line 105.
Package babel Info: Hyphen rules for 'newzealand' set to \l@ukenglish
(babel)             (\language38). Reported on input line 108.
))
(/usr/share/texlive/texmf-dist/tex/generic/babel/locale/en/babel-english.tex
Package babel Info: Importing font and identification data for english
(babel)             from babel-en.ini. Reported on input line 11.
)
(/usr/share/texlive/texmf-dist/tex/latex/amsmath/amsmath.sty
Package: amsmath 2022/04/08 v2.17n AMS math features
\@mathmargin=\skip50

For additional information on amsmath, use the `?' option.
(/usr/share/texlive/texmf-dist/tex/latex/amsmath/amstext.sty
Package: amstext 2021/08/26 v2.01 AMS text

(/usr/share/texlive/texmf-dist/tex/latex/amsmath/amsgen.sty
File: amsgen.sty 1999/11/30 v2.0 generic functions
\@emptytoks=\toks18
\ex@=\dimen142
))
(/usr/share/texlive/texmf-dist/tex/latex/amsmath/amsbsy.sty
Package: amsbsy 1999/11/29 v1.2d Bold Symbols
\pmbraise@=\dimen143
)
(/usr/share/texlive/texmf-dist/tex/latex/amsmath/amsopn.sty
Package: amsopn 2022/04/08 v2.04 operator names
)
\inf@bad=\count195
LaTeX Info: Redefining \frac on input line 234.
\uproot@=\count196
\leftroot@=\count197
LaTeX Info: Redefining \overline on input line 399.
LaTeX Info: Redefining \colon on input line 410.
\classnum@=\count198
\DOTSCASE@=\count199
LaTeX Info: Redefining \ldots on input line 496.
LaTeX Info: Redefining \dots on input line 499.
LaTeX Info: Redefining \cdots on input line 620.
\Mathstrutbox@=\box51
\strutbox@=\box52
LaTeX Info: Redefining \big on input line 722.
LaTeX Info: Redefining \Big on input line 723.
LaTeX Info: Redefining \bigg on input line 724.
LaTeX Info: Redefining \Bigg on input line 725.
\big@size=\dimen144
LaTeX Font Info:    Redeclaring font encoding OML on input line 743.
LaTeX Font Info:    Redeclaring font encoding OMS on input line 744.
\macc@depth=\count266
LaTeX Info: Redefining \bmod on input line 905.
LaTeX Info: Redefining \pmod on input line 910.
LaTeX Info: Redefining \smash on input line 940.
LaTeX Info: Redefining \relbar on input line 970.
LaTeX Info: Redefining \Relbar on input line 971.
\c@MaxMatrixCols=\count267
\dotsspace@=\muskip16
\c@parentequation=\count268
\dspbrk@lvl=\count269
\tag@help=\toks19
\row@=\count270
\column@=\count271
\maxfields@=\count272
\andhelp@=\toks20
\eqnshift@=\dimen145
\alignsep@=\dimen146
\tagshift@=\dimen147
\tagwidth@=\dimen148
\totwidth@=\dimen149
\lineht@=\dimen150
\@envbody=\toks21
\multlinegap=\skip51
\multlinetaggap=\skip52
\mathdisplay@stack=\toks22
LaTeX Info: Redefining \[ on input line 2953.
LaTeX Info: Redefining \] on input line 2954.
)
(/usr/share/texlive/texmf-dist/tex/latex/preprint/authblk.sty
Package: authblk 2001/02/27 1.3 (PWD)
\affilsep=\skip53
\@affilsep=\skip54
\c@Maxaffil=\count273
\c@authors=\count274
\c@affil=\count275
)
(/usr/share/texlive/texmf-dist/tex/latex/fancyhdr/fancyhdr.sty
Package: fancyhdr 2022/11/09 v4.1 Extensive control of page headers and footers

\f@nch@headwidth=\skip55
\f@nch@O@elh=\skip56
\f@nch@O@erh=\skip57
\f@nch@O@olh=\skip58
\f@nch@O@orh=\skip59
\f@nch@O@elf=\skip60
\f@nch@O@erf=\skip61
\f@nch@O@olf=\skip62
\f@nch@O@orf=\skip63
)
(/usr/share/texlive/texmf-dist/tex/latex/geometry/geometry.sty
Package: geometry 2020/01/02 v5.9 Page Geometry

(/usr/share/texlive/texmf-dist/tex/latex/graphics/keyval.sty
Package: keyval 2022/05/29 v1.15 key=value parser (DPC)
\KV@toks@=\toks23
)
(/usr/share/texlive/texmf-dist/tex/generic/iftex/ifvtex.sty
Package: ifvtex 2019/10/25 v1.7 ifvtex legacy package. Use iftex instead.

(/usr/share/texlive/texmf-dist/tex/generic/iftex/iftex.sty
Package: iftex 2022/02/03 v1.0f TeX engine tests
))
\Gm@cnth=\count276
\Gm@cntv=\count277
\c@Gm@tempcnt=\count278
\Gm@bindingoffset=\dimen151
\Gm@wd@mp=\dimen152
\Gm@odd@mp=\dimen153
\Gm@even@mp=\dimen154
\Gm@layoutwidth=\dimen155
\Gm@layoutheight=\dimen156
\Gm@layouthoffset=\dimen157
\Gm@layoutvoffset=\dimen158
\Gm@dimlist=\toks24
)
(/usr/share/texlive/texmf-dist/tex/latex/graphics/graphicx.sty
Package: graphicx 2021/09/16 v1.2d Enhanced LaTeX Graphics (DPC,SPQR)

(/usr/share/texlive/texmf-dist/tex/latex/graphics/graphics.sty
Package: graphics 2022/03/10 v1.4e Standard LaTeX Graphics (DPC,SPQR)

(/usr/share/texlive/texmf-dist/tex/latex/graphics/trig.sty
Package: trig 2021/08/11 v1.11 sin cos tan (DPC)
)
(/usr/share/texlive/texmf-dist/tex/latex/graphics-cfg/graphics.cfg
File: graphics.cfg 2016/06/04 v1.11 sample graphics configuration
)
Package graphics Info: Driver file: pdftex.def on input line 107.

(/usr/share/texlive/texmf-dist/tex/latex/graphics-def/pdftex.def
File: pdftex.def 2022/09/22 v1.2b Graphics/color driver for pdftex
))
\Gin@req@height=\dimen159
\Gin@req@width=\dimen160
)
(/usr/share/texlive/texmf-dist/tex/latex/hyperref/hyperref.sty
Package: hyperref 2022-11-13 v7.00u Hypertext links for LaTeX

(/usr/share/texlive/texmf-dist/tex/generic/ltxcmds/ltxcmds.sty
Package: ltxcmds 2020-05-10 v1.25 LaTeX kernel commands for general use (HO)
)
(/usr/share/texlive/texmf-dist/tex/generic/pdftexcmds/pdftexcmds.sty
Package: pdftexcmds 2020-06-27 v0.33 Utility functions of pdfTeX for LuaTeX (HO
)

(/usr/share/texlive/texmf-dist/tex/generic/infwarerr/infwarerr.sty
Package: infwarerr 2019/12/03 v1.5 Providing info/warning/error messages (HO)
)
Package pdftexcmds Info: \pdf@primitive is available.
Package pdftexcmds Info: \pdf@ifprimitive is available.
Package pdftexcmds Info: \pdfdraftmode found.
)
(/usr/share/texlive/texmf-dist/tex/latex/kvsetkeys/kvsetkeys.sty
Package: kvsetkeys 2022-10-05 v1.19 Key value parser (HO)
)
(/usr/share/texlive/texmf-dist/tex/generic/kvdefinekeys/kvdefinekeys.sty
Package: kvdefinekeys 2019-12-19 v1.6 Define keys (HO)
)
(/usr/share/texlive/texmf-dist/tex/generic/pdfescape/pdfescape.sty
Package: pdfescape 2019/12/09 v1.15 Implements pdfTeX's escape features (HO)
)
(/usr/share/texlive/texmf-dist/tex/latex/hycolor/hycolor.sty
Package: hycolor 2020-01-27 v1.10 Color options for hyperref/bookmark (HO)
)
(/usr/share/texlive/texmf-dist/tex/latex/letltxmacro/letltxmacro.sty
Package: letltxmacro 2019/12/03 v1.6 Let assignment for LaTeX macros (HO)
)
(/usr/share/texlive/texmf-dist/tex/latex/auxhook/auxhook.sty
Package: auxhook 2019-12-17 v1.6 Hooks for auxiliary files (HO)
)
(/usr/share/texlive/texmf-dist/tex/latex/hyperref/nameref.sty
Package: nameref 2022-05-17 v2.50 Cross-referencing by name of section

(/usr/share/texlive/texmf-dist/tex/latex/refcount/refcount.sty
Package: refcount 2019/12/15 v3.6 Data extraction from label references (HO)
)
(/usr/share/texlive/texmf-dist/tex/generic/gettitlestring/gettitlestring.sty
Package: gettitlestring 2019/12/15 v1.6 Cleanup title references (HO)

(/usr/share/texlive/texmf-dist/tex/latex/kvoptions/kvoptions.sty
Package: kvoptions 2022-06-15 v3.15 Key value format for package options (HO)
))
\c@section@level=\count279
)
\@linkdim=\dimen161
\Hy@linkcounter=\count280
\Hy@pagecounter=\count281

(/usr/share/texlive/texmf-dist/tex/latex/hyperref/pd1enc.def
File: pd1enc.def 2022-11-13 v7.00u Hyperref: PDFDocEncoding definition (HO)
Now handling font encoding PD1 ...
... no UTF-8 mapping file for font encoding PD1
)
(/usr/share/texlive/texmf-dist/tex/generic/intcalc/intcalc.sty
Package: intcalc 2019/12/15 v1.3 Expandable calculations with integers (HO)
)
(/usr/share/texlive/texmf-dist/tex/generic/etexcmds/etexcmds.sty
Package: etexcmds 2019/12/15 v1.7 Avoid name clashes with e-TeX commands (HO)
)
\Hy@SavedSpaceFactor=\count282

(/usr/share/texlive/texmf-dist/tex/latex/hyperref/puenc.def
File: puenc.def 2022-11-13 v7.00u Hyperref: PDF Unicode definition (HO)
Now handling font encoding PU ...
... no UTF-8 mapping file for font encoding PU
)
Package hyperref Info: Hyper figures OFF on input line 4162.
Package hyperref Info: Link nesting OFF on input line 4167.
Package hyperref Info: Hyper index ON on input line 4170.
Package hyperref Info: Plain pages OFF on input line 4177.
Package hyperref Info: Backreferencing OFF on input line 4182.
Package hyperref Info: Implicit mode ON; LaTeX internals redefined.
Package hyperref Info: Bookmarks ON on input line 4410.
\c@Hy@tempcnt=\count283

(/usr/share/texlive/texmf-dist/tex/latex/url/url.sty
\Urlmuskip=\muskip17
Package: url 2013/09/16  ver 3.4  Verb mode for urls, etc.
)
LaTeX Info: Redefining \url on input line 4748.
\XeTeXLinkMargin=\dimen162

(/usr/share/texlive/texmf-dist/tex/generic/bitset/bitset.sty
Package: bitset 2019/12/09 v1.3 Handle bit-vector datatype (HO)

(/usr/share/texlive/texmf-dist/tex/generic/bigintcalc/bigintcalc.sty
Package: bigintcalc 2019/12/15 v1.5 Expandable calculations on big integers (HO
)
))
\Fld@menulength=\count284
\Field@Width=\dimen163
\Fld@charsize=\dimen164
Package hyperref Info: Hyper figures OFF on input line 6027.
Package hyperref Info: Link nesting OFF on input line 6032.
Package hyperref Info: Hyper index ON on input line 6035.
Package hyperref Info: backreferencing OFF on input line 6042.
Package hyperref Info: Link coloring OFF on input line 6047.
Package hyperref Info: Link coloring with OCG OFF on input line 6052.
Package hyperref Info: PDF/A mode OFF on input line 6057.

(/usr/share/texlive/texmf-dist/tex/latex/base/atbegshi-ltx.sty
Package: atbegshi-ltx 2021/01/10 v1.0c Emulation of the original atbegshi
package with kernel methods
)
\Hy@abspage=\count285
\c@Item=\count286
\c@Hfootnote=\count287
)
Package hyperref Info: Driver (autodetected): hpdftex.

(/usr/share/texlive/texmf-dist/tex/latex/hyperref/hpdftex.def
File: hpdftex.def 2022-11-13 v7.00u Hyperref driver for pdfTeX

(/usr/share/texlive/texmf-dist/tex/latex/base/atveryend-ltx.sty
Package: atveryend-ltx 2020/08/19 v1.0a Emulation of the original atveryend pac
kage
with kernel methods
)
\Fld@listcount=\count288
\c@bookmark@seq@number=\count289

(/usr/share/texlive/texmf-dist/tex/latex/rerunfilecheck/rerunfilecheck.sty
Package: rerunfilecheck 2022-07-10 v1.10 Rerun checks for auxiliary files (HO)

(/usr/share/texlive/texmf-dist/tex/generic/uniquecounter/uniquecounter.sty
Package: uniquecounter 2019/12/15 v1.4 Provide unlimited unique counter (HO)
)
Package uniquecounter Info: New unique counter `rerunfilecheck' on input line 2
85.
)
\Hy@SectionHShift=\skip64
)
(/usr/share/texlive/texmf-dist/tex/latex/tools/indentfirst.sty
Package: indentfirst 1995/11/23 v1.03 Indent first paragraph (DPC)
)
(/usr/share/texlive/texmf-dist/tex/latex/l3backend/l3backend-pdftex.def
File: l3backend-pdftex.def 2023-01-16 L3 backend support: PDF output (pdfTeX)
\l__color_backend_stack_int=\count290
\l__pdf_internal_box=\box53
)
(./main.aux)
\openout1 = `main.aux'.

LaTeX Font Info:    Checking defaults for OML/cmm/m/it on input line 37.
LaTeX Font Info:    ... okay on input line 37.
LaTeX Font Info:    Checking defaults for OMS/cmsy/m/n on input line 37.
LaTeX Font Info:    ... okay on input line 37.
LaTeX Font Info:    Checking defaults for OT1/cmr/m/n on input line 37.
LaTeX Font Info:    ... okay on input line 37.
LaTeX Font Info:    Checking defaults for T1/cmr/m/n on input line 37.
LaTeX Font Info:    ... okay on input line 37.
LaTeX Font Info:    Checking defaults for TS1/cmr/m/n on input line 37.
LaTeX Font Info:    ... okay on input line 37.
LaTeX Font Info:    Checking defaults for OMX/cmex/m/n on input line 37.
LaTeX Font Info:    ... okay on input line 37.
LaTeX Font Info:    Checking defaults for U/cmr/m/n on input line 37.
LaTeX Font Info:    ... okay on input line 37.
LaTeX Font Info:    Checking defaults for PD1/pdf/m/n on input line 37.
LaTeX Font Info:    ... okay on input line 37.
LaTeX Font Info:    Checking defaults for PU/pdf/m/n on input line 37.
LaTeX Font Info:    ... okay on input line 37.

*geometry* driver: auto-detecting
*geometry* detected driver: pdftex
*geometry* verbose mode - [ preamble ] result:
* driver: pdftex
* paper: <default>
* layout: <same size as paper>
* layoutoffset:(h,v)=(0.0pt,0.0pt)
* modes: 
* h-part:(L,W,R)=(42.67912pt, 528.93675pt, 42.67912pt)
* v-part:(T,H,B)=(56.9055pt, 681.15898pt, 56.9055pt)
* \paperwidth=614.295pt
* \paperheight=794.96999pt
* \textwidth=528.93675pt
* \textheight=681.15898pt
* \oddsidemargin=-29.59087pt
* \evensidemargin=-29.59087pt
* \topmargin=-52.36449pt
* \headheight=12.0pt
* \headsep=25.0pt
* \topskip=10.0pt
* \footskip=30.0pt
* \marginparwidth=4.0pt
* \marginparsep=10.0pt
* \columnsep=10.0pt
* \skip\footins=9.0pt plus 4.0pt minus 2.0pt
* \hoffset=0.0pt
* \voffset=0.0pt
* \mag=1000
* \@twocolumntrue
* \@twosidefalse
* \@mparswitchfalse
* \@reversemarginfalse
* (1in=72.27pt=25.4mm, 1cm=28.453pt)

(/usr/share/texlive/texmf-dist/tex/context/base/mkii/supp-pdf.mkii
[Loading MPS to PDF converter (version 2006.09.02).]
\scratchcounter=\count291
\scratchdimen=\dimen165
\scratchbox=\box54
\nofMPsegments=\count292
\nofMParguments=\count293
\everyMPshowfont=\toks25
\MPscratchCnt=\count294
\MPscratchDim=\dimen166
\MPnumerator=\count295
\makeMPintoPDFobject=\count296
\everyMPtoPDFconversion=\toks26
) (/usr/share/texlive/texmf-dist/tex/latex/epstopdf-pkg/epstopdf-base.sty
Package: epstopdf-base 2020-01-24 v2.11 Base part for package epstopdf
Package epstopdf-base Info: Redefining graphics rule for `.eps' on input line 4
85.

(/usr/share/texlive/texmf-dist/tex/latex/latexconfig/epstopdf-sys.cfg
File: epstopdf-sys.cfg 2010/07/13 v1.3 Configuration of (r)epstopdf for TeX Liv
e
))
Package hyperref Info: Link coloring OFF on input line 37.

(./main.out) (./main.out)
\@outlinefile=\write3
\openout3 = `main.out'.


Underfull \vbox (badness 10000) has occurred while \output is active []

 [1{/var/lib/texmf/fonts/map/pdftex/updmap/pdftex.map}


]
<Figures/1D Position Plot.png, id=67, 393.47pt x 279.0425pt>
File: Figures/1D Position Plot.png Graphic file (type png)
<use Figures/1D Position Plot.png>
Package pdftex.def Info: Figures/1D Position Plot.png  used on input line 141.
(pdftex.def)             Requested size: 227.61836pt x 142.2672pt.
<Figures/2-Body Cartoon.png, id=70, 1179.40625pt x 724.7075pt>
File: Figures/2-Body Cartoon.png Graphic file (type png)
<use Figures/2-Body Cartoon.png>
Package pdftex.def Info: Figures/2-Body Cartoon.png  used on input line 157.
(pdftex.def)             Requested size: 227.61678pt x 142.26286pt.
 [2 <./Figures/1D Position Plot.png> <./Figures/2-Body Cartoon.png>]
<Figures/2-Body (1).png, id=92, 395.4775pt x 279.0425pt>
File: Figures/2-Body (1).png Graphic file (type png)
<use Figures/2-Body (1).png>
Package pdftex.def Info: Figures/2-Body (1).png  used on input line 184.
(pdftex.def)             Requested size: 227.62106pt x 142.2672pt.
<Figures/2-Body (2).png, id=94, 395.4775pt x 279.0425pt>
File: Figures/2-Body (2).png Graphic file (type png)
<use Figures/2-Body (2).png>
Package pdftex.def Info: Figures/2-Body (2).png  used on input line 196.
(pdftex.def)             Requested size: 227.62106pt x 142.2672pt.

Underfull \hbox (badness 3209) in paragraph at lines 205--205
[]\OT1/cmr/bx/n/14.4 Planetary and Ce-les-tial Body
 []

[3 <./Figures/2-Body (1).png> <./Figures/2-Body (2).png>]
<Figures/Earth Orbit.png, id=108, 399.4925pt x 279.0425pt>
File: Figures/Earth Orbit.png Graphic file (type png)
<use Figures/Earth Orbit.png>
Package pdftex.def Info: Figures/Earth Orbit.png  used on input line 219.
(pdftex.def)             Requested size: 227.62164pt x 142.2672pt.
<Figures/FP Pluto Orbit.png, id=110, 389.455pt x 279.0425pt>
File: Figures/FP Pluto Orbit.png Graphic file (type png)
<use Figures/FP Pluto Orbit.png>
Package pdftex.def Info: Figures/FP Pluto Orbit.png  used on input line 230.
(pdftex.def)             Requested size: 227.6193pt x 142.2672pt.
<Figures/2-Body Fly By (1).png, id=112, 390.45876pt x 277.035pt>
File: Figures/2-Body Fly By (1).png Graphic file (type png)
<use Figures/2-Body Fly By (1).png>
Package pdftex.def Info: Figures/2-Body Fly By (1).png  used on input line 246.

(pdftex.def)             Requested size: 227.62207pt x 142.26245pt.
<Figures/2-Body Fly By (2).png, id=114, 398.48875pt x 277.035pt>
File: Figures/2-Body Fly By (2).png Graphic file (type png)
<use Figures/2-Body Fly By (2).png>
Package pdftex.def Info: Figures/2-Body Fly By (2).png  used on input line 257.

(pdftex.def)             Requested size: 227.62129pt x 142.26245pt.
 [4 <./Figures/Earth Orbit.png> <./Figures/FP Pluto Orbit.png> <./Figures/2-Bod
y Fly By (1).png> <./Figures/2-Body Fly By (2).png>]
<Figures/2-Body Fly By (3).png, id=129, 390.45876pt x 277.035pt>
File: Figures/2-Body Fly By (3).png Graphic file (type png)
<use Figures/2-Body Fly By (3).png>
Package pdftex.def Info: Figures/2-Body Fly By (3).png  used on input line 270.

(pdftex.def)             Requested size: 227.62207pt x 142.26245pt.


LaTeX Warning: Reference `Fig. 2B Fly By 1' on page 5 undefined on input line 2
75.

<Figures/2-Body Fly By (4).png, id=133, 397.485pt x 277.035pt>
File: Figures/2-Body Fly By (4).png Graphic file (type png)
<use Figures/2-Body Fly By (4).png>
Package pdftex.def Info: Figures/2-Body Fly By (4).png  used on input line 281.

(pdftex.def)             Requested size: 227.63019pt x 142.26245pt.
<Figures/2-Body Fly By (5).png, id=142, 391.4625pt x 277.035pt>
File: Figures/2-Body Fly By (5).png Graphic file (type png)
<use Figures/2-Body Fly By (5).png>
Package pdftex.def Info: Figures/2-Body Fly By (5).png  used on input line 292.

(pdftex.def)             Requested size: 227.62183pt x 142.26245pt.
[5 <./Figures/2-Body Fly By (3).png> <./Figures/2-Body Fly By (4).png> <./Figur
es/2-Body Fly By (5).png>]
<Figures/3-Body Cartoon (1).png, id=157, 1261.71375pt x 792.9625pt>
File: Figures/3-Body Cartoon (1).png Graphic file (type png)
<use Figures/3-Body Cartoon (1).png>
Package pdftex.def Info: Figures/3-Body Cartoon (1).png  used on input line 338
.
(pdftex.def)             Requested size: 227.61848pt x 142.2552pt.
<Figures/3-Body Dynamics (1).png, id=159, 390.45876pt x 279.0425pt>
File: Figures/3-Body Dynamics (1).png Graphic file (type png)
<use Figures/3-Body Dynamics (1).png>
Package pdftex.def Info: Figures/3-Body Dynamics (1).png  used on input line 35
0.
(pdftex.def)             Requested size: 227.62207pt x 142.2672pt.
<Figures/3-Body Dynamics (2).png, id=162, 405.515pt x 279.0425pt>
File: Figures/3-Body Dynamics (2).png Graphic file (type png)
<use Figures/3-Body Dynamics (2).png>
Package pdftex.def Info: Figures/3-Body Dynamics (2).png  used on input line 36
1.
(pdftex.def)             Requested size: 227.62517pt x 142.2672pt.
<Figures/3-Body Dynamics (3).png, id=166, 405.515pt x 279.0425pt>
File: Figures/3-Body Dynamics (3).png Graphic file (type png)
<use Figures/3-Body Dynamics (3).png>
Package pdftex.def Info: Figures/3-Body Dynamics (3).png  used on input line 37
4.
(pdftex.def)             Requested size: 227.62517pt x 142.2672pt.
 [6 <./Figures/3-Body Cartoon (1).png> <./Figures/3-Body Dynamics (1).png> <./F
igures/3-Body Dynamics (2).png>]
<Figures/3-Body Dynamics (4).png, id=182, 398.48875pt x 279.0425pt>
File: Figures/3-Body Dynamics (4).png Graphic file (type png)
<use Figures/3-Body Dynamics (4).png>
Package pdftex.def Info: Figures/3-Body Dynamics (4).png  used on input line 38
5.
(pdftex.def)             Requested size: 227.62129pt x 142.2672pt.
<Figures/3-Body Dynamics (5).png, id=186, 398.48875pt x 279.0425pt>
File: Figures/3-Body Dynamics (5).png Graphic file (type png)
<use Figures/3-Body Dynamics (5).png>
Package pdftex.def Info: Figures/3-Body Dynamics (5).png  used on input line 39
7.
(pdftex.def)             Requested size: 227.62129pt x 142.2672pt.
<Figures/3-Body Dynamics (6).png, id=188, 399.4925pt x 279.0425pt>
File: Figures/3-Body Dynamics (6).png Graphic file (type png)
<use Figures/3-Body Dynamics (6).png>
Package pdftex.def Info: Figures/3-Body Dynamics (6).png  used on input line 41
0.
(pdftex.def)             Requested size: 227.62164pt x 142.2672pt.
<Figures/3-Body Dynamics (7).png, id=191, 389.455pt x 279.0425pt>
File: Figures/3-Body Dynamics (7).png Graphic file (type png)
<use Figures/3-Body Dynamics (7).png>
Package pdftex.def Info: Figures/3-Body Dynamics (7).png  used on input line 42
1.
(pdftex.def)             Requested size: 227.6193pt x 142.2672pt.
 [7 <./Figures/3-Body Dynamics (3).png> <./Figures/3-Body Dynamics (4).png> <./
Figures/3-Body Dynamics (5).png> <./Figures/3-Body Dynamics (6).png>]
<Figures/3-Body Dynamics (8).png, id=205, 404.51125pt x 279.0425pt>
File: Figures/3-Body Dynamics (8).png Graphic file (type png)
<use Figures/3-Body Dynamics (8).png>
Package pdftex.def Info: Figures/3-Body Dynamics (8).png  used on input line 43
2.
(pdftex.def)             Requested size: 227.62343pt x 142.2672pt.
<Figures/3-Body Cartoon (2).png, id=211, 1145.27875pt x 653.44125pt>
File: Figures/3-Body Cartoon (2).png Graphic file (type png)
<use Figures/3-Body Cartoon (2).png>
Package pdftex.def Info: Figures/3-Body Cartoon (2).png  used on input line 445
.
(pdftex.def)             Requested size: 227.6187pt x 135.14284pt.


LaTeX Warning: `h' float specifier changed to `ht'.

<Figures/3-Body Dynamics (9).png, id=212, 405.515pt x 279.0425pt>
File: Figures/3-Body Dynamics (9).png Graphic file (type png)
<use Figures/3-Body Dynamics (9).png>
Package pdftex.def Info: Figures/3-Body Dynamics (9).png  used on input line 45
8.
(pdftex.def)             Requested size: 227.62517pt x 135.15236pt.
<Figures/3-Body Dynamics (10).png, id=214, 398.48875pt x 279.0425pt>
File: Figures/3-Body Dynamics (10).png Graphic file (type png)
<use Figures/3-Body Dynamics (10).png>
Package pdftex.def Info: Figures/3-Body Dynamics (10).png  used on input line 4
69.
(pdftex.def)             Requested size: 227.62129pt x 135.15236pt.
<Figures/3-Body Dynamics (11).png, id=217, 389.455pt x 279.0425pt>
File: Figures/3-Body Dynamics (11).png Graphic file (type png)
<use Figures/3-Body Dynamics (11).png>
Package pdftex.def Info: Figures/3-Body Dynamics (11).png  used on input line 4
80.
(pdftex.def)             Requested size: 227.6193pt x 135.15236pt.
[8 <./Figures/3-Body Dynamics (7).png> <./Figures/3-Body Dynamics (8).png> <./F
igures/3-Body Cartoon (2).png> <./Figures/3-Body Dynamics (9).png> <./Figures/3
-Body Dynamics (10).png>]

LaTeX Warning: Reference `Fig. 3-Body Dynamics 1' on page 9 undefined on input 
line 485.


LaTeX Warning: Reference `Fig. 3-Body Dynamics 1' on page 9 undefined on input 
line 487.

<Figures/3-Body Dynamics (12).png, id=235, 398.48875pt x 279.0425pt>
File: Figures/3-Body Dynamics (12).png Graphic file (type png)
<use Figures/3-Body Dynamics (12).png>
Package pdftex.def Info: Figures/3-Body Dynamics (12).png  used on input line 4
94.
(pdftex.def)             Requested size: 227.62129pt x 135.15236pt.
<Figures/3-Body Dynamics (13).png, id=237, 403.5075pt x 279.0425pt>
File: Figures/3-Body Dynamics (13).png Graphic file (type png)
<use Figures/3-Body Dynamics (13).png>
Package pdftex.def Info: Figures/3-Body Dynamics (13).png  used on input line 5
05.
(pdftex.def)             Requested size: 227.62505pt x 135.15236pt.
<Figures/3-Body Dynamics (14).png, id=238, 398.48875pt x 279.0425pt>
File: Figures/3-Body Dynamics (14).png Graphic file (type png)
<use Figures/3-Body Dynamics (14).png>
Package pdftex.def Info: Figures/3-Body Dynamics (14).png  used on input line 5
16.
(pdftex.def)             Requested size: 227.62129pt x 128.04176pt.
[9 <./Figures/3-Body Dynamics (11).png> <./Figures/3-Body Dynamics (12).png> <.
/Figures/3-Body Dynamics (13).png> <./Figures/3-Body Dynamics (14).png>]
<Figures/3-Body Dynamics (15).png, id=252, 398.48875pt x 279.0425pt>
File: Figures/3-Body Dynamics (15).png Graphic file (type png)
<use Figures/3-Body Dynamics (15).png>
Package pdftex.def Info: Figures/3-Body Dynamics (15).png  used on input line 5
27.
(pdftex.def)             Requested size: 227.62129pt x 142.2672pt.

[10

 <./Figures/3-Body Dynamics (15).png>] [11



] (./main.aux)

LaTeX Warning: There were undefined references.

Package rerunfilecheck Info: File `main.out' has not changed.
(rerunfilecheck)             Checksum: F8515EAF62DCA7B13EB442A2B143FD7C;1327.
 ) 
Here is how much of TeX's memory you used:
 10931 strings out of 476091
 177086 string characters out of 5794082
 1873330 words of memory out of 5000000
 31084 multiletter control sequences out of 15000+600000
 519629 words of font info for 57 fonts, out of 8000000 for 9000
 1141 hyphenation exceptions out of 8191
 75i,12n,76p,1055b,472s stack positions out of 10000i,1000n,20000p,200000b,200000s
</usr/share/texlive/texmf-dist/fonts/type1/public/amsfonts/cm/cmbx10.pfb></us
r/share/texlive/texmf-dist/fonts/type1/public/amsfonts/cm/cmbx12.pfb></usr/shar
e/texlive/texmf-dist/fonts/type1/public/amsfonts/cm/cmbx9.pfb></usr/share/texli
ve/texmf-dist/fonts/type1/public/amsfonts/cm/cmex10.pfb></usr/share/texlive/tex
mf-dist/fonts/type1/public/amsfonts/cm/cmmi10.pfb></usr/share/texlive/texmf-dis
t/fonts/type1/public/amsfonts/cm/cmmi7.pfb></usr/share/texlive/texmf-dist/fonts
/type1/public/amsfonts/cm/cmmi9.pfb></usr/share/texlive/texmf-dist/fonts/type1/
public/amsfonts/cm/cmr10.pfb></usr/share/texlive/texmf-dist/fonts/type1/public/
amsfonts/cm/cmr12.pfb></usr/share/texlive/texmf-dist/fonts/type1/public/amsfont
s/cm/cmr5.pfb></usr/share/texlive/texmf-dist/fonts/type1/public/amsfonts/cm/cmr
6.pfb></usr/share/texlive/texmf-dist/fonts/type1/public/amsfonts/cm/cmr7.pfb></
usr/share/texlive/texmf-dist/fonts/type1/public/amsfonts/cm/cmr9.pfb></usr/shar
e/texlive/texmf-dist/fonts/type1/public/amsfonts/cm/cmsy10.pfb></usr/share/texl
ive/texmf-dist/fonts/type1/public/amsfonts/cm/cmti10.pfb></usr/share/texlive/te
xmf-dist/fonts/type1/public/amsfonts/cm/cmti9.pfb></usr/share/texlive/texmf-dis
t/fonts/type1/public/amsfonts/cm/cmtt10.pfb>
Output written on main.pdf (11 pages, 982043 bytes).
PDF statistics:
 358 PDF objects out of 1000 (max. 8388607)
 255 compressed objects within 3 object streams
 66 named destinations out of 1000 (max. 500000)
 205 words of extra memory for PDF output out of 10000 (max. 10000000)

