This is pdfTeX, Version 3.14159265-2.6-1.40.20 (MiKTeX 2.9.7140 64-bit) (preloaded format=pdflatex 2019.9.25)  27 APR 2020 16:50
entering extended mode
**"./PHYS 494 Quantum Parameter Estimation.tex"
("PHYS 494 Quantum Parameter Estimation.tex"
LaTeX2e <2018-12-01>
("C:\Users\Admin\AppData\Local\Programs\MiKTeX 2.9\tex/latex/beamer\beamer.cls"
Document Class: beamer 2019/07/23 v3.56 A class for typesetting presentations

("C:\Users\Admin\AppData\Local\Programs\MiKTeX 2.9\tex/latex/beamer\beamerbasem
odes.sty"
("C:\Users\Admin\AppData\Local\Programs\MiKTeX 2.9\tex/latex/etoolbox\etoolbox.
sty"
Package: etoolbox 2019/09/21 v2.5h e-TeX tools for LaTeX (JAW)
\etb@tempcnta=\count80
)
\beamer@tempbox=\box27
\beamer@tempcount=\count81
\c@beamerpauses=\count82

("C:\Users\Admin\AppData\Local\Programs\MiKTeX 2.9\tex/latex/beamer\beamerbased
ecode.sty"
\beamer@slideinframe=\count83
\beamer@minimum=\count84
\beamer@decode@box=\box28
)
\beamer@commentbox=\box29
\beamer@modecount=\count85
)
("C:\Users\Admin\AppData\Local\Programs\MiKTeX 2.9\tex/generic/oberdiek\ifpdf.s
ty"
Package: ifpdf 2018/09/07 v3.3 Provides the ifpdf switch
)
\headdp=\dimen102
\footheight=\dimen103
\sidebarheight=\dimen104
\beamer@tempdim=\dimen105
\beamer@finalheight=\dimen106
\beamer@animht=\dimen107
\beamer@animdp=\dimen108
\beamer@animwd=\dimen109
\beamer@leftmargin=\dimen110
\beamer@rightmargin=\dimen111
\beamer@leftsidebar=\dimen112
\beamer@rightsidebar=\dimen113
\beamer@boxsize=\dimen114
\beamer@vboxoffset=\dimen115
\beamer@descdefault=\dimen116
\beamer@descriptionwidth=\dimen117
\beamer@lastskip=\skip41
\beamer@areabox=\box30
\beamer@animcurrent=\box31
\beamer@animshowbox=\box32
\beamer@sectionbox=\box33
\beamer@logobox=\box34
\beamer@linebox=\box35
\beamer@sectioncount=\count86
\beamer@subsubsectionmax=\count87
\beamer@subsectionmax=\count88
\beamer@sectionmax=\count89
\beamer@totalheads=\count90
\beamer@headcounter=\count91
\beamer@partstartpage=\count92
\beamer@sectionstartpage=\count93
\beamer@subsectionstartpage=\count94
\beamer@animationtempa=\count95
\beamer@animationtempb=\count96
\beamer@xpos=\count97
\beamer@ypos=\count98
\beamer@ypos@offset=\count99
\beamer@showpartnumber=\count100
\beamer@currentsubsection=\count101
\beamer@coveringdepth=\count102
\beamer@sectionadjust=\count103
\beamer@tocsectionnumber=\count104

("C:\Users\Admin\AppData\Local\Programs\MiKTeX 2.9\tex/latex/beamer\beamerbaseo
ptions.sty"
("C:\Users\Admin\AppData\Local\Programs\MiKTeX 2.9\tex/latex/graphics\keyval.st
y"
Package: keyval 2014/10/28 v1.15 key=value parser (DPC)
\KV@toks@=\toks14
))
\beamer@paperwidth=\skip42
\beamer@paperheight=\skip43

("C:\Users\Admin\AppData\Local\Programs\MiKTeX 2.9\tex/latex/geometry\geometry.
sty"
Package: geometry 2018/04/16 v5.8 Page Geometry

("C:\Users\Admin\AppData\Local\Programs\MiKTeX 2.9\tex/generic/oberdiek\ifvtex.
sty"
Package: ifvtex 2016/05/16 v1.6 Detect VTeX and its facilities (HO)
Package ifvtex Info: VTeX not detected.
)
("C:\Users\Admin\AppData\Local\Programs\MiKTeX 2.9\tex/generic/ifxetex\ifxetex.
sty"
Package: ifxetex 2010/09/12 v0.6 Provides ifxetex conditional
)
\Gm@cnth=\count105
\Gm@cntv=\count106
\c@Gm@tempcnt=\count107
\Gm@bindingoffset=\dimen118
\Gm@wd@mp=\dimen119
\Gm@odd@mp=\dimen120
\Gm@even@mp=\dimen121
\Gm@layoutwidth=\dimen122
\Gm@layoutheight=\dimen123
\Gm@layouthoffset=\dimen124
\Gm@layoutvoffset=\dimen125
\Gm@dimlist=\toks15

("C:\Users\Admin\AppData\Local\Programs\MiKTeX 2.9\tex/latex/geometry\geometry.
cfg"))
("C:\Users\Admin\AppData\Local\Programs\MiKTeX 2.9\tex/latex/base\size11.clo"
File: size11.clo 2018/09/03 v1.4i Standard LaTeX file (size option)
)
("C:\Users\Admin\AppData\Local\Programs\MiKTeX 2.9\tex/latex/pgf/basiclayer\pgf
core.sty"
("C:\Users\Admin\AppData\Local\Programs\MiKTeX 2.9\tex/latex/graphics\graphicx.
sty"
Package: graphicx 2017/06/01 v1.1a Enhanced LaTeX Graphics (DPC,SPQR)

("C:\Users\Admin\AppData\Local\Programs\MiKTeX 2.9\tex/latex/graphics\graphics.
sty"
Package: graphics 2017/06/25 v1.2c Standard LaTeX Graphics (DPC,SPQR)

("C:\Users\Admin\AppData\Local\Programs\MiKTeX 2.9\tex/latex/graphics\trig.sty"
Package: trig 2016/01/03 v1.10 sin cos tan (DPC)
)
("C:\Users\Admin\AppData\Local\Programs\MiKTeX 2.9\tex/latex/graphics-cfg\graph
ics.cfg"
File: graphics.cfg 2016/06/04 v1.11 sample graphics configuration
)
Package graphics Info: Driver file: pdftex.def on input line 99.

("C:\Users\Admin\AppData\Local\Programs\MiKTeX 2.9\tex/latex/graphics-def\pdfte
x.def"
File: pdftex.def 2018/01/08 v1.0l Graphics/color driver for pdftex
))
\Gin@req@height=\dimen126
\Gin@req@width=\dimen127
)
("C:\Users\Admin\AppData\Local\Programs\MiKTeX 2.9\tex/latex/pgf/systemlayer\pg
fsys.sty"
("C:\Users\Admin\AppData\Local\Programs\MiKTeX 2.9\tex/latex/pgf/utilities\pgfr
cs.sty"
("C:\Users\Admin\AppData\Local\Programs\MiKTeX 2.9\tex/generic/pgf/utilities\pg
futil-common.tex"
\pgfutil@everybye=\toks16
\pgfutil@tempdima=\dimen128
\pgfutil@tempdimb=\dimen129

("C:\Users\Admin\AppData\Local\Programs\MiKTeX 2.9\tex/generic/pgf/utilities\pg
futil-common-lists.tex"))
("C:\Users\Admin\AppData\Local\Programs\MiKTeX 2.9\tex/generic/pgf/utilities\pg
futil-latex.def"
\pgfutil@abb=\box36

("C:\Users\Admin\AppData\Local\Programs\MiKTeX 2.9\tex/latex/ms\everyshi.sty"
Package: everyshi 2001/05/15 v3.00 EveryShipout Package (MS)
))
("C:\Users\Admin\AppData\Local\Programs\MiKTeX 2.9\tex/generic/pgf/utilities\pg
frcs.code.tex"
("C:\Users\Admin\AppData\Local\Programs\MiKTeX 2.9\tex/generic/pgf\pgf.revision
.tex")
Package: pgfrcs 2019/08/03 v3.1.4b (3.1.4b)
))
("C:\Users\Admin\AppData\Local\Programs\MiKTeX 2.9\tex/generic/pgf/systemlayer\
pgfsys.code.tex"
Package: pgfsys 2019/08/03 v3.1.4b (3.1.4b)

("C:\Users\Admin\AppData\Local\Programs\MiKTeX 2.9\tex/generic/pgf/utilities\pg
fkeys.code.tex"
\pgfkeys@pathtoks=\toks17
\pgfkeys@temptoks=\toks18

("C:\Users\Admin\AppData\Local\Programs\MiKTeX 2.9\tex/generic/pgf/utilities\pg
fkeysfiltered.code.tex"
\pgfkeys@tmptoks=\toks19
))
\pgf@x=\dimen130
\pgf@y=\dimen131
\pgf@xa=\dimen132
\pgf@ya=\dimen133
\pgf@xb=\dimen134
\pgf@yb=\dimen135
\pgf@xc=\dimen136
\pgf@yc=\dimen137
\pgf@xd=\dimen138
\pgf@yd=\dimen139
\w@pgf@writea=\write3
\r@pgf@reada=\read1
\c@pgf@counta=\count108
\c@pgf@countb=\count109
\c@pgf@countc=\count110
\c@pgf@countd=\count111
\t@pgf@toka=\toks20
\t@pgf@tokb=\toks21
\t@pgf@tokc=\toks22
\pgf@sys@id@count=\count112

("C:\Users\Admin\AppData\Local\Programs\MiKTeX 2.9\tex/generic/pgf/systemlayer\
pgf.cfg"
File: pgf.cfg 2019/08/03 v3.1.4b (3.1.4b)
)
Driver file for pgf: pgfsys-pdftex.def

("C:\Users\Admin\AppData\Local\Programs\MiKTeX 2.9\tex/generic/pgf/systemlayer\
pgfsys-pdftex.def"
File: pgfsys-pdftex.def 2019/08/03 v3.1.4b (3.1.4b)

("C:\Users\Admin\AppData\Local\Programs\MiKTeX 2.9\tex/generic/pgf/systemlayer\
pgfsys-common-pdf.def"
File: pgfsys-common-pdf.def 2019/08/03 v3.1.4b (3.1.4b)
)))
("C:\Users\Admin\AppData\Local\Programs\MiKTeX 2.9\tex/generic/pgf/systemlayer\
pgfsyssoftpath.code.tex"
File: pgfsyssoftpath.code.tex 2019/08/03 v3.1.4b (3.1.4b)
\pgfsyssoftpath@smallbuffer@items=\count113
\pgfsyssoftpath@bigbuffer@items=\count114
)
("C:\Users\Admin\AppData\Local\Programs\MiKTeX 2.9\tex/generic/pgf/systemlayer\
pgfsysprotocol.code.tex"
File: pgfsysprotocol.code.tex 2019/08/03 v3.1.4b (3.1.4b)
))
("C:\Users\Admin\AppData\Local\Programs\MiKTeX 2.9\tex/latex/xcolor\xcolor.sty"
Package: xcolor 2016/05/11 v2.12 LaTeX color extensions (UK)

("C:\Users\Admin\AppData\Local\Programs\MiKTeX 2.9\tex/latex/graphics-cfg\color
.cfg"
File: color.cfg 2016/01/02 v1.6 sample color configuration
)
Package xcolor Info: Driver file: pdftex.def on input line 225.
Package xcolor Info: Model `cmy' substituted by `cmy0' on input line 1348.
Package xcolor Info: Model `hsb' substituted by `rgb' on input line 1352.
Package xcolor Info: Model `RGB' extended on input line 1364.
Package xcolor Info: Model `HTML' substituted by `rgb' on input line 1366.
Package xcolor Info: Model `Hsb' substituted by `hsb' on input line 1367.
Package xcolor Info: Model `tHsb' substituted by `hsb' on input line 1368.
Package xcolor Info: Model `HSB' substituted by `hsb' on input line 1369.
Package xcolor Info: Model `Gray' substituted by `gray' on input line 1370.
Package xcolor Info: Model `wave' substituted by `hsb' on input line 1371.
)
("C:\Users\Admin\AppData\Local\Programs\MiKTeX 2.9\tex/generic/pgf/basiclayer\p
gfcore.code.tex"
Package: pgfcore 2019/08/03 v3.1.4b (3.1.4b)

("C:\Users\Admin\AppData\Local\Programs\MiKTeX 2.9\tex/generic/pgf/math\pgfmath
.code.tex"
("C:\Users\Admin\AppData\Local\Programs\MiKTeX 2.9\tex/generic/pgf/math\pgfmath
calc.code.tex"
("C:\Users\Admin\AppData\Local\Programs\MiKTeX 2.9\tex/generic/pgf/math\pgfmath
util.code.tex")
("C:\Users\Admin\AppData\Local\Programs\MiKTeX 2.9\tex/generic/pgf/math\pgfmath
parser.code.tex"
\pgfmath@dimen=\dimen140
\pgfmath@count=\count115
\pgfmath@box=\box37
\pgfmath@toks=\toks23
\pgfmath@stack@operand=\toks24
\pgfmath@stack@operation=\toks25
)
("C:\Users\Admin\AppData\Local\Programs\MiKTeX 2.9\tex/generic/pgf/math\pgfmath
functions.code.tex"
("C:\Users\Admin\AppData\Local\Programs\MiKTeX 2.9\tex/generic/pgf/math\pgfmath
functions.basic.code.tex")
("C:\Users\Admin\AppData\Local\Programs\MiKTeX 2.9\tex/generic/pgf/math\pgfmath
functions.trigonometric.code.tex")
("C:\Users\Admin\AppData\Local\Programs\MiKTeX 2.9\tex/generic/pgf/math\pgfmath
functions.random.code.tex")
("C:\Users\Admin\AppData\Local\Programs\MiKTeX 2.9\tex/generic/pgf/math\pgfmath
functions.comparison.code.tex")
("C:\Users\Admin\AppData\Local\Programs\MiKTeX 2.9\tex/generic/pgf/math\pgfmath
functions.base.code.tex")
("C:\Users\Admin\AppData\Local\Programs\MiKTeX 2.9\tex/generic/pgf/math\pgfmath
functions.round.code.tex")
("C:\Users\Admin\AppData\Local\Programs\MiKTeX 2.9\tex/generic/pgf/math\pgfmath
functions.misc.code.tex")
("C:\Users\Admin\AppData\Local\Programs\MiKTeX 2.9\tex/generic/pgf/math\pgfmath
functions.integerarithmetics.code.tex")))
("C:\Users\Admin\AppData\Local\Programs\MiKTeX 2.9\tex/generic/pgf/math\pgfmath
float.code.tex"
\c@pgfmathroundto@lastzeros=\count116
))
("C:\Users\Admin\AppData\Local\Programs\MiKTeX 2.9\tex/generic/pgf/math\pgfint.
code.tex")
("C:\Users\Admin\AppData\Local\Programs\MiKTeX 2.9\tex/generic/pgf/basiclayer\p
gfcorepoints.code.tex"
File: pgfcorepoints.code.tex 2019/08/03 v3.1.4b (3.1.4b)
\pgf@picminx=\dimen141
\pgf@picmaxx=\dimen142
\pgf@picminy=\dimen143
\pgf@picmaxy=\dimen144
\pgf@pathminx=\dimen145
\pgf@pathmaxx=\dimen146
\pgf@pathminy=\dimen147
\pgf@pathmaxy=\dimen148
\pgf@xx=\dimen149
\pgf@xy=\dimen150
\pgf@yx=\dimen151
\pgf@yy=\dimen152
\pgf@zx=\dimen153
\pgf@zy=\dimen154
)
("C:\Users\Admin\AppData\Local\Programs\MiKTeX 2.9\tex/generic/pgf/basiclayer\p
gfcorepathconstruct.code.tex"
File: pgfcorepathconstruct.code.tex 2019/08/03 v3.1.4b (3.1.4b)
\pgf@path@lastx=\dimen155
\pgf@path@lasty=\dimen156
)
("C:\Users\Admin\AppData\Local\Programs\MiKTeX 2.9\tex/generic/pgf/basiclayer\p
gfcorepathusage.code.tex"
File: pgfcorepathusage.code.tex 2019/08/03 v3.1.4b (3.1.4b)
\pgf@shorten@end@additional=\dimen157
\pgf@shorten@start@additional=\dimen158
)
("C:\Users\Admin\AppData\Local\Programs\MiKTeX 2.9\tex/generic/pgf/basiclayer\p
gfcorescopes.code.tex"
File: pgfcorescopes.code.tex 2019/08/03 v3.1.4b (3.1.4b)
\pgfpic=\box38
\pgf@hbox=\box39
\pgf@layerbox@main=\box40
\pgf@picture@serial@count=\count117
)
("C:\Users\Admin\AppData\Local\Programs\MiKTeX 2.9\tex/generic/pgf/basiclayer\p
gfcoregraphicstate.code.tex"
File: pgfcoregraphicstate.code.tex 2019/08/03 v3.1.4b (3.1.4b)
\pgflinewidth=\dimen159
)
("C:\Users\Admin\AppData\Local\Programs\MiKTeX 2.9\tex/generic/pgf/basiclayer\p
gfcoretransformations.code.tex"
File: pgfcoretransformations.code.tex 2019/08/03 v3.1.4b (3.1.4b)
\pgf@pt@x=\dimen160
\pgf@pt@y=\dimen161
\pgf@pt@temp=\dimen162
)
("C:\Users\Admin\AppData\Local\Programs\MiKTeX 2.9\tex/generic/pgf/basiclayer\p
gfcorequick.code.tex"
File: pgfcorequick.code.tex 2019/08/03 v3.1.4b (3.1.4b)
)
("C:\Users\Admin\AppData\Local\Programs\MiKTeX 2.9\tex/generic/pgf/basiclayer\p
gfcoreobjects.code.tex"
File: pgfcoreobjects.code.tex 2019/08/03 v3.1.4b (3.1.4b)
)
("C:\Users\Admin\AppData\Local\Programs\MiKTeX 2.9\tex/generic/pgf/basiclayer\p
gfcorepathprocessing.code.tex"
File: pgfcorepathprocessing.code.tex 2019/08/03 v3.1.4b (3.1.4b)
)
("C:\Users\Admin\AppData\Local\Programs\MiKTeX 2.9\tex/generic/pgf/basiclayer\p
gfcorearrows.code.tex"
File: pgfcorearrows.code.tex 2019/08/03 v3.1.4b (3.1.4b)
\pgfarrowsep=\dimen163
)
("C:\Users\Admin\AppData\Local\Programs\MiKTeX 2.9\tex/generic/pgf/basiclayer\p
gfcoreshade.code.tex"
File: pgfcoreshade.code.tex 2019/08/03 v3.1.4b (3.1.4b)
\pgf@max=\dimen164
\pgf@sys@shading@range@num=\count118
\pgf@shadingcount=\count119
)
("C:\Users\Admin\AppData\Local\Programs\MiKTeX 2.9\tex/generic/pgf/basiclayer\p
gfcoreimage.code.tex"
File: pgfcoreimage.code.tex 2019/08/03 v3.1.4b (3.1.4b)

("C:\Users\Admin\AppData\Local\Programs\MiKTeX 2.9\tex/generic/pgf/basiclayer\p
gfcoreexternal.code.tex"
File: pgfcoreexternal.code.tex 2019/08/03 v3.1.4b (3.1.4b)
\pgfexternal@startupbox=\box41
))
("C:\Users\Admin\AppData\Local\Programs\MiKTeX 2.9\tex/generic/pgf/basiclayer\p
gfcorelayers.code.tex"
File: pgfcorelayers.code.tex 2019/08/03 v3.1.4b (3.1.4b)
)
("C:\Users\Admin\AppData\Local\Programs\MiKTeX 2.9\tex/generic/pgf/basiclayer\p
gfcoretransparency.code.tex"
File: pgfcoretransparency.code.tex 2019/08/03 v3.1.4b (3.1.4b)
)
("C:\Users\Admin\AppData\Local\Programs\MiKTeX 2.9\tex/generic/pgf/basiclayer\p
gfcorepatterns.code.tex"
File: pgfcorepatterns.code.tex 2019/08/03 v3.1.4b (3.1.4b)
)
("C:\Users\Admin\AppData\Local\Programs\MiKTeX 2.9\tex/generic/pgf/basiclayer\p
gfcorerdf.code.tex"
File: pgfcorerdf.code.tex 2019/08/03 v3.1.4b (3.1.4b)
)))
("C:\Users\Admin\AppData\Local\Programs\MiKTeX 2.9\tex/latex/pgf/utilities\xxco
lor.sty"
Package: xxcolor 2003/10/24 ver 0.1
\XC@nummixins=\count120
\XC@countmixins=\count121
)
("C:\Users\Admin\AppData\Local\Programs\MiKTeX 2.9\tex/generic/oberdiek\atbegsh
i.sty"
Package: atbegshi 2016/06/09 v1.18 At begin shipout hook (HO)

("C:\Users\Admin\AppData\Local\Programs\MiKTeX 2.9\tex/generic/oberdiek\infware
rr.sty"
Package: infwarerr 2016/05/16 v1.4 Providing info/warning/error messages (HO)
)
("C:\Users\Admin\AppData\Local\Programs\MiKTeX 2.9\tex/generic/oberdiek\ltxcmds
.sty"
Package: ltxcmds 2016/05/16 v1.23 LaTeX kernel commands for general use (HO)
))
("C:\Users\Admin\AppData\Local\Programs\MiKTeX 2.9\tex/latex/hyperref\hyperref.
sty"
Package: hyperref 2019/09/12 v6.88i Hypertext links for LaTeX

("C:\Users\Admin\AppData\Local\Programs\MiKTeX 2.9\tex/generic/oberdiek\hobsub-
hyperref.sty"
Package: hobsub-hyperref 2016/05/16 v1.14 Bundle oberdiek, subset hyperref (HO)


("C:\Users\Admin\AppData\Local\Programs\MiKTeX 2.9\tex/generic/oberdiek\hobsub-
generic.sty"
Package: hobsub-generic 2016/05/16 v1.14 Bundle oberdiek, subset generic (HO)
Package: hobsub 2016/05/16 v1.14 Construct package bundles (HO)
Package hobsub Info: Skipping package `infwarerr' (already loaded).
Package hobsub Info: Skipping package `ltxcmds' (already loaded).
Package: ifluatex 2016/05/16 v1.4 Provides the ifluatex switch (HO)
Package ifluatex Info: LuaTeX not detected.
Package hobsub Info: Skipping package `ifvtex' (already loaded).
Package: intcalc 2016/05/16 v1.2 Expandable calculations with integers (HO)
Package hobsub Info: Skipping package `ifpdf' (already loaded).
Package: etexcmds 2016/05/16 v1.6 Avoid name clashes with e-TeX commands (HO)
Package: kvsetkeys 2016/05/16 v1.17 Key value parser (HO)
Package: kvdefinekeys 2016/05/16 v1.4 Define keys (HO)
Package: pdftexcmds 2019/07/25 v0.30 Utility functions of pdfTeX for LuaTeX (HO
)
Package pdftexcmds Info: LuaTeX not detected.
Package pdftexcmds Info: \pdf@primitive is available.
Package pdftexcmds Info: \pdf@ifprimitive is available.
Package pdftexcmds Info: \pdfdraftmode found.
Package: pdfescape 2016/05/16 v1.14 Implements pdfTeX's escape features (HO)
Package: bigintcalc 2016/05/16 v1.4 Expandable calculations on big integers (HO
)
Package: bitset 2016/05/16 v1.2 Handle bit-vector datatype (HO)
Package: uniquecounter 2016/05/16 v1.3 Provide unlimited unique counter (HO)
)
Package hobsub Info: Skipping package `hobsub' (already loaded).
Package: letltxmacro 2016/05/16 v1.5 Let assignment for LaTeX macros (HO)
Package: hopatch 2016/05/16 v1.3 Wrapper for package hooks (HO)
Package: xcolor-patch 2016/05/16 xcolor patch
Package: atveryend 2016/05/16 v1.9 Hooks at the very end of document (HO)
Package hobsub Info: Skipping package `atbegshi' (already loaded).
Package: refcount 2016/05/16 v3.5 Data extraction from label references (HO)
Package: hycolor 2016/05/16 v1.8 Color options for hyperref/bookmark (HO)
)
("C:\Users\Admin\AppData\Local\Programs\MiKTeX 2.9\tex/latex/oberdiek\auxhook.s
ty"
Package: auxhook 2016/05/16 v1.4 Hooks for auxiliary files (HO)
)
("C:\Users\Admin\AppData\Local\Programs\MiKTeX 2.9\tex/latex/oberdiek\kvoptions
.sty"
Package: kvoptions 2016/05/16 v3.12 Key value format for package options (HO)
)
\@linkdim=\dimen165
\Hy@linkcounter=\count122
\Hy@pagecounter=\count123

("C:\Users\Admin\AppData\Local\Programs\MiKTeX 2.9\tex/latex/hyperref\pd1enc.de
f"
File: pd1enc.def 2019/09/12 v6.88i Hyperref: PDFDocEncoding definition (HO)
Now handling font encoding PD1 ...
... no UTF-8 mapping file for font encoding PD1
)
\Hy@SavedSpaceFactor=\count124

("C:\Users\Admin\AppData\Local\Programs\MiKTeX 2.9\tex/latex/00miktex\hyperref.
cfg"
File: hyperref.cfg 2002/06/06 v1.2 hyperref configuration of TeXLive
)
Package hyperref Info: Option `bookmarks' set `true' on input line 4424.
Package hyperref Info: Option `bookmarksopen' set `true' on input line 4424.
Package hyperref Info: Option `implicit' set `false' on input line 4424.
Package hyperref Info: Hyper figures OFF on input line 4550.
Package hyperref Info: Link nesting OFF on input line 4555.
Package hyperref Info: Hyper index ON on input line 4558.
Package hyperref Info: Plain pages OFF on input line 4565.
Package hyperref Info: Backreferencing OFF on input line 4570.
Package hyperref Info: Implicit mode OFF; no redefinition of LaTeX internals.
Package hyperref Info: Bookmarks ON on input line 4803.
\c@Hy@tempcnt=\count125
 ("C:\Users\Admin\AppData\Local\Programs\MiKTeX 2.9\tex/latex/url\url.sty"
\Urlmuskip=\muskip10
Package: url 2013/09/16  ver 3.4  Verb mode for urls, etc.
)
LaTeX Info: Redefining \url on input line 5156.
\XeTeXLinkMargin=\dimen166
\Fld@menulength=\count126
\Field@Width=\dimen167
\Fld@charsize=\dimen168
Package hyperref Info: Hyper figures OFF on input line 6411.
Package hyperref Info: Link nesting OFF on input line 6416.
Package hyperref Info: Hyper index ON on input line 6419.
Package hyperref Info: backreferencing OFF on input line 6426.
Package hyperref Info: Link coloring OFF on input line 6431.
Package hyperref Info: Link coloring with OCG OFF on input line 6436.
Package hyperref Info: PDF/A mode OFF on input line 6441.
LaTeX Info: Redefining \ref on input line 6481.
LaTeX Info: Redefining \pageref on input line 6485.
\Hy@abspage=\count127


Package hyperref Message: Stopped early.

)
Package hyperref Info: Driver (autodetected): hpdftex.

("C:\Users\Admin\AppData\Local\Programs\MiKTeX 2.9\tex/latex/hyperref\hpdftex.d
ef"
File: hpdftex.def 2019/09/12 v6.88i Hyperref driver for pdfTeX
\Fld@listcount=\count128
\c@bookmark@seq@number=\count129

("C:\Users\Admin\AppData\Local\Programs\MiKTeX 2.9\tex/latex/oberdiek\rerunfile
check.sty"
Package: rerunfilecheck 2016/05/16 v1.8 Rerun checks for auxiliary files (HO)
Package uniquecounter Info: New unique counter `rerunfilecheck' on input line 2
82.
))
("C:\Users\Admin\AppData\Local\Programs\MiKTeX 2.9\tex/latex/beamer\beamerbaser
equires.sty"
("C:\Users\Admin\AppData\Local\Programs\MiKTeX 2.9\tex/latex/beamer\beamerbasec
ompatibility.sty")
("C:\Users\Admin\AppData\Local\Programs\MiKTeX 2.9\tex/latex/beamer\beamerbasef
ont.sty"
("C:\Users\Admin\AppData\Local\Programs\MiKTeX 2.9\tex/latex/amsfonts\amssymb.s
ty"
Package: amssymb 2013/01/14 v3.01 AMS font symbols

("C:\Users\Admin\AppData\Local\Programs\MiKTeX 2.9\tex/latex/amsfonts\amsfonts.
sty"
Package: amsfonts 2013/01/14 v3.01 Basic AMSFonts support
\@emptytoks=\toks26
\symAMSa=\mathgroup4
\symAMSb=\mathgroup5
LaTeX Font Info:    Overwriting math alphabet `\mathfrak' in version `bold'
(Font)                  U/euf/m/n --> U/euf/b/n on input line 106.
))
("C:\Users\Admin\AppData\Local\Programs\MiKTeX 2.9\tex/latex/sansmathaccent\san
smathaccent.sty"
Package: sansmathaccent 2013/03/28

("C:\Users\Admin\AppData\Local\Programs\MiKTeX 2.9\tex/latex/filehook\filehook.
sty"
Package: filehook 2019/08/19 v0.5e Hooks for input files
)))
("C:\Users\Admin\AppData\Local\Programs\MiKTeX 2.9\tex/latex/beamer\beamerbaset
ranslator.sty"
("C:\Users\Admin\AppData\Local\Programs\MiKTeX 2.9\tex/latex/translator\transla
tor.sty"
Package: translator 2019-05-31 v1.12a Easy translation of strings in LaTeX
))
("C:\Users\Admin\AppData\Local\Programs\MiKTeX 2.9\tex/latex/beamer\beamerbasem
isc.sty")
("C:\Users\Admin\AppData\Local\Programs\MiKTeX 2.9\tex/latex/beamer\beamerbaset
woscreens.sty")
("C:\Users\Admin\AppData\Local\Programs\MiKTeX 2.9\tex/latex/beamer\beamerbaseo
verlay.sty"
\beamer@argscount=\count130
\beamer@lastskipcover=\skip44
\beamer@trivlistdepth=\count131
)
("C:\Users\Admin\AppData\Local\Programs\MiKTeX 2.9\tex/latex/beamer\beamerbaset
itle.sty")
("C:\Users\Admin\AppData\Local\Programs\MiKTeX 2.9\tex/latex/beamer\beamerbases
ection.sty"
\c@lecture=\count132
\c@part=\count133
\c@section=\count134
\c@subsection=\count135
\c@subsubsection=\count136
)
("C:\Users\Admin\AppData\Local\Programs\MiKTeX 2.9\tex/latex/beamer\beamerbasef
rame.sty"
\beamer@framebox=\box42
\beamer@frametitlebox=\box43
\beamer@zoombox=\box44
\beamer@zoomcount=\count137
\beamer@zoomframecount=\count138
\beamer@frametextheight=\dimen169
\c@subsectionslide=\count139
\beamer@frametopskip=\skip45
\beamer@framebottomskip=\skip46
\beamer@frametopskipautobreak=\skip47
\beamer@framebottomskipautobreak=\skip48
\beamer@envbody=\toks27
\framewidth=\dimen170
\c@framenumber=\count140
)
("C:\Users\Admin\AppData\Local\Programs\MiKTeX 2.9\tex/latex/beamer\beamerbasev
erbatim.sty"
\beamer@verbatimfileout=\write4
)
("C:\Users\Admin\AppData\Local\Programs\MiKTeX 2.9\tex/latex/beamer\beamerbasef
ramesize.sty"
\beamer@splitbox=\box45
\beamer@autobreakcount=\count141
\beamer@autobreaklastheight=\dimen171
\beamer@frametitletoks=\toks28
\beamer@framesubtitletoks=\toks29
)
("C:\Users\Admin\AppData\Local\Programs\MiKTeX 2.9\tex/latex/beamer\beamerbasef
ramecomponents.sty"
\beamer@footins=\box46
)
("C:\Users\Admin\AppData\Local\Programs\MiKTeX 2.9\tex/latex/beamer\beamerbasec
olor.sty")
("C:\Users\Admin\AppData\Local\Programs\MiKTeX 2.9\tex/latex/beamer\beamerbasen
otes.sty"
\beamer@frameboxcopy=\box47
)
("C:\Users\Admin\AppData\Local\Programs\MiKTeX 2.9\tex/latex/beamer\beamerbaset
oc.sty")
("C:\Users\Admin\AppData\Local\Programs\MiKTeX 2.9\tex/latex/beamer\beamerbaset
emplates.sty"
\beamer@sbttoks=\toks30

("C:\Users\Admin\AppData\Local\Programs\MiKTeX 2.9\tex/latex/beamer\beamerbasea
uxtemplates.sty"
("C:\Users\Admin\AppData\Local\Programs\MiKTeX 2.9\tex/latex/beamer\beamerbaseb
oxes.sty"
\bmb@box=\box48
\bmb@colorbox=\box49
\bmb@boxshadow=\box50
\bmb@boxshadowball=\box51
\bmb@boxshadowballlarge=\box52
\bmb@temp=\dimen172
\bmb@dima=\dimen173
\bmb@dimb=\dimen174
\bmb@prevheight=\dimen175
)
\beamer@blockheadheight=\dimen176
))
("C:\Users\Admin\AppData\Local\Programs\MiKTeX 2.9\tex/latex/beamer\beamerbasel
ocalstructure.sty"
("C:\Users\Admin\AppData\Local\Programs\MiKTeX 2.9\tex/latex/tools\enumerate.st
y"
Package: enumerate 2015/07/23 v3.00 enumerate extensions (DPC)
\@enLab=\toks31
)
\c@figure=\count142
\c@table=\count143
\abovecaptionskip=\skip49
\belowcaptionskip=\skip50
)
("C:\Users\Admin\AppData\Local\Programs\MiKTeX 2.9\tex/latex/beamer\beamerbasen
avigation.sty"
\beamer@section@min@dim=\dimen177
)
("C:\Users\Admin\AppData\Local\Programs\MiKTeX 2.9\tex/latex/beamer\beamerbaset
heorems.sty"
("C:\Users\Admin\AppData\Local\Programs\MiKTeX 2.9\tex/latex/amsmath\amsmath.st
y"
Package: amsmath 2018/12/01 v2.17b AMS math features
\@mathmargin=\skip51

For additional information on amsmath, use the `?' option.

("C:\Users\Admin\AppData\Local\Programs\MiKTeX 2.9\tex/latex/amsmath\amstext.st
y"
Package: amstext 2000/06/29 v2.01 AMS text

("C:\Users\Admin\AppData\Local\Programs\MiKTeX 2.9\tex/latex/amsmath\amsgen.sty
"
File: amsgen.sty 1999/11/30 v2.0 generic functions
\@emptytoks=\toks32
\ex@=\dimen178
))
("C:\Users\Admin\AppData\Local\Programs\MiKTeX 2.9\tex/latex/amsmath\amsbsy.sty
"
Package: amsbsy 1999/11/29 v1.2d Bold Symbols
\pmbraise@=\dimen179
)
("C:\Users\Admin\AppData\Local\Programs\MiKTeX 2.9\tex/latex/amsmath\amsopn.sty
"
Package: amsopn 2016/03/08 v2.02 operator names
)
\inf@bad=\count144
LaTeX Info: Redefining \frac on input line 223.
\uproot@=\count145
\leftroot@=\count146
LaTeX Info: Redefining \overline on input line 385.
\classnum@=\count147
\DOTSCASE@=\count148
LaTeX Info: Redefining \ldots on input line 482.
LaTeX Info: Redefining \dots on input line 485.
LaTeX Info: Redefining \cdots on input line 606.
\Mathstrutbox@=\box53
\strutbox@=\box54
\big@size=\dimen180
LaTeX Font Info:    Redeclaring font encoding OML on input line 729.
LaTeX Font Info:    Redeclaring font encoding OMS on input line 730.
\macc@depth=\count149
\c@MaxMatrixCols=\count150
\dotsspace@=\muskip11
\c@parentequation=\count151
\dspbrk@lvl=\count152
\tag@help=\toks33
\row@=\count153
\column@=\count154
\maxfields@=\count155
\andhelp@=\toks34
\eqnshift@=\dimen181
\alignsep@=\dimen182
\tagshift@=\dimen183
\tagwidth@=\dimen184
\totwidth@=\dimen185
\lineht@=\dimen186
\@envbody=\toks35
\multlinegap=\skip52
\multlinetaggap=\skip53
\mathdisplay@stack=\toks36
LaTeX Info: Redefining \[ on input line 2844.
LaTeX Info: Redefining \] on input line 2845.
)
("C:\Users\Admin\AppData\Local\Programs\MiKTeX 2.9\tex/latex/amscls\amsthm.sty"
Package: amsthm 2017/10/31 v2.20.4
\thm@style=\toks37
\thm@bodyfont=\toks38
\thm@headfont=\toks39
\thm@notefont=\toks40
\thm@headpunct=\toks41
\thm@preskip=\skip54
\thm@postskip=\skip55
\thm@headsep=\skip56
\dth@everypar=\toks42
)
\c@theorem=\count156
)
("C:\Users\Admin\AppData\Local\Programs\MiKTeX 2.9\tex/latex/beamer\beamerbaset
hemes.sty"))
("C:\Users\Admin\AppData\Local\Programs\MiKTeX 2.9\tex/latex/beamer\beamertheme
default.sty"
("C:\Users\Admin\AppData\Local\Programs\MiKTeX 2.9\tex/latex/beamer\beamerfontt
hemedefault.sty")
("C:\Users\Admin\AppData\Local\Programs\MiKTeX 2.9\tex/latex/beamer\beamercolor
themedefault.sty")
("C:\Users\Admin\AppData\Local\Programs\MiKTeX 2.9\tex/latex/beamer\beamerinner
themedefault.sty"
\beamer@dima=\dimen187
\beamer@dimb=\dimen188
)
("C:\Users\Admin\AppData\Local\Programs\MiKTeX 2.9\tex/latex/beamer\beamerouter
themedefault.sty")))
("C:\Users\Admin\AppData\Local\Programs\MiKTeX 2.9\tex/latex/booktabs\booktabs.
sty"
Package: booktabs 2005/04/14 v1.61803 publication quality tables
\heavyrulewidth=\dimen189
\lightrulewidth=\dimen190
\cmidrulewidth=\dimen191
\belowrulesep=\dimen192
\belowbottomsep=\dimen193
\aboverulesep=\dimen194
\abovetopsep=\dimen195
\cmidrulesep=\dimen196
\cmidrulekern=\dimen197
\defaultaddspace=\dimen198
\@cmidla=\count157
\@cmidlb=\count158
\@aboverulesep=\dimen199
\@belowrulesep=\dimen256
\@thisruleclass=\count159
\@lastruleclass=\count160
\@thisrulewidth=\dimen257
)
("C:\Users\Admin\AppData\Local\Programs\MiKTeX 2.9\tex/latex/tools\multicol.sty
"
Package: multicol 2018/12/27 v1.8v multicolumn formatting (FMi)
\c@tracingmulticols=\count161
\mult@box=\box55
\multicol@leftmargin=\dimen258
\c@unbalance=\count162
\c@collectmore=\count163
\doublecol@number=\count164
\multicoltolerance=\count165
\multicolpretolerance=\count166
\full@width=\dimen259
\page@free=\dimen260
\premulticols=\dimen261
\postmulticols=\dimen262
\multicolsep=\skip57
\multicolbaselineskip=\skip58
\partial@page=\box56
\last@line=\box57
\maxbalancingoverflow=\dimen263
\mult@rightbox=\box58
\mult@grightbox=\box59
\mult@gfirstbox=\box60
\mult@firstbox=\box61
\@tempa=\box62
\@tempa=\box63
\@tempa=\box64
\@tempa=\box65
\@tempa=\box66
\@tempa=\box67
\@tempa=\box68
\@tempa=\box69
\@tempa=\box70
\@tempa=\box71
\@tempa=\box72
\@tempa=\box73
\@tempa=\box74
\@tempa=\box75
\@tempa=\box76
\@tempa=\box77
\@tempa=\box78
\c@columnbadness=\count167
\c@finalcolumnbadness=\count168
\last@try=\dimen264
\multicolovershoot=\dimen265
\multicolundershoot=\dimen266
\mult@nat@firstbox=\box79
\colbreak@box=\box80
\mc@col@check@num=\count169
)
("C:\Users\Admin\AppData\Local\Programs\MiKTeX 2.9\tex/latex/braket\braket.sty"
)
("C:\Users\Admin\AppData\Local\Programs\MiKTeX 2.9\tex/latex/beamer\beamertheme
Marburg.sty"
("C:\Users\Admin\AppData\Local\Programs\MiKTeX 2.9\tex/latex/beamer\beamercolor
themewhale.sty")
("C:\Users\Admin\AppData\Local\Programs\MiKTeX 2.9\tex/latex/beamer\beamerouter
themesidebar.sty"
\beamer@sidebarwidth=\dimen267
\beamer@headheight=\dimen268
))
("C:\Users\Admin\AppData\Local\Programs\MiKTeX 2.9\tex/latex/beamer\beamercolor
themelily.sty") ("PHYS 494 Quantum Parameter Estimation.aux"

LaTeX Warning: Label `eq:24' multiply defined.


LaTeX Warning: Label `eq:25' multiply defined.


LaTeX Warning: Label `eq:45' multiply defined.


LaTeX Warning: Label `eq:46' multiply defined.

)
\openout1 = `"PHYS 494 Quantum Parameter Estimation.aux"'.

LaTeX Font Info:    Checking defaults for OML/cmm/m/it on input line 87.
LaTeX Font Info:    ... okay on input line 87.
LaTeX Font Info:    Checking defaults for T1/cmr/m/n on input line 87.
LaTeX Font Info:    ... okay on input line 87.
LaTeX Font Info:    Checking defaults for OT1/cmr/m/n on input line 87.
LaTeX Font Info:    ... okay on input line 87.
LaTeX Font Info:    Checking defaults for OMS/cmsy/m/n on input line 87.
LaTeX Font Info:    ... okay on input line 87.
LaTeX Font Info:    Checking defaults for OMX/cmex/m/n on input line 87.
LaTeX Font Info:    ... okay on input line 87.
LaTeX Font Info:    Checking defaults for U/cmr/m/n on input line 87.
LaTeX Font Info:    ... okay on input line 87.
LaTeX Font Info:    Checking defaults for PD1/pdf/m/n on input line 87.
LaTeX Font Info:    ... okay on input line 87.

*geometry* driver: auto-detecting
*geometry* detected driver: pdftex
*geometry* verbose mode - [ preamble ] result:
* driver: pdftex
* paper: custom
* layout: <same size as paper>
* layoutoffset:(h,v)=(0.0pt,0.0pt)
* modes: includehead includefoot 
* h-part:(L,W,R)=(14.22636pt, 278.83713pt, 71.13187pt)
* v-part:(T,H,B)=(0.0pt, 273.14662pt, 0.0pt)
* \paperwidth=364.19536pt
* \paperheight=273.14662pt
* \textwidth=278.83713pt
* \textheight=244.6939pt
* \oddsidemargin=-58.04362pt
* \evensidemargin=-58.04362pt
* \topmargin=-72.26999pt
* \headheight=14.22636pt
* \headsep=0.0pt
* \topskip=11.0pt
* \footskip=14.22636pt
* \marginparwidth=4.0pt
* \marginparsep=10.0pt
* \columnsep=10.0pt
* \skip\footins=10.0pt plus 4.0pt minus 2.0pt
* \hoffset=0.0pt
* \voffset=0.0pt
* \mag=1000
* \@twocolumnfalse
* \@twosidefalse
* \@mparswitchfalse
* \@reversemarginfalse
* (1in=72.27pt=25.4mm, 1cm=28.453pt)


("C:\Users\Admin\AppData\Local\Programs\MiKTeX 2.9\tex/context/base/mkii\supp-p
df.mkii"
[Loading MPS to PDF converter (version 2006.09.02).]
\scratchcounter=\count170
\scratchdimen=\dimen269
\scratchbox=\box81
\nofMPsegments=\count171
\nofMParguments=\count172
\everyMPshowfont=\toks43
\MPscratchCnt=\count173
\MPscratchDim=\dimen270
\MPnumerator=\count174
\makeMPintoPDFobject=\count175
\everyMPtoPDFconversion=\toks44
)
("C:\Users\Admin\AppData\Local\Programs\MiKTeX 2.9\tex/latex/oberdiek\epstopdf-
base.sty"
Package: epstopdf-base 2016/05/15 v2.6 Base part for package epstopdf

("C:\Users\Admin\AppData\Local\Programs\MiKTeX 2.9\tex/latex/oberdiek\grfext.st
y"
Package: grfext 2016/05/16 v1.2 Manage graphics extensions (HO)
)
Package epstopdf-base Info: Redefining graphics rule for `.eps' on input line 4
38.
Package grfext Info: Graphics extension search list:
(grfext)             [.pdf,.png,.jpg,.mps,.jpeg,.jbig2,.jb2,.PDF,.PNG,.JPG,.JPE
G,.JBIG2,.JB2,.eps]
(grfext)             \AppendGraphicsExtensions on input line 456.
) ABD: EveryShipout initializing macros
\AtBeginShipoutBox=\box82
Package hyperref Info: Link coloring OFF on input line 87.

("C:\Users\Admin\AppData\Local\Programs\MiKTeX 2.9\tex/latex/hyperref\nameref.s
ty"
Package: nameref 2019/09/12 v2.45 Cross-referencing by name of section

("C:\Users\Admin\AppData\Local\Programs\MiKTeX 2.9\tex/generic/oberdiek\gettitl
estring.sty"
Package: gettitlestring 2016/05/16 v1.5 Cleanup title references (HO)
)
\c@section@level=\count176
)
LaTeX Info: Redefining \ref on input line 87.
LaTeX Info: Redefining \pageref on input line 87.
LaTeX Info: Redefining \nameref on input line 87.
 ("PHYS 494 Quantum Parameter Estimation.out")
("PHYS 494 Quantum Parameter Estimation.out")
\@outlinefile=\write5
\openout5 = `"PHYS 494 Quantum Parameter Estimation.out"'.

LaTeX Font Info:    Overwriting symbol font `operators' in version `normal'
(Font)                  OT1/cmr/m/n --> OT1/cmss/m/n on input line 87.
LaTeX Font Info:    Overwriting symbol font `operators' in version `bold'
(Font)                  OT1/cmr/bx/n --> OT1/cmss/bx/n on input line 87.
\symnumbers=\mathgroup6
\sympureletters=\mathgroup7
LaTeX Font Info:    Overwriting math alphabet `\mathrm' in version `normal'
(Font)                  OT1/cmss/m/n --> OT1/cmr/m/n on input line 87.
LaTeX Font Info:    Redeclaring math alphabet \mathbf on input line 87.
LaTeX Font Info:    Overwriting math alphabet `\mathbf' in version `normal'
(Font)                  OT1/cmr/bx/n --> OT1/cmss/bx/n on input line 87.
LaTeX Font Info:    Overwriting math alphabet `\mathbf' in version `bold'
(Font)                  OT1/cmr/bx/n --> OT1/cmss/bx/n on input line 87.
LaTeX Font Info:    Redeclaring math alphabet \mathsf on input line 87.
LaTeX Font Info:    Overwriting math alphabet `\mathsf' in version `normal'
(Font)                  OT1/cmss/m/n --> OT1/cmss/m/n on input line 87.
LaTeX Font Info:    Overwriting math alphabet `\mathsf' in version `bold'
(Font)                  OT1/cmss/bx/n --> OT1/cmss/m/n on input line 87.
LaTeX Font Info:    Redeclaring math alphabet \mathit on input line 87.
LaTeX Font Info:    Overwriting math alphabet `\mathit' in version `normal'
(Font)                  OT1/cmr/m/it --> OT1/cmss/m/it on input line 87.
LaTeX Font Info:    Overwriting math alphabet `\mathit' in version `bold'
(Font)                  OT1/cmr/bx/it --> OT1/cmss/m/it on input line 87.
LaTeX Font Info:    Redeclaring math alphabet \mathtt on input line 87.
LaTeX Font Info:    Overwriting math alphabet `\mathtt' in version `normal'
(Font)                  OT1/cmtt/m/n --> OT1/cmtt/m/n on input line 87.
LaTeX Font Info:    Overwriting math alphabet `\mathtt' in version `bold'
(Font)                  OT1/cmtt/m/n --> OT1/cmtt/m/n on input line 87.
LaTeX Font Info:    Overwriting symbol font `numbers' in version `bold'
(Font)                  OT1/cmss/m/n --> OT1/cmss/bx/n on input line 87.
LaTeX Font Info:    Overwriting symbol font `pureletters' in version `bold'
(Font)                  OT1/cmss/m/it --> OT1/cmss/bx/it on input line 87.
LaTeX Font Info:    Overwriting math alphabet `\mathrm' in version `bold'
(Font)                  OT1/cmss/bx/n --> OT1/cmr/bx/n on input line 87.
LaTeX Font Info:    Overwriting math alphabet `\mathbf' in version `bold'
(Font)                  OT1/cmss/bx/n --> OT1/cmss/bx/n on input line 87.
LaTeX Font Info:    Overwriting math alphabet `\mathsf' in version `bold'
(Font)                  OT1/cmss/m/n --> OT1/cmss/bx/n on input line 87.
LaTeX Font Info:    Overwriting math alphabet `\mathit' in version `bold'
(Font)                  OT1/cmss/m/it --> OT1/cmss/bx/it on input line 87.
LaTeX Font Info:    Overwriting math alphabet `\mathtt' in version `bold'
(Font)                  OT1/cmtt/m/n --> OT1/cmtt/bx/n on input line 87.
LaTeX Font Info:    Redeclaring symbol font `pureletters' on input line 87.
LaTeX Font Info:    Overwriting symbol font `pureletters' in version `normal'
(Font)                  OT1/cmss/m/it --> OT1/mathkerncmss/m/sl on input line 8
7.
LaTeX Font Info:    Overwriting symbol font `pureletters' in version `bold'
(Font)                  OT1/cmss/bx/it --> OT1/mathkerncmss/m/sl on input line 
87.
LaTeX Font Info:    Overwriting symbol font `pureletters' in version `bold'
(Font)                  OT1/mathkerncmss/m/sl --> OT1/mathkerncmss/bx/sl on inp
ut line 87.

("C:\Users\Admin\AppData\Local\Programs\MiKTeX 2.9\tex/latex/translator\transla
tor-basic-dictionary-English.dict"
Dictionary: translator-basic-dictionary, Language: English 
)
("C:\Users\Admin\AppData\Local\Programs\MiKTeX 2.9\tex/latex/translator\transla
tor-bibliography-dictionary-English.dict"
Dictionary: translator-bibliography-dictionary, Language: English 
)
("C:\Users\Admin\AppData\Local\Programs\MiKTeX 2.9\tex/latex/translator\transla
tor-environment-dictionary-English.dict"
Dictionary: translator-environment-dictionary, Language: English 
)
("C:\Users\Admin\AppData\Local\Programs\MiKTeX 2.9\tex/latex/translator\transla
tor-months-dictionary-English.dict"
Dictionary: translator-months-dictionary, Language: English 
)
("C:\Users\Admin\AppData\Local\Programs\MiKTeX 2.9\tex/latex/translator\transla
tor-numbers-dictionary-English.dict"
Dictionary: translator-numbers-dictionary, Language: English 
)
("C:\Users\Admin\AppData\Local\Programs\MiKTeX 2.9\tex/latex/translator\transla
tor-theorem-dictionary-English.dict"
Dictionary: translator-theorem-dictionary, Language: English 
)
("PHYS 494 Quantum Parameter Estimation.nav")
Overfull \vbox (41.52058pt too high) has occurred while \output is active []


[1{C:/Users/Admin/AppData/Local/MiKTeX/2.9/pdftex/config/pdftex.map}

]
("PHYS 494 Quantum Parameter Estimation.toc")
Overfull \vbox (41.52058pt too high) has occurred while \output is active []


[2

]
<Figures/Spin-12-Cartoon.jpg, id=181, 214.8025pt x 103.38625pt>
File: Figures/Spin-12-Cartoon.jpg Graphic file (type jpg)
<use Figures/Spin-12-Cartoon.jpg>
Package pdftex.def Info: Figures/Spin-12-Cartoon.jpg  used on input line 117.
(pdftex.def)             Requested size: 209.12784pt x 100.65683pt.

Overfull \vbox (41.52058pt too high) has occurred while \output is active []


[3

 <./Figures/Spin-12-Cartoon.jpg>]
<Figures/Spin-12-In-Magnetic-Field.jpeg, id=206, 758.835pt x 228.855pt>
File: Figures/Spin-12-In-Magnetic-Field.jpeg Graphic file (type jpg)
<use Figures/Spin-12-In-Magnetic-Field.jpeg>
Package pdftex.def Info: Figures/Spin-12-In-Magnetic-Field.jpeg  used on input 
line 131.
(pdftex.def)             Requested size: 209.12784pt x 63.06975pt.

Overfull \vbox (41.52058pt too high) has occurred while \output is active []


[4

 <./Figures/Spin-12-In-Magnetic-Field.jpeg>]
<Figures/MRI-Machine.png, id=231, 390.70969pt x 335.00156pt>
File: Figures/MRI-Machine.png Graphic file (type png)
<use Figures/MRI-Machine.png>
Package pdftex.def Info: Figures/MRI-Machine.png  used on input line 143.
(pdftex.def)             Requested size: 209.12784pt x 179.3084pt.

Overfull \vbox (41.52058pt too high) has occurred while \output is active []


[5

 <./Figures/MRI-Machine.png>]
<Figures/Estimation-Cartoon.png, id=257, 657.45625pt x 518.93875pt>
File: Figures/Estimation-Cartoon.png Graphic file (type png)
<use Figures/Estimation-Cartoon.png>
Package pdftex.def Info: Figures/Estimation-Cartoon.png  used on input line 156
.
(pdftex.def)             Requested size: 209.12784pt x 165.06607pt.

Overfull \vbox (41.52058pt too high) has occurred while \output is active []


[6

 <./Figures/Estimation-Cartoon.png>]
<Figures/Coin-Flip-Cartoon.jpeg, id=284, 903.375pt x 702.625pt>
File: Figures/Coin-Flip-Cartoon.jpeg Graphic file (type jpg)
<use Figures/Coin-Flip-Cartoon.jpeg>
Package pdftex.def Info: Figures/Coin-Flip-Cartoon.jpeg  used on input line 170
.
(pdftex.def)             Requested size: 209.12784pt x 162.65102pt.

Overfull \vbox (41.52058pt too high) has occurred while \output is active []


[7

 <./Figures/Coin-Flip-Cartoon.jpeg>]
LaTeX Font Info:    Try loading font information for U+msa on input line 184.

("C:\Users\Admin\AppData\Local\Programs\MiKTeX 2.9\tex/latex/amsfonts\umsa.fd"
File: umsa.fd 2013/01/14 v3.01 AMS symbols A
)
LaTeX Font Info:    Try loading font information for U+msb on input line 184.
("C:\Users\Admin\AppData\Local\Programs\MiKTeX 2.9\tex/latex/amsfonts\umsb.fd"
File: umsb.fd 2013/01/14 v3.01 AMS symbols B
)
LaTeX Font Info:    Try loading font information for OT1+mathkerncmss on input 
line 184.

("C:\Users\Admin\AppData\Local\Programs\MiKTeX 2.9\tex/latex/sansmathaccent\ot1
mathkerncmss.fd"
File: ot1mathkerncmss.fd 2013/03/27 Fontinst v1.933 font definitions for OT1/ma
thkerncmss.
)
Overfull \vbox (41.52058pt too high) has occurred while \output is active []


[8

]
Overfull \vbox (41.52058pt too high) has occurred while \output is active []


[9

]
Overfull \vbox (41.52058pt too high) has occurred while \output is active []


[10

]
<Figures/Single-Particle.jpeg, id=400, 270.00874pt x 426.59375pt>
File: Figures/Single-Particle.jpeg Graphic file (type jpg)
<use Figures/Single-Particle.jpeg>
Package pdftex.def Info: Figures/Single-Particle.jpeg  used on input line 245.
(pdftex.def)             Requested size: 55.76657pt x 88.10321pt.

Overfull \vbox (41.52058pt too high) has occurred while \output is active []


[11

 <./Figures/Single-Particle.jpeg>]
<Figures/Unitary-Operator.PNG, id=428, 1116.17pt x 443.6575pt>
File: Figures/Unitary-Operator.PNG Graphic file (type png)
<use Figures/Unitary-Operator.PNG>
Package pdftex.def Info: Figures/Unitary-Operator.PNG  used on input line 262.
(pdftex.def)             Requested size: 209.12784pt x 83.12463pt.

Overfull \vbox (41.52058pt too high) has occurred while \output is active []


[12

 <./Figures/Unitary-Operator.PNG>]
Overfull \vbox (41.52058pt too high) has occurred while \output is active []


[13

]
<Figures/Spin-12-System.jpg, id=483, 642.4pt x 474.77374pt>
File: Figures/Spin-12-System.jpg Graphic file (type jpg)
<use Figures/Spin-12-System.jpg>
Package pdftex.def Info: Figures/Spin-12-System.jpg  used on input line 297.
(pdftex.def)             Requested size: 209.12784pt x 154.55319pt.

Overfull \vbox (41.52058pt too high) has occurred while \output is active []


[14

 <./Figures/Spin-12-System.jpg>]
Overfull \vbox (41.52058pt too high) has occurred while \output is active []


[15

]
<Figures/Entangled-States-Description.png, id=537, 1468.48625pt x 429.605pt>
File: Figures/Entangled-States-Description.png Graphic file (type png)
<use Figures/Entangled-States-Description.png>
Package pdftex.def Info: Figures/Entangled-States-Description.png  used on inpu
t line 335.
(pdftex.def)             Requested size: 209.12784pt x 61.18001pt.

Overfull \vbox (41.52058pt too high) has occurred while \output is active []


[16

 <./Figures/Entangled-States-Description.png>]
Overfull \vbox (41.52058pt too high) has occurred while \output is active []


[17

]
Overfull \vbox (41.52058pt too high) has occurred while \output is active []


[18

]
<Figures/Quantum-Estimation-Cartoon.jpeg, id=622, 886.31125pt x 238.8925pt>
File: Figures/Quantum-Estimation-Cartoon.jpeg Graphic file (type jpg)
<use Figures/Quantum-Estimation-Cartoon.jpeg>
Package pdftex.def Info: Figures/Quantum-Estimation-Cartoon.jpeg  used on input
 line 414.
(pdftex.def)             Requested size: 209.12784pt x 56.36574pt.

Overfull \vbox (41.52058pt too high) has occurred while \output is active []


[19

 <./Figures/Quantum-Estimation-Cartoon.jpeg>]pdfTeX warning (ext4): destination
 with the same identifier (name{eq:24}) has been already used, duplicate ignore
d
<to be read again> 
                   \relax 
l.430 \end{frame}
                 pdfTeX warning (ext4): destination with the same identifier (n
ame{eq:25}) has been already used, duplicate ignored
<to be read again> 
                   \relax 
l.430 \end{frame}
                 
Overfull \vbox (41.52058pt too high) has occurred while \output is active []


[20

]
Overfull \vbox (41.52058pt too high) has occurred while \output is active []


[21

]
<Figures/Phase-Shift-Modeling.jpeg, id=700, 561.09625pt x 502.87875pt>
File: Figures/Phase-Shift-Modeling.jpeg Graphic file (type jpg)
<use Figures/Phase-Shift-Modeling.jpeg>
Package pdftex.def Info: Figures/Phase-Shift-Modeling.jpeg  used on input line 
471.
(pdftex.def)             Requested size: 209.12784pt x 187.42807pt.

Overfull \vbox (41.52058pt too high) has occurred while \output is active []


[22

 <./Figures/Phase-Shift-Modeling.jpeg>]
<Figures/One-Particle-QFI.jpg, id=726, 792.9625pt x 239.89626pt>
File: Figures/One-Particle-QFI.jpg Graphic file (type jpg)
<use Figures/One-Particle-QFI.jpg>
Package pdftex.def Info: Figures/One-Particle-QFI.jpg  used on input line 487.
(pdftex.def)             Requested size: 209.12784pt x 63.26837pt.

Overfull \vbox (41.52058pt too high) has occurred while \output is active []


[23

 <./Figures/One-Particle-QFI.jpg>]
<Figures/Two-Particle-QFI.jpg, id=753, 1076.02pt x 307.1475pt>
File: Figures/Two-Particle-QFI.jpg Graphic file (type jpg)
<use Figures/Two-Particle-QFI.jpg>
Package pdftex.def Info: Figures/Two-Particle-QFI.jpg  used on input line 505.
(pdftex.def)             Requested size: 209.12784pt x 59.69434pt.

Overfull \vbox (41.52058pt too high) has occurred while \output is active []


[24

 <./Figures/Two-Particle-QFI.jpg>]
<Figures/Simple-Scenario-Gain.png, id=780, 582.175pt x 523.9575pt>
File: Figures/Simple-Scenario-Gain.png Graphic file (type png)
<use Figures/Simple-Scenario-Gain.png>
Package pdftex.def Info: Figures/Simple-Scenario-Gain.png  used on input line 5
21.
(pdftex.def)             Requested size: 153.36127pt x 138.0246pt.

Overfull \vbox (41.52058pt too high) has occurred while \output is active []


[25

 <./Figures/Simple-Scenario-Gain.png>]
Overfull \vbox (41.52058pt too high) has occurred while \output is active []


[26

]
<Figures/Modeling-Of-Phase-Flip.jpeg, id=836, 1086.0575pt x 505.89pt>
File: Figures/Modeling-Of-Phase-Flip.jpeg Graphic file (type jpg)
<use Figures/Modeling-Of-Phase-Flip.jpeg>
Package pdftex.def Info: Figures/Modeling-Of-Phase-Flip.jpeg  used on input lin
e 562.
(pdftex.def)             Requested size: 250.9517pt x 116.8926pt.

Overfull \vbox (41.52058pt too high) has occurred while \output is active []


[27

 <./Figures/Modeling-Of-Phase-Flip.jpeg>]
<Figures/Single-Particle-Phase-Flip-Evolution-Schematic.jpg, id=862, 763.85374p
t x 235.88126pt>
File: Figures/Single-Particle-Phase-Flip-Evolution-Schematic.jpg Graphic file (
type jpg)
<use Figures/Single-Particle-Phase-Flip-Evolution-Schematic.jpg>
Package pdftex.def Info: Figures/Single-Particle-Phase-Flip-Evolution-Schematic
.jpg  used on input line 578.
(pdftex.def)             Requested size: 167.30397pt x 51.66368pt.

Overfull \vbox (41.52058pt too high) has occurred while \output is active []


[28

 <./Figures/Single-Particle-Phase-Flip-Evolution-Schematic.jpg>]
<Figures/Two-Particle-Phase-Flip-Single-Channel-Lambda-Schematic.jpeg, id=889, 
1018.80624pt x 287.0725pt>
File: Figures/Two-Particle-Phase-Flip-Single-Channel-Lambda-Schematic.jpeg Grap
hic file (type jpg)
<use Figures/Two-Particle-Phase-Flip-Single-Channel-Lambda-Schematic.jpeg>
Package pdftex.def Info: Figures/Two-Particle-Phase-Flip-Single-Channel-Lambda-
Schematic.jpeg  used on input line 594.
(pdftex.def)             Requested size: 167.30397pt x 47.14151pt.

Overfull \vbox (41.52058pt too high) has occurred while \output is active []


[29

 <./Figures/Two-Particle-Phase-Flip-Single-Channel-Lambda-Schematic.jpeg>]
<Figures/Phase-Flip-One-Channel-Lambda-and-r-Gain.png, id=916, 574.145pt x 530.
98375pt>
File: Figures/Phase-Flip-One-Channel-Lambda-and-r-Gain.png Graphic file (type p
ng)
<use Figures/Phase-Flip-One-Channel-Lambda-and-r-Gain.png>
Package pdftex.def Info: Figures/Phase-Flip-One-Channel-Lambda-and-r-Gain.png  
used on input line 609.
(pdftex.def)             Requested size: 139.41856pt x 128.93759pt.

Overfull \vbox (41.52058pt too high) has occurred while \output is active []


[30

 <./Figures/Phase-Flip-One-Channel-Lambda-and-r-Gain.png>]
<Figures/Two-Particle-Phase-Flip-Dual-Channel-Alpha-Lambda-Schematic.jpg, id=94
4, 1040.88875pt x 322.20375pt>
File: Figures/Two-Particle-Phase-Flip-Dual-Channel-Alpha-Lambda-Schematic.jpg G
raphic file (type jpg)
<use Figures/Two-Particle-Phase-Flip-Dual-Channel-Alpha-Lambda-Schematic.jpg>
Package pdftex.def Info: Figures/Two-Particle-Phase-Flip-Dual-Channel-Alpha-Lam
bda-Schematic.jpg  used on input line 625.
(pdftex.def)             Requested size: 209.12784pt x 64.73459pt.

Overfull \vbox (41.52058pt too high) has occurred while \output is active []


[31

 <./Figures/Two-Particle-Phase-Flip-Dual-Channel-Alpha-Lambda-Schematic.jpg>]
Overfull \vbox (41.52058pt too high) has occurred while \output is active []


[32

]
<Figures/Phase-Flip-Two-Channel-Alpha=001-Gain.png, id=998, 362.35374pt x 333.2
45pt>
File: Figures/Phase-Flip-Two-Channel-Alpha=001-Gain.png Graphic file (type png)

<use Figures/Phase-Flip-Two-Channel-Alpha=001-Gain.png>
Package pdftex.def Info: Figures/Phase-Flip-Two-Channel-Alpha=001-Gain.png  use
d on input line 648.
(pdftex.def)             Requested size: 209.12784pt x 192.33134pt.

Overfull \vbox (41.52058pt too high) has occurred while \output is active []


[33

 <./Figures/Phase-Flip-Two-Channel-Alpha=001-Gain.png>]
<Figures/Phase-Flip-Two-Channel-Alpha=01-Gain.png, id=1025, 379.4175pt x 341.27
5pt>
File: Figures/Phase-Flip-Two-Channel-Alpha=01-Gain.png Graphic file (type png)
<use Figures/Phase-Flip-Two-Channel-Alpha=01-Gain.png>
Package pdftex.def Info: Figures/Phase-Flip-Two-Channel-Alpha=01-Gain.png  used
 on input line 660.
(pdftex.def)             Requested size: 209.12784pt x 188.108pt.

Overfull \vbox (41.52058pt too high) has occurred while \output is active []


[34

 <./Figures/Phase-Flip-Two-Channel-Alpha=01-Gain.png>]
<Figures/Phase-Flip-Two-Channel-Alpha=03-Gain.png, id=1052, 361.35pt x 326.2187
5pt>
File: Figures/Phase-Flip-Two-Channel-Alpha=03-Gain.png Graphic file (type png)
<use Figures/Phase-Flip-Two-Channel-Alpha=03-Gain.png>
Package pdftex.def Info: Figures/Phase-Flip-Two-Channel-Alpha=03-Gain.png  used
 on input line 672.
(pdftex.def)             Requested size: 209.12784pt x 188.79385pt.

Overfull \vbox (41.52058pt too high) has occurred while \output is active []


[35

 <./Figures/Phase-Flip-Two-Channel-Alpha=03-Gain.png>]
<Figures/Phase-Flip-Two-Channel-Alpha=05-Gain.png, id=1079, 393.47pt x 343.2825
pt>
File: Figures/Phase-Flip-Two-Channel-Alpha=05-Gain.png Graphic file (type png)
<use Figures/Phase-Flip-Two-Channel-Alpha=05-Gain.png>
Package pdftex.def Info: Figures/Phase-Flip-Two-Channel-Alpha=05-Gain.png  used
 on input line 684.
(pdftex.def)             Requested size: 209.12784pt x 182.45218pt.

Overfull \vbox (41.52058pt too high) has occurred while \output is active []


[36

 <./Figures/Phase-Flip-Two-Channel-Alpha=05-Gain.png>]
Overfull \vbox (41.52058pt too high) has occurred while \output is active []


[37

]
Overfull \vbox (41.52058pt too high) has occurred while \output is active []


[38

]
<Figures/Modeling-Of-Depolarizing-Channel.jpeg, id=1159, 944.52875pt x 492.8412
5pt>
File: Figures/Modeling-Of-Depolarizing-Channel.jpeg Graphic file (type jpg)
<use Figures/Modeling-Of-Depolarizing-Channel.jpeg>
Package pdftex.def Info: Figures/Modeling-Of-Depolarizing-Channel.jpeg  used on
 input line 734.
(pdftex.def)             Requested size: 250.9517pt x 130.9407pt.

Overfull \vbox (41.52058pt too high) has occurred while \output is active []


[39

 <./Figures/Modeling-Of-Depolarizing-Channel.jpeg>]
<Figures/Depolarizing-Single-Channel-Lambda-Schematic.jpg, id=1185, 835.12pt x 
256.96pt>
File: Figures/Depolarizing-Single-Channel-Lambda-Schematic.jpg Graphic file (ty
pe jpg)
<use Figures/Depolarizing-Single-Channel-Lambda-Schematic.jpg>
Package pdftex.def Info: Figures/Depolarizing-Single-Channel-Lambda-Schematic.j
pg  used on input line 750.
(pdftex.def)             Requested size: 209.12784pt x 64.3457pt.

Overfull \vbox (41.52058pt too high) has occurred while \output is active []


[40

 <./Figures/Depolarizing-Single-Channel-Lambda-Schematic.jpg>]
<Figures/Depolarizing-Double-Channel-Lambda-Schematic.jpg, id=1212, 1267.73625p
t x 375.4025pt>
File: Figures/Depolarizing-Double-Channel-Lambda-Schematic.jpg Graphic file (ty
pe jpg)
<use Figures/Depolarizing-Double-Channel-Lambda-Schematic.jpg>
Package pdftex.def Info: Figures/Depolarizing-Double-Channel-Lambda-Schematic.j
pg  used on input line 766.
(pdftex.def)             Requested size: 209.12784pt x 61.92728pt.

Overfull \vbox (41.52058pt too high) has occurred while \output is active []


[41

 <./Figures/Depolarizing-Double-Channel-Lambda-Schematic.jpg>]
<Figures/Depolarizing-Double-Channel-Lambda-Gain-Graph.png, id=1239, 574.145pt 
x 528.97626pt>
File: Figures/Depolarizing-Double-Channel-Lambda-Gain-Graph.png Graphic file (t
ype png)
<use Figures/Depolarizing-Double-Channel-Lambda-Gain-Graph.png>
Package pdftex.def Info: Figures/Depolarizing-Double-Channel-Lambda-Gain-Graph.
png  used on input line 781.
(pdftex.def)             Requested size: 167.30397pt x 154.14175pt.

Overfull \vbox (41.52058pt too high) has occurred while \output is active []


[42

 <./Figures/Depolarizing-Double-Channel-Lambda-Gain-Graph.png>]
<Figures/Depolarizing-Double-Channel-Alpha-and-Lambda-Schematic.jpg, id=1267, 1
317.92375pt x 365.365pt>
File: Figures/Depolarizing-Double-Channel-Alpha-and-Lambda-Schematic.jpg Graphi
c file (type jpg)
<use Figures/Depolarizing-Double-Channel-Alpha-and-Lambda-Schematic.jpg>
Package pdftex.def Info: Figures/Depolarizing-Double-Channel-Alpha-and-Lambda-S
chematic.jpg  used on input line 797.
(pdftex.def)             Requested size: 209.12784pt x 57.97456pt.

Overfull \vbox (41.52058pt too high) has occurred while \output is active []


[43

 <./Figures/Depolarizing-Double-Channel-Alpha-and-Lambda-Schematic.jpg>]
<Figures/Depolarizing-Double-Channel-Alpha-and-Lambda-r=001-Gain-Graph.png, id=
1295, 586.19pt x 526.96875pt>
File: Figures/Depolarizing-Double-Channel-Alpha-and-Lambda-r=001-Gain-Graph.png
 Graphic file (type png)
<use Figures/Depolarizing-Double-Channel-Alpha-and-Lambda-r=001-Gain-Graph.png>

Package pdftex.def Info: Figures/Depolarizing-Double-Channel-Alpha-and-Lambda-r
=001-Gain-Graph.png  used on input line 813.
(pdftex.def)             Requested size: 167.30397pt x 150.39671pt.

Overfull \vbox (41.52058pt too high) has occurred while \output is active []


[44

 <./Figures/Depolarizing-Double-Channel-Alpha-and-Lambda-r=001-Gain-Graph.png>]
<Figures/Depolarizing-Double-Channel-Alpha-and-Lambda-r=1-Gain-Graph.png, id=13
23, 575.14874pt x 529.98pt>
File: Figures/Depolarizing-Double-Channel-Alpha-and-Lambda-r=1-Gain-Graph.png G
raphic file (type png)
<use Figures/Depolarizing-Double-Channel-Alpha-and-Lambda-r=1-Gain-Graph.png>
Package pdftex.def Info: Figures/Depolarizing-Double-Channel-Alpha-and-Lambda-r
=1-Gain-Graph.png  used on input line 825.
(pdftex.def)             Requested size: 209.12784pt x 192.70114pt.

Overfull \vbox (41.52058pt too high) has occurred while \output is active []


[45

 <./Figures/Depolarizing-Double-Channel-Alpha-and-Lambda-r=1-Gain-Graph.png>]
<Figures/Phase-Flip-Triple-Channel-Lambda-Schematic.jpg, id=1350, 1312.905pt x 
492.84125pt>
File: Figures/Phase-Flip-Triple-Channel-Lambda-Schematic.jpg Graphic file (type
 jpg)
<use Figures/Phase-Flip-Triple-Channel-Lambda-Schematic.jpg>
Package pdftex.def Info: Figures/Phase-Flip-Triple-Channel-Lambda-Schematic.jpg
  used on input line 838.
(pdftex.def)             Requested size: 209.12784pt x 78.50276pt.

Overfull \vbox (41.52058pt too high) has occurred while \output is active []


[46

 <./Figures/Phase-Flip-Triple-Channel-Lambda-Schematic.jpg>]pdfTeX warning (ext
4): destination with the same identifier (name{eq:45}) has been already used, d
uplicate ignored
<to be read again> 
                   \relax 
l.850 \end{frame}
                 
Overfull \vbox (41.52058pt too high) has occurred while \output is active []


[47

]pdfTeX warning (ext4): destination with the same identifier (name{eq:46}) has 
been already used, duplicate ignored
<to be read again> 
                   \relax 
l.862 \end{frame}
                 
Overfull \vbox (41.52058pt too high) has occurred while \output is active []


[48

]
<Figures/Phase-Flip-Triple-Channel-r=001-Alpha=001-Gain-Graph.png, id=1425, 577
.15625pt x 531.9875pt>
File: Figures/Phase-Flip-Triple-Channel-r=001-Alpha=001-Gain-Graph.png Graphic 
file (type png)
<use Figures/Phase-Flip-Triple-Channel-r=001-Alpha=001-Gain-Graph.png>
Package pdftex.def Info: Figures/Phase-Flip-Triple-Channel-r=001-Alpha=001-Gain
-Graph.png  used on input line 874.
(pdftex.def)             Requested size: 209.12784pt x 192.76544pt.

Overfull \vbox (41.52058pt too high) has occurred while \output is active []


[49

 <./Figures/Phase-Flip-Triple-Channel-r=001-Alpha=001-Gain-Graph.png>]
<Figures/Phase-Flip-Triple-Channel-r=001-Beta=001-Gain-Graph.png, id=1453, 585.
18625pt x 526.96875pt>
File: Figures/Phase-Flip-Triple-Channel-r=001-Beta=001-Gain-Graph.png Graphic f
ile (type png)
<use Figures/Phase-Flip-Triple-Channel-r=001-Beta=001-Gain-Graph.png>
Package pdftex.def Info: Figures/Phase-Flip-Triple-Channel-r=001-Beta=001-Gain-
Graph.png  used on input line 886.
(pdftex.def)             Requested size: 209.12784pt x 188.32556pt.

Overfull \vbox (41.52058pt too high) has occurred while \output is active []


[50

 <./Figures/Phase-Flip-Triple-Channel-r=001-Beta=001-Gain-Graph.png>]
<Figures/Phase-Flip-Triple-Channel-Alpha=001-Beta=001-Gain-Graph.png, id=1480, 
573.14125pt x 530.98375pt>
File: Figures/Phase-Flip-Triple-Channel-Alpha=001-Beta=001-Gain-Graph.png Graph
ic file (type png)
<use Figures/Phase-Flip-Triple-Channel-Alpha=001-Beta=001-Gain-Graph.png>
Package pdftex.def Info: Figures/Phase-Flip-Triple-Channel-Alpha=001-Beta=001-G
ain-Graph.png  used on input line 898.
(pdftex.def)             Requested size: 209.12784pt x 193.74669pt.

Overfull \vbox (41.52058pt too high) has occurred while \output is active []


[51

 <./Figures/Phase-Flip-Triple-Channel-Alpha=001-Beta=001-Gain-Graph.png>]
Overfull \vbox (41.52058pt too high) has occurred while \output is active []


[52

]
Overfull \vbox (41.52058pt too high) has occurred while \output is active []


[53

 <C:/Users/Admin/AppData/Local/Programs/MiKTeX 2.9/tex/latex/beamer/beamericona
rticle.pdf>]
Overfull \vbox (41.52058pt too high) has occurred while \output is active []


[54

]
\tf@nav=\write6
\openout6 = `"PHYS 494 Quantum Parameter Estimation.nav"'.

\tf@toc=\write7
\openout7 = `"PHYS 494 Quantum Parameter Estimation.toc"'.

\tf@snm=\write8
\openout8 = `"PHYS 494 Quantum Parameter Estimation.snm"'.

Package atveryend Info: Empty hook `BeforeClearDocument' on input line 945.
Package atveryend Info: Empty hook `AfterLastShipout' on input line 945.
 ("PHYS 494 Quantum Parameter Estimation.aux")
Package atveryend Info: Executing hook `AtVeryEndDocument' on input line 945.
Package atveryend Info: Executing hook `AtEndAfterFileList' on input line 945.


Package rerunfilecheck Warning: File `"PHYS 494 Quantum Parameter Estimation".o
ut' has changed.
(rerunfilecheck)                Rerun to get outlines right
(rerunfilecheck)                or use package `bookmark'.

Package rerunfilecheck Info: Checksums for `"PHYS 494 Quantum Parameter Estimat
ion".out':
(rerunfilecheck)             Before: 4B291842949ED80D0A2A6FC7C20A1220;1148
(rerunfilecheck)             After:  A5A1F5753FB2F8BF85CE8A0EEF13ACA8;1167.

LaTeX Warning: There were multiply-defined labels.

 ) 
Here is how much of TeX's memory you used:
 18072 strings out of 492895
 354029 string characters out of 3123735
 422906 words of memory out of 3000000
 21360 multiletter control sequences out of 15000+200000
 11754 words of font info for 42 fonts, out of 3000000 for 9000
 1141 hyphenation exceptions out of 8191
 56i,15n,65p,829b,537s stack positions out of 5000i,500n,10000p,200000b,50000s
<C:/Users/Admin/AppData/Local/Programs/MiKTeX 2.9/fonts/type1/public/amsfonts
/cm/cmex10.pfb><C:/Users/Admin/AppData/Local/Programs/MiKTeX 2.9/fonts/type1/pu
blic/amsfonts/cm/cmmi10.pfb><C:/Users/Admin/AppData/Local/Programs/MiKTeX 2.9/f
onts/type1/public/amsfonts/cm/cmmi8.pfb><C:/Users/Admin/AppData/Local/Programs/
MiKTeX 2.9/fonts/type1/public/amsfonts/cm/cmss10.pfb><C:/Users/Admin/AppData/Lo
cal/Programs/MiKTeX 2.9/fonts/type1/public/amsfonts/cm/cmss12.pfb><C:/Users/Adm
in/AppData/Local/Programs/MiKTeX 2.9/fonts/type1/public/amsfonts/cm/cmss8.pfb><
C:/Users/Admin/AppData/Local/Programs/MiKTeX 2.9/fonts/type1/public/amsfonts/cm
/cmss9.pfb><C:/Users/Admin/AppData/Local/Programs/MiKTeX 2.9/fonts/type1/public
/amsfonts/cm/cmssi10.pfb><C:/Users/Admin/AppData/Local/Programs/MiKTeX 2.9/font
s/type1/public/amsfonts/cm/cmssi8.pfb><C:/Users/Admin/AppData/Local/Programs/Mi
KTeX 2.9/fonts/type1/public/amsfonts/cm/cmsy10.pfb><C:/Users/Admin/AppData/Loca
l/Programs/MiKTeX 2.9/fonts/type1/public/amsfonts/cm/cmsy8.pfb>
Output written on "PHYS 494 Quantum Parameter Estimation.pdf" (54 pages, 390210
8 bytes).
PDF statistics:
 1671 PDF objects out of 1728 (max. 8388607)
 182 named destinations out of 1000 (max. 500000)
 371 words of extra memory for PDF output out of 10000 (max. 10000000)

