This is pdfTeX, Version 3.14159265-2.6-1.40.19 (TeX Live 2018) (preloaded format=pdflatex 2018.4.16)  11 APR 2020 22:30
entering extended mode
 restricted \write18 enabled.
 file:line:error style messages enabled.
 %&-line parsing enabled.
**"PHYS 482 Progress Report.tex"
(./PHYS 482 Progress Report.tex
LaTeX2e <2018-04-01> patch level 2
Babel <3.18> and hyphenation patterns for 84 language(s) loaded.
(/usr/local/texlive/2018/texmf-dist/tex/latex/base/article.cls
Document Class: article 2014/09/29 v1.4h Standard LaTeX document class
(/usr/local/texlive/2018/texmf-dist/tex/latex/base/size10.clo
File: size10.clo 2014/09/29 v1.4h Standard LaTeX file (size option)
)
\c@part=\count80
\c@section=\count81
\c@subsection=\count82
\c@subsubsection=\count83
\c@paragraph=\count84
\c@subparagraph=\count85
\c@figure=\count86
\c@table=\count87
\abovecaptionskip=\skip41
\belowcaptionskip=\skip42
\bibindent=\dimen102
)
(/usr/local/texlive/2018/texmf-dist/tex/latex/footmisc/footmisc.sty
Package: footmisc 2011/06/06 v5.5b a miscellany of footnote facilities
\FN@temptoken=\toks14
\footnotemargin=\dimen103
\c@pp@next@reset=\count88
Package footmisc Info: Declaring symbol style bringhurst on input line 855.
Package footmisc Info: Declaring symbol style chicago on input line 863.
Package footmisc Info: Declaring symbol style wiley on input line 872.
Package footmisc Info: Declaring symbol style lamport-robust on input line 883.

Package footmisc Info: Declaring symbol style lamport* on input line 903.
Package footmisc Info: Declaring symbol style lamport*-robust on input line 924
.
)
(/usr/local/texlive/2018/texmf-dist/tex/latex/preprint/authblk.sty
Package: authblk 2001/02/27 1.3 (PWD)
\affilsep=\skip43
\@affilsep=\skip44
\c@Maxaffil=\count89
\c@authors=\count90
\c@affil=\count91
)
(/usr/local/texlive/2018/texmf-dist/tex/latex/amsmath/amsmath.sty
Package: amsmath 2017/09/02 v2.17a AMS math features
\@mathmargin=\skip45

For additional information on amsmath, use the `?' option.
(/usr/local/texlive/2018/texmf-dist/tex/latex/amsmath/amstext.sty
Package: amstext 2000/06/29 v2.01 AMS text

(/usr/local/texlive/2018/texmf-dist/tex/latex/amsmath/amsgen.sty
File: amsgen.sty 1999/11/30 v2.0 generic functions
\@emptytoks=\toks15
\ex@=\dimen104
))
(/usr/local/texlive/2018/texmf-dist/tex/latex/amsmath/amsbsy.sty
Package: amsbsy 1999/11/29 v1.2d Bold Symbols
\pmbraise@=\dimen105
)
(/usr/local/texlive/2018/texmf-dist/tex/latex/amsmath/amsopn.sty
Package: amsopn 2016/03/08 v2.02 operator names
)
\inf@bad=\count92
LaTeX Info: Redefining \frac on input line 213.
\uproot@=\count93
\leftroot@=\count94
LaTeX Info: Redefining \overline on input line 375.
\classnum@=\count95
\DOTSCASE@=\count96
LaTeX Info: Redefining \ldots on input line 472.
LaTeX Info: Redefining \dots on input line 475.
LaTeX Info: Redefining \cdots on input line 596.
\Mathstrutbox@=\box26
\strutbox@=\box27
\big@size=\dimen106
LaTeX Font Info:    Redeclaring font encoding OML on input line 712.
LaTeX Font Info:    Redeclaring font encoding OMS on input line 713.
\macc@depth=\count97
\c@MaxMatrixCols=\count98
\dotsspace@=\muskip10
\c@parentequation=\count99
\dspbrk@lvl=\count100
\tag@help=\toks16
\row@=\count101
\column@=\count102
\maxfields@=\count103
\andhelp@=\toks17
\eqnshift@=\dimen107
\alignsep@=\dimen108
\tagshift@=\dimen109
\tagwidth@=\dimen110
\totwidth@=\dimen111
\lineht@=\dimen112
\@envbody=\toks18
\multlinegap=\skip46
\multlinetaggap=\skip47
\mathdisplay@stack=\toks19
LaTeX Info: Redefining \[ on input line 2817.
LaTeX Info: Redefining \] on input line 2818.
)
(/usr/local/texlive/2018/texmf-dist/tex/latex/setspace/setspace.sty
Package: setspace 2011/12/19 v6.7a set line spacing
)
(/usr/local/texlive/2018/texmf-dist/tex/latex/url/url.sty
\Urlmuskip=\muskip11
Package: url 2013/09/16  ver 3.4  Verb mode for urls, etc.
)
(/usr/local/texlive/2018/texmf-dist/tex/latex/amscls/amsthm.sty
Package: amsthm 2017/10/31 v2.20.4
\thm@style=\toks20
\thm@bodyfont=\toks21
\thm@headfont=\toks22
\thm@notefont=\toks23
\thm@headpunct=\toks24
\thm@preskip=\skip48
\thm@postskip=\skip49
\thm@headsep=\skip50
\dth@everypar=\toks25
)
(/usr/local/texlive/2018/texmf-dist/tex/latex/pgf/frontendlayer/tikz.sty
(/usr/local/texlive/2018/texmf-dist/tex/latex/pgf/basiclayer/pgf.sty
(/usr/local/texlive/2018/texmf-dist/tex/latex/pgf/utilities/pgfrcs.sty
(/usr/local/texlive/2018/texmf-dist/tex/generic/pgf/utilities/pgfutil-common.te
x
\pgfutil@everybye=\toks26
\pgfutil@tempdima=\dimen113
\pgfutil@tempdimb=\dimen114

(/usr/local/texlive/2018/texmf-dist/tex/generic/pgf/utilities/pgfutil-common-li
sts.tex))
(/usr/local/texlive/2018/texmf-dist/tex/generic/pgf/utilities/pgfutil-latex.def
\pgfutil@abb=\box28
(/usr/local/texlive/2018/texmf-dist/tex/latex/ms/everyshi.sty
Package: everyshi 2001/05/15 v3.00 EveryShipout Package (MS)
))
(/usr/local/texlive/2018/texmf-dist/tex/generic/pgf/utilities/pgfrcs.code.tex
Package: pgfrcs 2015/08/07 v3.0.1a (rcs-revision 1.31)
))
Package: pgf 2015/08/07 v3.0.1a (rcs-revision 1.15)
(/usr/local/texlive/2018/texmf-dist/tex/latex/pgf/basiclayer/pgfcore.sty
(/usr/local/texlive/2018/texmf-dist/tex/latex/graphics/graphicx.sty
Package: graphicx 2017/06/01 v1.1a Enhanced LaTeX Graphics (DPC,SPQR)

(/usr/local/texlive/2018/texmf-dist/tex/latex/graphics/keyval.sty
Package: keyval 2014/10/28 v1.15 key=value parser (DPC)
\KV@toks@=\toks27
)
(/usr/local/texlive/2018/texmf-dist/tex/latex/graphics/graphics.sty
Package: graphics 2017/06/25 v1.2c Standard LaTeX Graphics (DPC,SPQR)

(/usr/local/texlive/2018/texmf-dist/tex/latex/graphics/trig.sty
Package: trig 2016/01/03 v1.10 sin cos tan (DPC)
)
(/usr/local/texlive/2018/texmf-dist/tex/latex/graphics-cfg/graphics.cfg
File: graphics.cfg 2016/06/04 v1.11 sample graphics configuration
)
Package graphics Info: Driver file: pdftex.def on input line 99.

(/usr/local/texlive/2018/texmf-dist/tex/latex/graphics-def/pdftex.def
File: pdftex.def 2018/01/08 v1.0l Graphics/color driver for pdftex
))
\Gin@req@height=\dimen115
\Gin@req@width=\dimen116
)
(/usr/local/texlive/2018/texmf-dist/tex/latex/pgf/systemlayer/pgfsys.sty
(/usr/local/texlive/2018/texmf-dist/tex/generic/pgf/systemlayer/pgfsys.code.tex
Package: pgfsys 2014/07/09 v3.0.1a (rcs-revision 1.48)
(/usr/local/texlive/2018/texmf-dist/tex/generic/pgf/utilities/pgfkeys.code.tex
\pgfkeys@pathtoks=\toks28
\pgfkeys@temptoks=\toks29

(/usr/local/texlive/2018/texmf-dist/tex/generic/pgf/utilities/pgfkeysfiltered.c
ode.tex
\pgfkeys@tmptoks=\toks30
))
\pgf@x=\dimen117
\pgf@y=\dimen118
\pgf@xa=\dimen119
\pgf@ya=\dimen120
\pgf@xb=\dimen121
\pgf@yb=\dimen122
\pgf@xc=\dimen123
\pgf@yc=\dimen124
\w@pgf@writea=\write3
\r@pgf@reada=\read1
\c@pgf@counta=\count104
\c@pgf@countb=\count105
\c@pgf@countc=\count106
\c@pgf@countd=\count107
\t@pgf@toka=\toks31
\t@pgf@tokb=\toks32
\t@pgf@tokc=\toks33

(/usr/local/texlive/2018/texmf-dist/tex/generic/pgf/systemlayer/pgf.cfg
File: pgf.cfg 2008/05/14  (rcs-revision 1.7)
)
Driver file for pgf: pgfsys-pdftex.def

(/usr/local/texlive/2018/texmf-dist/tex/generic/pgf/systemlayer/pgfsys-pdftex.d
ef
File: pgfsys-pdftex.def 2014/10/11  (rcs-revision 1.35)

(/usr/local/texlive/2018/texmf-dist/tex/generic/pgf/systemlayer/pgfsys-common-p
df.def
File: pgfsys-common-pdf.def 2013/10/10  (rcs-revision 1.13)
)))
(/usr/local/texlive/2018/texmf-dist/tex/generic/pgf/systemlayer/pgfsyssoftpath.
code.tex
File: pgfsyssoftpath.code.tex 2013/09/09  (rcs-revision 1.9)
\pgfsyssoftpath@smallbuffer@items=\count108
\pgfsyssoftpath@bigbuffer@items=\count109
)
(/usr/local/texlive/2018/texmf-dist/tex/generic/pgf/systemlayer/pgfsysprotocol.
code.tex
File: pgfsysprotocol.code.tex 2006/10/16  (rcs-revision 1.4)
)) (/usr/local/texlive/2018/texmf-dist/tex/latex/xcolor/xcolor.sty
Package: xcolor 2016/05/11 v2.12 LaTeX color extensions (UK)

(/usr/local/texlive/2018/texmf-dist/tex/latex/graphics-cfg/color.cfg
File: color.cfg 2016/01/02 v1.6 sample color configuration
)
Package xcolor Info: Driver file: pdftex.def on input line 225.
Package xcolor Info: Model `cmy' substituted by `cmy0' on input line 1348.
Package xcolor Info: Model `hsb' substituted by `rgb' on input line 1352.
Package xcolor Info: Model `RGB' extended on input line 1364.
Package xcolor Info: Model `HTML' substituted by `rgb' on input line 1366.
Package xcolor Info: Model `Hsb' substituted by `hsb' on input line 1367.
Package xcolor Info: Model `tHsb' substituted by `hsb' on input line 1368.
Package xcolor Info: Model `HSB' substituted by `hsb' on input line 1369.
Package xcolor Info: Model `Gray' substituted by `gray' on input line 1370.
Package xcolor Info: Model `wave' substituted by `hsb' on input line 1371.
)
(/usr/local/texlive/2018/texmf-dist/tex/generic/pgf/basiclayer/pgfcore.code.tex
Package: pgfcore 2010/04/11 v3.0.1a (rcs-revision 1.7)
(/usr/local/texlive/2018/texmf-dist/tex/generic/pgf/math/pgfmath.code.tex
(/usr/local/texlive/2018/texmf-dist/tex/generic/pgf/math/pgfmathcalc.code.tex
(/usr/local/texlive/2018/texmf-dist/tex/generic/pgf/math/pgfmathutil.code.tex)
(/usr/local/texlive/2018/texmf-dist/tex/generic/pgf/math/pgfmathparser.code.tex
\pgfmath@dimen=\dimen125
\pgfmath@count=\count110
\pgfmath@box=\box29
\pgfmath@toks=\toks34
\pgfmath@stack@operand=\toks35
\pgfmath@stack@operation=\toks36
)
(/usr/local/texlive/2018/texmf-dist/tex/generic/pgf/math/pgfmathfunctions.code.
tex
(/usr/local/texlive/2018/texmf-dist/tex/generic/pgf/math/pgfmathfunctions.basic
.code.tex)
(/usr/local/texlive/2018/texmf-dist/tex/generic/pgf/math/pgfmathfunctions.trigo
nometric.code.tex)
(/usr/local/texlive/2018/texmf-dist/tex/generic/pgf/math/pgfmathfunctions.rando
m.code.tex)
(/usr/local/texlive/2018/texmf-dist/tex/generic/pgf/math/pgfmathfunctions.compa
rison.code.tex)
(/usr/local/texlive/2018/texmf-dist/tex/generic/pgf/math/pgfmathfunctions.base.
code.tex)
(/usr/local/texlive/2018/texmf-dist/tex/generic/pgf/math/pgfmathfunctions.round
.code.tex)
(/usr/local/texlive/2018/texmf-dist/tex/generic/pgf/math/pgfmathfunctions.misc.
code.tex)
(/usr/local/texlive/2018/texmf-dist/tex/generic/pgf/math/pgfmathfunctions.integ
erarithmetics.code.tex)))
(/usr/local/texlive/2018/texmf-dist/tex/generic/pgf/math/pgfmathfloat.code.tex
\c@pgfmathroundto@lastzeros=\count111
))
(/usr/local/texlive/2018/texmf-dist/tex/generic/pgf/basiclayer/pgfcorepoints.co
de.tex
File: pgfcorepoints.code.tex 2013/10/07  (rcs-revision 1.27)
\pgf@picminx=\dimen126
\pgf@picmaxx=\dimen127
\pgf@picminy=\dimen128
\pgf@picmaxy=\dimen129
\pgf@pathminx=\dimen130
\pgf@pathmaxx=\dimen131
\pgf@pathminy=\dimen132
\pgf@pathmaxy=\dimen133
\pgf@xx=\dimen134
\pgf@xy=\dimen135
\pgf@yx=\dimen136
\pgf@yy=\dimen137
\pgf@zx=\dimen138
\pgf@zy=\dimen139
)
(/usr/local/texlive/2018/texmf-dist/tex/generic/pgf/basiclayer/pgfcorepathconst
ruct.code.tex
File: pgfcorepathconstruct.code.tex 2013/10/07  (rcs-revision 1.29)
\pgf@path@lastx=\dimen140
\pgf@path@lasty=\dimen141
)
(/usr/local/texlive/2018/texmf-dist/tex/generic/pgf/basiclayer/pgfcorepathusage
.code.tex
File: pgfcorepathusage.code.tex 2014/11/02  (rcs-revision 1.24)
\pgf@shorten@end@additional=\dimen142
\pgf@shorten@start@additional=\dimen143
)
(/usr/local/texlive/2018/texmf-dist/tex/generic/pgf/basiclayer/pgfcorescopes.co
de.tex
File: pgfcorescopes.code.tex 2015/05/08  (rcs-revision 1.46)
\pgfpic=\box30
\pgf@hbox=\box31
\pgf@layerbox@main=\box32
\pgf@picture@serial@count=\count112
)
(/usr/local/texlive/2018/texmf-dist/tex/generic/pgf/basiclayer/pgfcoregraphicst
ate.code.tex
File: pgfcoregraphicstate.code.tex 2014/11/02  (rcs-revision 1.12)
\pgflinewidth=\dimen144
)
(/usr/local/texlive/2018/texmf-dist/tex/generic/pgf/basiclayer/pgfcoretransform
ations.code.tex
File: pgfcoretransformations.code.tex 2015/08/07  (rcs-revision 1.20)
\pgf@pt@x=\dimen145
\pgf@pt@y=\dimen146
\pgf@pt@temp=\dimen147
)
(/usr/local/texlive/2018/texmf-dist/tex/generic/pgf/basiclayer/pgfcorequick.cod
e.tex
File: pgfcorequick.code.tex 2008/10/09  (rcs-revision 1.3)
)
(/usr/local/texlive/2018/texmf-dist/tex/generic/pgf/basiclayer/pgfcoreobjects.c
ode.tex
File: pgfcoreobjects.code.tex 2006/10/11  (rcs-revision 1.2)
)
(/usr/local/texlive/2018/texmf-dist/tex/generic/pgf/basiclayer/pgfcorepathproce
ssing.code.tex
File: pgfcorepathprocessing.code.tex 2013/09/09  (rcs-revision 1.9)
)
(/usr/local/texlive/2018/texmf-dist/tex/generic/pgf/basiclayer/pgfcorearrows.co
de.tex
File: pgfcorearrows.code.tex 2015/05/14  (rcs-revision 1.43)
\pgfarrowsep=\dimen148
)
(/usr/local/texlive/2018/texmf-dist/tex/generic/pgf/basiclayer/pgfcoreshade.cod
e.tex
File: pgfcoreshade.code.tex 2013/07/15  (rcs-revision 1.15)
\pgf@max=\dimen149
\pgf@sys@shading@range@num=\count113
)
(/usr/local/texlive/2018/texmf-dist/tex/generic/pgf/basiclayer/pgfcoreimage.cod
e.tex
File: pgfcoreimage.code.tex 2013/07/15  (rcs-revision 1.18)

(/usr/local/texlive/2018/texmf-dist/tex/generic/pgf/basiclayer/pgfcoreexternal.
code.tex
File: pgfcoreexternal.code.tex 2014/07/09  (rcs-revision 1.21)
\pgfexternal@startupbox=\box33
))
(/usr/local/texlive/2018/texmf-dist/tex/generic/pgf/basiclayer/pgfcorelayers.co
de.tex
File: pgfcorelayers.code.tex 2013/07/18  (rcs-revision 1.7)
)
(/usr/local/texlive/2018/texmf-dist/tex/generic/pgf/basiclayer/pgfcoretranspare
ncy.code.tex
File: pgfcoretransparency.code.tex 2013/09/30  (rcs-revision 1.5)
)
(/usr/local/texlive/2018/texmf-dist/tex/generic/pgf/basiclayer/pgfcorepatterns.
code.tex
File: pgfcorepatterns.code.tex 2013/11/07  (rcs-revision 1.5)
)))
(/usr/local/texlive/2018/texmf-dist/tex/generic/pgf/modules/pgfmoduleshapes.cod
e.tex
File: pgfmoduleshapes.code.tex 2014/03/21  (rcs-revision 1.35)
\pgfnodeparttextbox=\box34
)
(/usr/local/texlive/2018/texmf-dist/tex/generic/pgf/modules/pgfmoduleplot.code.
tex
File: pgfmoduleplot.code.tex 2015/08/03  (rcs-revision 1.13)
)
(/usr/local/texlive/2018/texmf-dist/tex/latex/pgf/compatibility/pgfcomp-version
-0-65.sty
Package: pgfcomp-version-0-65 2007/07/03 v3.0.1a (rcs-revision 1.7)
\pgf@nodesepstart=\dimen150
\pgf@nodesepend=\dimen151
)
(/usr/local/texlive/2018/texmf-dist/tex/latex/pgf/compatibility/pgfcomp-version
-1-18.sty
Package: pgfcomp-version-1-18 2007/07/23 v3.0.1a (rcs-revision 1.1)
))
(/usr/local/texlive/2018/texmf-dist/tex/latex/pgf/utilities/pgffor.sty
(/usr/local/texlive/2018/texmf-dist/tex/latex/pgf/utilities/pgfkeys.sty
(/usr/local/texlive/2018/texmf-dist/tex/generic/pgf/utilities/pgfkeys.code.tex)
) (/usr/local/texlive/2018/texmf-dist/tex/latex/pgf/math/pgfmath.sty
(/usr/local/texlive/2018/texmf-dist/tex/generic/pgf/math/pgfmath.code.tex))
(/usr/local/texlive/2018/texmf-dist/tex/generic/pgf/utilities/pgffor.code.tex
Package: pgffor 2013/12/13 v3.0.1a (rcs-revision 1.25)

(/usr/local/texlive/2018/texmf-dist/tex/generic/pgf/math/pgfmath.code.tex)
\pgffor@iter=\dimen152
\pgffor@skip=\dimen153
\pgffor@stack=\toks37
\pgffor@toks=\toks38
))
(/usr/local/texlive/2018/texmf-dist/tex/generic/pgf/frontendlayer/tikz/tikz.cod
e.tex
Package: tikz 2015/08/07 v3.0.1a (rcs-revision 1.151)

(/usr/local/texlive/2018/texmf-dist/tex/generic/pgf/libraries/pgflibraryplothan
dlers.code.tex
File: pgflibraryplothandlers.code.tex 2013/08/31 v3.0.1a (rcs-revision 1.20)
\pgf@plot@mark@count=\count114
\pgfplotmarksize=\dimen154
)
\tikz@lastx=\dimen155
\tikz@lasty=\dimen156
\tikz@lastxsaved=\dimen157
\tikz@lastysaved=\dimen158
\tikzleveldistance=\dimen159
\tikzsiblingdistance=\dimen160
\tikz@figbox=\box35
\tikz@figbox@bg=\box36
\tikz@tempbox=\box37
\tikz@tempbox@bg=\box38
\tikztreelevel=\count115
\tikznumberofchildren=\count116
\tikznumberofcurrentchild=\count117
\tikz@fig@count=\count118

(/usr/local/texlive/2018/texmf-dist/tex/generic/pgf/modules/pgfmodulematrix.cod
e.tex
File: pgfmodulematrix.code.tex 2013/09/17  (rcs-revision 1.8)
\pgfmatrixcurrentrow=\count119
\pgfmatrixcurrentcolumn=\count120
\pgf@matrix@numberofcolumns=\count121
)
\tikz@expandcount=\count122

(/usr/local/texlive/2018/texmf-dist/tex/generic/pgf/frontendlayer/tikz/librarie
s/tikzlibrarytopaths.code.tex
File: tikzlibrarytopaths.code.tex 2008/06/17 v3.0.1a (rcs-revision 1.2)
)))
(/usr/local/texlive/2018/texmf-dist/tex/generic/pgf/frontendlayer/tikz/librarie
s/tikzlibraryshapes.geometric.code.tex
File: tikzlibraryshapes.geometric.code.tex 2008/01/09 v3.0.1a (rcs-revision 1.1
)

(/usr/local/texlive/2018/texmf-dist/tex/generic/pgf/libraries/shapes/pgflibrary
shapes.geometric.code.tex
File: pgflibraryshapes.geometric.code.tex 2008/06/26 v3.0.1a (rcs-revision 1.1)

))
(/usr/local/texlive/2018/texmf-dist/tex/generic/pgf/frontendlayer/tikz/librarie
s/tikzlibraryarrows.code.tex
File: tikzlibraryarrows.code.tex 2008/01/09 v3.0.1a (rcs-revision 1.1)

(/usr/local/texlive/2018/texmf-dist/tex/generic/pgf/libraries/pgflibraryarrows.
code.tex
File: pgflibraryarrows.code.tex 2013/09/23 v3.0.1a (rcs-revision 1.16)
\arrowsize=\dimen161
))
(/usr/local/texlive/2018/texmf-dist/tex/generic/pgf/frontendlayer/tikz/librarie
s/tikzlibrarydecorations.pathreplacing.code.tex
(/usr/local/texlive/2018/texmf-dist/tex/generic/pgf/frontendlayer/tikz/librarie
s/tikzlibrarydecorations.code.tex
(/usr/local/texlive/2018/texmf-dist/tex/generic/pgf/modules/pgfmoduledecoration
s.code.tex
\pgfdecoratedcompleteddistance=\dimen162
\pgfdecoratedremainingdistance=\dimen163
\pgfdecoratedinputsegmentcompleteddistance=\dimen164
\pgfdecoratedinputsegmentremainingdistance=\dimen165
\pgf@decorate@distancetomove=\dimen166
\pgf@decorate@repeatstate=\count123
\pgfdecorationsegmentamplitude=\dimen167
\pgfdecorationsegmentlength=\dimen168
)
\tikz@lib@dec@box=\box39
)
(/usr/local/texlive/2018/texmf-dist/tex/generic/pgf/libraries/decorations/pgfli
brarydecorations.pathreplacing.code.tex))
(/usr/local/texlive/2018/texmf-dist/tex/generic/pgf/frontendlayer/tikz/librarie
s/tikzlibrarycalc.code.tex
File: tikzlibrarycalc.code.tex 2013/07/15 v3.0.1a (rcs-revision 1.9)
)
(/usr/local/texlive/2018/texmf-dist/tex/latex/pgfplots/pgfplots.sty
(/usr/local/texlive/2018/texmf-dist/tex/generic/pgfplots/pgfplots.revision.tex)
Package: pgfplots 2018/03/28 v1.16 Data Visualization (1.16)
(/usr/local/texlive/2018/texmf-dist/tex/generic/pgfplots/pgfplots.code.tex
(/usr/local/texlive/2018/texmf-dist/tex/generic/pgfplots/pgfplotscore.code.tex
\t@pgfplots@toka=\toks39
\t@pgfplots@tokb=\toks40
\t@pgfplots@tokc=\toks41
\pgfplots@tmpa=\dimen169
\c@pgfplots@coordindex=\count124
\c@pgfplots@scanlineindex=\count125

(/usr/local/texlive/2018/texmf-dist/tex/generic/pgfplots/sys/pgfplotssysgeneric
.code.tex))
(/usr/local/texlive/2018/texmf-dist/tex/generic/pgfplots/libs/pgfplotslibrary.c
ode.tex)
(/usr/local/texlive/2018/texmf-dist/tex/generic/pgfplots/oldpgfcompatib/pgfplot
soldpgfsupp_loader.code.tex
(/usr/local/texlive/2018/texmf-dist/tex/generic/pgf/libraries/pgflibraryfpu.cod
e.tex)
Package pgfplots: loading complementary arithmetics for your pgf version...

(/usr/local/texlive/2018/texmf-dist/tex/generic/pgfplots/oldpgfcompatib/pgfplot
soldpgfsupp_pgflibraryfpu.code.tex)
(/usr/local/texlive/2018/texmf-dist/tex/generic/pgfplots/oldpgfcompatib/pgfplot
soldpgfsupp_pgfmathfloat.code.tex
\c@pgfmathroundto@lastzeros=\count126
)
(/usr/local/texlive/2018/texmf-dist/tex/generic/pgfplots/oldpgfcompatib/pgfplot
soldpgfsupp_leq.code.tex))
(/usr/local/texlive/2018/texmf-dist/tex/generic/pgfplots/util/pgfplotsutil.code
.tex
(/usr/local/texlive/2018/texmf-dist/tex/generic/pgfplots/liststructure/pgfplots
liststructure.code.tex)
(/usr/local/texlive/2018/texmf-dist/tex/generic/pgfplots/liststructure/pgfplots
liststructureext.code.tex)
(/usr/local/texlive/2018/texmf-dist/tex/generic/pgfplots/liststructure/pgfplots
array.code.tex
\c@pgfplotsarray@tmp=\count127
)
(/usr/local/texlive/2018/texmf-dist/tex/generic/pgfplots/liststructure/pgfplots
matrix.code.tex)
(/usr/local/texlive/2018/texmf-dist/tex/generic/pgfplots/numtable/pgfplotstable
shared.code.tex
\c@pgfplotstable@counta=\count128
\t@pgfplotstable@a=\toks42
)
(/usr/local/texlive/2018/texmf-dist/tex/generic/pgfplots/liststructure/pgfplots
deque.code.tex)
(/usr/local/texlive/2018/texmf-dist/tex/generic/pgfplots/util/pgfplotsbinary.co
de.tex
(/usr/local/texlive/2018/texmf-dist/tex/generic/pgfplots/util/pgfplotsbinary.da
ta.code.tex))
(/usr/local/texlive/2018/texmf-dist/tex/generic/pgfplots/util/pgfplotsutil.verb
.code.tex)
(/usr/local/texlive/2018/texmf-dist/tex/generic/pgfplots/libs/pgflibrarypgfplot
s.surfshading.code.tex
\c@pgfplotslibrarysurf@no=\count129

(/usr/local/texlive/2018/texmf-dist/tex/generic/pgfplots/sys/pgflibrarypgfplots
.surfshading.pgfsys-pdftex.def)))
(/usr/local/texlive/2018/texmf-dist/tex/generic/pgfplots/util/pgfplotscolormap.
code.tex
(/usr/local/texlive/2018/texmf-dist/tex/generic/pgfplots/util/pgfplotscolor.cod
e.tex))
(/usr/local/texlive/2018/texmf-dist/tex/generic/pgfplots/pgfplotsstackedplots.c
ode.tex)
(/usr/local/texlive/2018/texmf-dist/tex/generic/pgfplots/pgfplotsplothandlers.c
ode.tex
(/usr/local/texlive/2018/texmf-dist/tex/generic/pgfplots/pgfplotsmeshplothandle
r.code.tex
(/usr/local/texlive/2018/texmf-dist/tex/generic/pgfplots/pgfplotsmeshplotimage.
code.tex)))
(/usr/local/texlive/2018/texmf-dist/tex/generic/pgfplots/pgfplots.scaling.code.
tex)
(/usr/local/texlive/2018/texmf-dist/tex/generic/pgfplots/pgfplotscoordprocessin
g.code.tex)
(/usr/local/texlive/2018/texmf-dist/tex/generic/pgfplots/pgfplots.errorbars.cod
e.tex)
(/usr/local/texlive/2018/texmf-dist/tex/generic/pgfplots/pgfplots.markers.code.
tex)
(/usr/local/texlive/2018/texmf-dist/tex/generic/pgfplots/pgfplotsticks.code.tex
)
(/usr/local/texlive/2018/texmf-dist/tex/generic/pgfplots/pgfplots.paths.code.te
x)
(/usr/local/texlive/2018/texmf-dist/tex/generic/pgf/frontendlayer/tikz/librarie
s/tikzlibrarydecorations.pathmorphing.code.tex
(/usr/local/texlive/2018/texmf-dist/tex/generic/pgf/libraries/decorations/pgfli
brarydecorations.pathmorphing.code.tex))
\pgfplots@numplots=\count130
\pgfplots@xmin@reg=\dimen170
\pgfplots@xmax@reg=\dimen171
\pgfplots@ymin@reg=\dimen172
\pgfplots@ymax@reg=\dimen173
\pgfplots@zmin@reg=\dimen174
\pgfplots@zmax@reg=\dimen175
)
(/usr/local/texlive/2018/texmf-dist/tex/generic/pgf/frontendlayer/tikz/librarie
s/tikzlibraryplotmarks.code.tex
File: tikzlibraryplotmarks.code.tex 2008/01/09 v3.0.1a (rcs-revision 1.1)

(/usr/local/texlive/2018/texmf-dist/tex/generic/pgf/libraries/pgflibraryplotmar
ks.code.tex
File: pgflibraryplotmarks.code.tex 2015/08/03 v3.0.1a (rcs-revision 1.14)
)))
(/usr/local/texlive/2018/texmf-dist/tex/generic/pgfplots/libs/tikzlibrarypgfplo
ts.units.code.tex)
(/usr/local/texlive/2018/texmf-dist/tex/latex/tools/indentfirst.sty
Package: indentfirst 1995/11/23 v1.03 Indent first paragraph (DPC)
)
(/usr/local/texlive/2018/texmf-dist/tex/latex/was/gensymb.sty
Package: gensymb 2003/07/02 v1.0 (WaS)
)
(/usr/local/texlive/2018/texmf-dist/tex/latex/amsfonts/amsfonts.sty
Package: amsfonts 2013/01/14 v3.01 Basic AMSFonts support
\symAMSa=\mathgroup4
\symAMSb=\mathgroup5
LaTeX Font Info:    Overwriting math alphabet `\mathfrak' in version `bold'
(Font)                  U/euf/m/n --> U/euf/b/n on input line 106.
)
(/usr/local/texlive/2018/texmf-dist/tex/latex/amsfonts/amssymb.sty
Package: amssymb 2013/01/14 v3.01 AMS font symbols
)
(/usr/local/texlive/2018/texmf-dist/tex/latex/braket/braket.sty)
(/usr/local/texlive/2018/texmf-dist/tex/generic/pgf/frontendlayer/tikz/librarie
s/tikzlibrarydecorations.markings.code.tex
(/usr/local/texlive/2018/texmf-dist/tex/generic/pgf/libraries/decorations/pgfli
brarydecorations.markings.code.tex))
(/usr/local/texlive/2018/texmf-dist/tex/latex/fancyhdr/fancyhdr.sty
Package: fancyhdr 2017/06/30 v3.9a Extensive control of page headers and footer
s
\f@nch@headwidth=\skip51
\f@nch@O@elh=\skip52
\f@nch@O@erh=\skip53
\f@nch@O@olh=\skip54
\f@nch@O@orh=\skip55
\f@nch@O@elf=\skip56
\f@nch@O@erf=\skip57
\f@nch@O@olf=\skip58
\f@nch@O@orf=\skip59
)
(/usr/local/texlive/2018/texmf-dist/tex/latex/tkz-euclide/tkz-euclide.sty
Package: tkz-euclide 2011/06/01 1.16 c for plots 2d 

(/usr/local/texlive/2018/texmf-dist/tex/latex/tkz-base/tkz-base.sty
Package: tkz-base 2011/06/01 1.16 c tkz-base

(/usr/local/texlive/2018/texmf-dist/tex/latex/etex-pkg/etex.sty
Package: etex 2016/08/01 v2.7 eTeX basic definition package (PEB,DPC)
\et@xins=\count131
)
(/usr/local/texlive/2018/texmf-dist/tex/generic/pgf/frontendlayer/tikz/librarie
s/tikzlibrarypositioning.code.tex
File: tikzlibrarypositioning.code.tex 2008/10/06 v3.0.1a (rcs-revision 1.7)
)
(/usr/local/texlive/2018/texmf-dist/tex/generic/pgf/frontendlayer/tikz/librarie
s/tikzlibraryshapes.misc.code.tex
File: tikzlibraryshapes.misc.code.tex 2008/01/09 v3.0.1a (rcs-revision 1.1)

(/usr/local/texlive/2018/texmf-dist/tex/generic/pgf/libraries/shapes/pgflibrary
shapes.misc.code.tex
File: pgflibraryshapes.misc.code.tex 2013/07/18 v3.0.1a (rcs-revision 1.5)
))
(/usr/local/texlive/2018/texmf-dist/tex/generic/pgf/frontendlayer/tikz/librarie
s/tikzlibrarypatterns.code.tex
File: tikzlibrarypatterns.code.tex 2008/01/15 v3.0.1a (rcs-revision 1.2)

(/usr/local/texlive/2018/texmf-dist/tex/generic/pgf/libraries/pgflibrarypattern
s.code.tex
File: pgflibrarypatterns.code.tex 2008/03/03 v3.0.1a (rcs-revision 1.13)
))
(/usr/local/texlive/2018/texmf-dist/tex/latex/numprint/numprint.sty
Package: numprint 2012/08/20 v1.39 Print numbers (HH)

(/usr/local/texlive/2018/texmf-dist/tex/latex/tools/array.sty
Package: array 2018/04/07 v2.4g Tabular extension package (FMi)
\col@sep=\dimen176
\ar@mcellbox=\box40
\extrarowheight=\dimen177
\NC@list=\toks43
\extratabsurround=\skip60
\backup@length=\skip61
\ar@cellbox=\box41
)
\c@nprt@mantissa@digitsbefore=\count132
\c@nprt@mantissa@digitsafter=\count133
\c@nprt@exponent@digitsbefore=\count134
\c@nprt@exponent@digitsafter=\count135
\nprt@digitwidth=\skip62
\nprt@sepwidth=\skip63
\nprt@decimalwidth=\skip64
\nprt@blockwidth=\skip65
\nprt@digittoks=\toks44
\nprt@pretoks=\toks45
\nprt@posttoks=\toks46
\nprt@thisdigit=\count136
\nprt@curpos=\count137
\nprt@rndpos=\count138
\c@nprt@digitsfirstblock=\count139
\c@nprt@blockcnt=\count140
\c@nprt@cntprint=\count141

No configuration file `numprint.cfg' found.)
(/usr/local/texlive/2018/texmf-dist/tex/latex/fp/fp.sty
Package: fp 1995/04/02

`Fixed Point Package', Version 0.8, April 2, 1995 (C) Michael Mehlich
(/usr/local/texlive/2018/texmf-dist/tex/latex/fp/defpattern.sty
Package: defpattern 1994/10/12
\actioncount=\count142
)
(/usr/local/texlive/2018/texmf-dist/tex/latex/fp/fp-basic.sty
Package: fp-basic 1996/05/13
\FP@xs=\count143
\FP@xia=\count144
\FP@xib=\count145
\FP@xfa=\count146
\FP@xfb=\count147
\FP@rega=\count148
\FP@regb=\count149
\FP@regs=\count150
\FP@times=\count151
)
(/usr/local/texlive/2018/texmf-dist/tex/latex/fp/fp-addons.sty
Package: fp-addons 1995/03/15
)
(/usr/local/texlive/2018/texmf-dist/tex/latex/fp/fp-snap.sty
Package: fp-snap 1995/04/05
)
(/usr/local/texlive/2018/texmf-dist/tex/latex/fp/fp-exp.sty
Package: fp-exp 1995/04/03
)
(/usr/local/texlive/2018/texmf-dist/tex/latex/fp/fp-trigo.sty
Package: fp-trigo 1995/04/14
)
(/usr/local/texlive/2018/texmf-dist/tex/latex/fp/fp-pas.sty
Package: fp-pas 1994/08/29
)
(/usr/local/texlive/2018/texmf-dist/tex/latex/fp/fp-random.sty
Package: fp-random 1995/02/23
\FPseed=\count152
)
(/usr/local/texlive/2018/texmf-dist/tex/latex/fp/fp-eqn.sty
Package: fp-eqn 1995/04/03
)
(/usr/local/texlive/2018/texmf-dist/tex/latex/fp/fp-upn.sty
Package: fp-upn 1996/10/21
)
(/usr/local/texlive/2018/texmf-dist/tex/latex/fp/fp-eval.sty
Package: fp-eval 1995/04/03
))
\tkzRadius=\dimen178
\tkzLength=\dimen179
\tkz@radi=\dimen180
\tkz@ax=\dimen181
\tkz@ay=\dimen182
\tkz@bx=\dimen183
\tkz@by=\dimen184
\tkz@cx=\dimen185
\tkz@cy=\dimen186
\tkz@dx=\dimen187
\tkz@dy=\dimen188

(/usr/local/texlive/2018/texmf-dist/tex/latex/tkz-base/tkz-tools-utilities.tex)
(/usr/local/texlive/2018/texmf-dist/tex/latex/tkz-base/tkz-tools-arith.tex
File: tkz-tool-arith.tex tkz-tool-arith 1.161 c
)
(/usr/local/texlive/2018/texmf-dist/tex/latex/tkz-base/tkz-tools-base.tex)
(/usr/local/texlive/2018/texmf-dist/tex/latex/tkz-base/tkz-tools-misc.tex)
(/usr/local/texlive/2018/texmf-dist/tex/latex/tkz-base/tkz-tools-math.tex)
(/usr/local/texlive/2018/texmf-dist/tex/latex/tkz-base/tkz-obj-points.tex)
(/usr/local/texlive/2018/texmf-dist/tex/latex/tkz-base/tkz-obj-segments.tex)
(/usr/local/texlive/2018/texmf-dist/tex/latex/tkz-base/tkz-obj-marks.tex
\tkz@cntmk=\count153
))
(/usr/local/texlive/2018/texmf-dist/tex/latex/tkz-euclide/tkz-tools-intersectio
ns.tex)
(/usr/local/texlive/2018/texmf-dist/tex/latex/tkz-euclide/tkz-tools-transformat
ions.tex)
(/usr/local/texlive/2018/texmf-dist/tex/latex/tkz-euclide/tkz-obj-lines.tex)
(/usr/local/texlive/2018/texmf-dist/tex/latex/tkz-euclide/tkz-lib-symbols.tex)
(/usr/local/texlive/2018/texmf-dist/tex/latex/tkz-euclide/tkz-obj-circles.tex)
(/usr/local/texlive/2018/texmf-dist/tex/latex/tkz-euclide/tkz-obj-addpoints.tex
))
(/usr/local/texlive/2018/texmf-dist/tex/latex/tkz-euclide/tkz-obj-polygons.tex)
(/usr/local/texlive/2018/texmf-dist/tex/latex/tkz-euclide/tkz-obj-vectors.tex)
(/usr/local/texlive/2018/texmf-dist/tex/latex/tkz-euclide/tkz-obj-arcs.tex)
(/usr/local/texlive/2018/texmf-dist/tex/latex/tkz-euclide/tkz-obj-sectors.tex)
(/usr/local/texlive/2018/texmf-dist/tex/latex/tkz-euclide/tkz-obj-angles.tex)
(/usr/local/texlive/2018/texmf-dist/tex/latex/tkz-euclide/tkz-obj-protractor.te
x)
(/usr/local/texlive/2018/texmf-dist/tex/generic/pgf/libraries/pgflibraryarrows.
meta.code.tex
File: pgflibraryarrows.meta.code.tex 2015/05/13 v3.0.1a (rcs-revision 1.13)
\pgfarrowinset=\dimen189
\pgfarrowlength=\dimen190
\pgfarrowwidth=\dimen191
\pgfarrowlinewidth=\dimen192
) (./PHYS 482 Progress Report.aux)
\openout1 = `"PHYS 482 Progress Report.aux"'.

LaTeX Font Info:    Checking defaults for OML/cmm/m/it on input line 61.
LaTeX Font Info:    ... okay on input line 61.
LaTeX Font Info:    Checking defaults for T1/cmr/m/n on input line 61.
LaTeX Font Info:    ... okay on input line 61.
LaTeX Font Info:    Checking defaults for OT1/cmr/m/n on input line 61.
LaTeX Font Info:    ... okay on input line 61.
LaTeX Font Info:    Checking defaults for OMS/cmsy/m/n on input line 61.
LaTeX Font Info:    ... okay on input line 61.
LaTeX Font Info:    Checking defaults for OMX/cmex/m/n on input line 61.
LaTeX Font Info:    ... okay on input line 61.
LaTeX Font Info:    Checking defaults for U/cmr/m/n on input line 61.
LaTeX Font Info:    ... okay on input line 61.

ABD: EveryShipout initializing macros
(/usr/local/texlive/2018/texmf-dist/tex/context/base/mkii/supp-pdf.mkii
[Loading MPS to PDF converter (version 2006.09.02).]
\scratchcounter=\count154
\scratchdimen=\dimen193
\scratchbox=\box42
\nofMPsegments=\count155
\nofMParguments=\count156
\everyMPshowfont=\toks47
\MPscratchCnt=\count157
\MPscratchDim=\dimen194
\MPnumerator=\count158
\makeMPintoPDFobject=\count159
\everyMPtoPDFconversion=\toks48
) (/usr/local/texlive/2018/texmf-dist/tex/latex/oberdiek/epstopdf-base.sty
Package: epstopdf-base 2016/05/15 v2.6 Base part for package epstopdf

(/usr/local/texlive/2018/texmf-dist/tex/generic/oberdiek/infwarerr.sty
Package: infwarerr 2016/05/16 v1.4 Providing info/warning/error messages (HO)
)
(/usr/local/texlive/2018/texmf-dist/tex/latex/oberdiek/grfext.sty
Package: grfext 2016/05/16 v1.2 Manage graphics extensions (HO)

(/usr/local/texlive/2018/texmf-dist/tex/generic/oberdiek/kvdefinekeys.sty
Package: kvdefinekeys 2016/05/16 v1.4 Define keys (HO)

(/usr/local/texlive/2018/texmf-dist/tex/generic/oberdiek/ltxcmds.sty
Package: ltxcmds 2016/05/16 v1.23 LaTeX kernel commands for general use (HO)
)))
(/usr/local/texlive/2018/texmf-dist/tex/latex/oberdiek/kvoptions.sty
Package: kvoptions 2016/05/16 v3.12 Key value format for package options (HO)

(/usr/local/texlive/2018/texmf-dist/tex/generic/oberdiek/kvsetkeys.sty
Package: kvsetkeys 2016/05/16 v1.17 Key value parser (HO)

(/usr/local/texlive/2018/texmf-dist/tex/generic/oberdiek/etexcmds.sty
Package: etexcmds 2016/05/16 v1.6 Avoid name clashes with e-TeX commands (HO)

(/usr/local/texlive/2018/texmf-dist/tex/generic/oberdiek/ifluatex.sty
Package: ifluatex 2016/05/16 v1.4 Provides the ifluatex switch (HO)
Package ifluatex Info: LuaTeX not detected.
)
Package etexcmds Info: Could not find \expanded.
(etexcmds)             That can mean that you are not using pdfTeX 1.50 or
(etexcmds)             that some package has redefined \expanded.
(etexcmds)             In the latter case, load this package earlier.
)))
(/usr/local/texlive/2018/texmf-dist/tex/generic/oberdiek/pdftexcmds.sty
Package: pdftexcmds 2018/01/30 v0.27 Utility functions of pdfTeX for LuaTeX (HO
)

(/usr/local/texlive/2018/texmf-dist/tex/generic/oberdiek/ifpdf.sty
Package: ifpdf 2017/03/15 v3.2 Provides the ifpdf switch
)
Package pdftexcmds Info: LuaTeX not detected.
Package pdftexcmds Info: \pdf@primitive is available.
Package pdftexcmds Info: \pdf@ifprimitive is available.
Package pdftexcmds Info: \pdfdraftmode found.
)
Package epstopdf-base Info: Redefining graphics rule for `.eps' on input line 4
38.
Package grfext Info: Graphics extension search list:
(grfext)             [.pdf,.png,.jpg,.mps,.jpeg,.jbig2,.jb2,.PDF,.PNG,.JPG,.JPE
G,.JBIG2,.JB2,.eps]
(grfext)             \AppendGraphicsExtensions on input line 456.

(/usr/local/texlive/2018/texmf-dist/tex/latex/latexconfig/epstopdf-sys.cfg
File: epstopdf-sys.cfg 2010/07/13 v1.3 Configuration of (r)epstopdf for TeX Liv
e
))
Package pgfplots notification 'compat/show suggested version=true': you might b
enefit from \pgfplotsset{compat=1.16} (current compat level: 1.10).

LaTeX Info: Redefining \celsius on input line 61.
Package gensymb Info: Faking symbols for \degree and \celsius on input line 61.


Package gensymb Warning: Not defining \perthousand.

LaTeX Info: Redefining \ohm on input line 61.
Package gensymb Info: Using \Omega for \ohm on input line 61.

Package gensymb Warning: Not defining \micro.

LaTeX Font Info:    Try loading font information for U+msa on input line 62.
(/usr/local/texlive/2018/texmf-dist/tex/latex/amsfonts/umsa.fd
File: umsa.fd 2013/01/14 v3.01 AMS symbols A
)
LaTeX Font Info:    Try loading font information for U+msb on input line 62.

(/usr/local/texlive/2018/texmf-dist/tex/latex/amsfonts/umsb.fd
File: umsb.fd 2013/01/14 v3.01 AMS symbols B
)
LaTeX Font Info:    Try loading font information for OMS+cmr on input line 62.

(/usr/local/texlive/2018/texmf-dist/tex/latex/base/omscmr.fd
File: omscmr.fd 2014/09/29 v2.5h Standard LaTeX font definitions
)
LaTeX Font Info:    Font shape `OMS/cmr/m/n' in size <8> not available
(Font)              Font shape `OMS/cmsy/m/n' tried instead on input line 62.
LaTeX Font Info:    Font shape `OMS/cmr/m/n' in size <6> not available
(Font)              Font shape `OMS/cmsy/m/n' tried instead on input line 62.

Overfull \hbox (4.89227pt too wide) in paragraph at lines 62--62
[][]\OT1/cmr/m/n/8 Electronic Ad-dress: \OT1/cmtt/m/n/8 tjlarrechea@mavs.colora
domesa.edu.| 
 []

<Figures/Spin-In-Magnetic-Field.jpg, id=4, 1254.6875pt x 452.69125pt>
File: Figures/Spin-In-Magnetic-Field.jpg Graphic file (type jpg)
<use Figures/Spin-In-Magnetic-Field.jpg>
Package pdftex.def Info: Figures/Spin-In-Magnetic-Field.jpg  used on input line
 84.
(pdftex.def)             Requested size: 229.5pt x 82.80023pt.
<Figures/Spin-With-Certainty.jpg, id=5, 1465.475pt x 470.75874pt>
File: Figures/Spin-With-Certainty.jpg Graphic file (type jpg)
<use Figures/Spin-With-Certainty.jpg>
Package pdftex.def Info: Figures/Spin-With-Certainty.jpg  used on input line 95
.
(pdftex.def)             Requested size: 229.5pt x 73.72108pt.
<Figures/Spin-With-M-Direction.jpg, id=6, 1305.87875pt x 452.69125pt>
File: Figures/Spin-With-M-Direction.jpg Graphic file (type jpg)
<use Figures/Spin-With-M-Direction.jpg>
Package pdftex.def Info: Figures/Spin-With-M-Direction.jpg  used on input line 
106.
(pdftex.def)             Requested size: 229.5pt x 79.55371pt.
<Figures/Spin-With-M-and-N-Graph.jpg, id=7, 567.11874pt x 537.00626pt>
File: Figures/Spin-With-M-and-N-Graph.jpg Graphic file (type jpg)
<use Figures/Spin-With-M-and-N-Graph.jpg>
Package pdftex.def Info: Figures/Spin-With-M-and-N-Graph.jpg  used on input lin
e 117.
(pdftex.def)             Requested size: 172.125pt x 162.98775pt.
[1{/usr/local/texlive/2018/texmf-var/fonts/map/pdftex/updmap/pdftex.map}


]
[2 <./Figures/Spin-In-Magnetic-Field.jpg> <./Figures/Spin-With-Certainty.jpg> <
./Figures/Spin-With-M-Direction.jpg> <./Figures/Spin-With-M-and-N-Graph.jpg>]
<Figures/Spherical-Coordinate-System.png, id=31, 1284.8pt x 1188.44pt>
File: Figures/Spherical-Coordinate-System.png Graphic file (type png)
<use Figures/Spherical-Coordinate-System.png>
Package pdftex.def Info: Figures/Spherical-Coordinate-System.png  used on input
 line 176.
(pdftex.def)             Requested size: 172.125pt x 159.19936pt.

Underfull \hbox (badness 1769) in paragraph at lines 183--184
[]\OT1/cmr/m/n/10 When these ex-per-i-ments are re-peated sev-eral
 []

[3 <./Figures/Spherical-Coordinate-System.png>]
<Figures/Two-Particle-Diagram.jpg, id=37, 1091.07625pt x 481.8pt>
File: Figures/Two-Particle-Diagram.jpg Graphic file (type jpg)
<use Figures/Two-Particle-Diagram.jpg>
Package pdftex.def Info: Figures/Two-Particle-Diagram.jpg  used on input line 2
12.
(pdftex.def)             Requested size: 229.5pt x 101.34271pt.
 [4 <./Figures/Two-Particle-Diagram.jpg>]
<Figures/Unitary-Operator.PNG, id=42, 1116.17pt x 443.6575pt>
File: Figures/Unitary-Operator.PNG Graphic file (type png)
<use Figures/Unitary-Operator.PNG>
Package pdftex.def Info: Figures/Unitary-Operator.PNG  used on input line 285.
(pdftex.def)             Requested size: 206.5486pt x 82.09566pt.
 [5 <./Figures/Unitary-Operator.PNG>]
<Figures/Two-Qubit-Unitary-Schematic.jpg, id=46, 1167.36125pt x 504.88625pt>
File: Figures/Two-Qubit-Unitary-Schematic.jpg Graphic file (type jpg)
<use Figures/Two-Qubit-Unitary-Schematic.jpg>
Package pdftex.def Info: Figures/Two-Qubit-Unitary-Schematic.jpg  used on input
 line 505.
(pdftex.def)             Requested size: 206.5486pt x 89.3271pt.
 [6]

LaTeX Font Warning: Command \tiny invalid in math mode on input line 558.


LaTeX Font Warning: Command \tiny invalid in math mode on input line 563.


Overfull \hbox (1.98343pt too wide) in paragraph at lines 577--585
 [] 
 []

[7 <./Figures/Two-Qubit-Unitary-Schematic.jpg>]
<Figures/Density-Operator-Evolution.jpg, id=55, 824.07875pt x 313.17pt>
File: Figures/Density-Operator-Evolution.jpg Graphic file (type jpg)
<use Figures/Density-Operator-Evolution.jpg>
Package pdftex.def Info: Figures/Density-Operator-Evolution.jpg  used on input 
line 653.
(pdftex.def)             Requested size: 206.5486pt x 78.493pt.


LaTeX Warning: `h' float specifier changed to `ht'.


Underfull \hbox (badness 2582) in paragraph at lines 678--683
\OT1/cmr/m/n/10 The mea-sure-ment op-er-a-tor for the pos-i-tive $\OML/cmm/m/it
/10 y$\OT1/cmr/m/n/10 -
 []


Underfull \hbox (badness 1048) in paragraph at lines 725--727
\OT1/cmr/m/n/10 Equation (44[]) de-scribes how a den-sity op-er-a-tor
 []

[8 <./Figures/Density-Operator-Evolution.jpg>] [9] [10]
Underfull \hbox (badness 2269) in paragraph at lines 930--935
\OT1/cmr/m/n/10 which is orig-i-nally ori-ented in the pos-i-tive $\OML/cmm/m/i
t/10 x$\OT1/cmr/m/n/10 -
 []

[11]
Underfull \hbox (badness 10000) in paragraph at lines 1035--1035
[]\OT1/cmr/bx/n/14.4 Relationships for Quan-tum
 []

[12]
<Figures/Two-Particle-One-Unitary-QFI.jpg, id=71, 1194.4625pt x 362.35374pt>
File: Figures/Two-Particle-One-Unitary-QFI.jpg Graphic file (type jpg)
<use Figures/Two-Particle-One-Unitary-QFI.jpg>
Package pdftex.def Info: Figures/Two-Particle-One-Unitary-QFI.jpg  used on inpu
t line 1118.
(pdftex.def)             Requested size: 206.5486pt x 62.65536pt.
 [13 <./Figures/Two-Particle-One-Unitary-QFI.jpg>]
<Figures/Two-Particle-Phase-Flip.jpg, id=76, 1211.52625pt x 378.41376pt>
File: Figures/Two-Particle-Phase-Flip.jpg Graphic file (type jpg)
<use Figures/Two-Particle-Phase-Flip.jpg>
Package pdftex.def Info: Figures/Two-Particle-Phase-Flip.jpg  used on input lin
e 1240.
(pdftex.def)             Requested size: 206.5486pt x 64.51425pt.
<Figures/SP-Phase-Flip.PNG, id=77, 1020.81375pt x 327.2225pt>
File: Figures/SP-Phase-Flip.PNG Graphic file (type png)
<use Figures/SP-Phase-Flip.PNG>
Package pdftex.def Info: Figures/SP-Phase-Flip.PNG  used on input line 1274.
(pdftex.def)             Requested size: 160.64929pt x 51.49287pt.
 [14 <./Figures/Two-Particle-Phase-Flip.jpg>]
<Figures/TP-Dual-Phase-Flip.PNG, id=81, 1378.14874pt x 455.7025pt>
File: Figures/TP-Dual-Phase-Flip.PNG Graphic file (type png)
<use Figures/TP-Dual-Phase-Flip.PNG>
Package pdftex.def Info: Figures/TP-Dual-Phase-Flip.PNG  used on input line 129
4.
(pdftex.def)             Requested size: 160.64929pt x 53.1174pt.


LaTeX Warning: `h' float specifier changed to `ht'.

<Figures/TP-Depolarizing.PNG, id=82, 1145.27875pt x 360.34625pt>
File: Figures/TP-Depolarizing.PNG Graphic file (type png)
<use Figures/TP-Depolarizing.PNG>
Package pdftex.def Info: Figures/TP-Depolarizing.PNG  used on input line 1317.
(pdftex.def)             Requested size: 160.64929pt x 50.5416pt.
[15 <./Figures/SP-Phase-Flip.PNG> <./Figures/TP-Dual-Phase-Flip.PNG> <./Figures
/TP-Depolarizing.PNG>]
<Figures/Single-Particle-Phase-Flip-Evolution-Schematic.jpg, id=86, 763.85374pt
 x 235.88126pt>
File: Figures/Single-Particle-Phase-Flip-Evolution-Schematic.jpg Graphic file (
type jpg)
<use Figures/Single-Particle-Phase-Flip-Evolution-Schematic.jpg>
Package pdftex.def Info: Figures/Single-Particle-Phase-Flip-Evolution-Schematic
.jpg  used on input line 1354.
(pdftex.def)             Requested size: 149.1736pt x 46.06323pt.
<Figures/Phase-Flip-Lambda-QFI-Graph.png, id=87, 587.19376pt x 525.965pt>
File: Figures/Phase-Flip-Lambda-QFI-Graph.png Graphic file (type png)
<use Figures/Phase-Flip-Lambda-QFI-Graph.png>
Package pdftex.def Info: Figures/Phase-Flip-Lambda-QFI-Graph.png  used on input
 line 1373.
(pdftex.def)             Requested size: 149.1736pt x 133.61769pt.
 [16 <./Figures/Single-Particle-Phase-Flip-Evolution-Schematic.jpg> <./Figures/
Phase-Flip-Lambda-QFI-Graph.png>]
<Figures/Two-Particle-Phase-Flip-Single-Channel-Lambda-Schematic.jpg, id=93, 10
51.93pt x 396.48125pt>
File: Figures/Two-Particle-Phase-Flip-Single-Channel-Lambda-Schematic.jpg Graph
ic file (type jpg)
<use Figures/Two-Particle-Phase-Flip-Single-Channel-Lambda-Schematic.jpg>
Package pdftex.def Info: Figures/Two-Particle-Phase-Flip-Single-Channel-Lambda-
Schematic.jpg  used on input line 1387.
(pdftex.def)             Requested size: 149.1736pt x 56.22087pt.
<Figures/Phase-Flip-One-Channel-Lambda-and-r-Gain.png, id=94, 574.145pt x 530.9
8375pt>
File: Figures/Phase-Flip-One-Channel-Lambda-and-r-Gain.png Graphic file (type p
ng)
<use Figures/Phase-Flip-One-Channel-Lambda-and-r-Gain.png>
Package pdftex.def Info: Figures/Phase-Flip-One-Channel-Lambda-and-r-Gain.png  
used on input line 1411.
(pdftex.def)             Requested size: 149.1736pt x 137.95528pt.
<Figures/Two-Particle-Phase-Flip-Dual-Channel-Alpha-Lambda-Schematic.jpg, id=95
, 1040.88875pt x 322.20375pt>
File: Figures/Two-Particle-Phase-Flip-Dual-Channel-Alpha-Lambda-Schematic.jpg G
raphic file (type jpg)
<use Figures/Two-Particle-Phase-Flip-Dual-Channel-Alpha-Lambda-Schematic.jpg>
Package pdftex.def Info: Figures/Two-Particle-Phase-Flip-Dual-Channel-Alpha-Lam
bda-Schematic.jpg  used on input line 1424.
(pdftex.def)             Requested size: 149.1736pt x 46.17508pt.
<Figures/Phase-Flip-Two-Channel-Alpha=001-Gain.png, id=96, 362.35374pt x 333.24
5pt>
File: Figures/Phase-Flip-Two-Channel-Alpha=001-Gain.png Graphic file (type png)

<use Figures/Phase-Flip-Two-Channel-Alpha=001-Gain.png>
Package pdftex.def Info: Figures/Phase-Flip-Two-Channel-Alpha=001-Gain.png  use
d on input line 1449.
(pdftex.def)             Requested size: 149.1736pt x 137.19066pt.
<Figures/Phase-Flip-Two-Channel-Alpha=01-Gain.png, id=97, 379.4175pt x 341.275p
t>
File: Figures/Phase-Flip-Two-Channel-Alpha=01-Gain.png Graphic file (type png)
<use Figures/Phase-Flip-Two-Channel-Alpha=01-Gain.png>
Package pdftex.def Info: Figures/Phase-Flip-Two-Channel-Alpha=01-Gain.png  used
 on input line 1460.
(pdftex.def)             Requested size: 149.1736pt x 134.17986pt.


LaTeX Warning: `h' float specifier changed to `ht'.

[17 <./Figures/Two-Particle-Phase-Flip-Single-Channel-Lambda-Schematic.jpg> <./
Figures/Phase-Flip-One-Channel-Lambda-and-r-Gain.png> <./Figures/Two-Particle-P
hase-Flip-Dual-Channel-Alpha-Lambda-Schematic.jpg>]
<Figures/Phase-Flip-Two-Channel-Alpha=02-Gain.png, id=102, 377.41pt x 337.26pt>

File: Figures/Phase-Flip-Two-Channel-Alpha=02-Gain.png Graphic file (type png)
<use Figures/Phase-Flip-Two-Channel-Alpha=02-Gain.png>
Package pdftex.def Info: Figures/Phase-Flip-Two-Channel-Alpha=02-Gain.png  used
 on input line 1472.
(pdftex.def)             Requested size: 149.1736pt x 133.30115pt.
<Figures/Phase-Flip-Two-Channel-Alpha=03-Gain.png, id=103, 361.35pt x 326.21875
pt>
File: Figures/Phase-Flip-Two-Channel-Alpha=03-Gain.png Graphic file (type png)
<use Figures/Phase-Flip-Two-Channel-Alpha=03-Gain.png>
Package pdftex.def Info: Figures/Phase-Flip-Two-Channel-Alpha=03-Gain.png  used
 on input line 1482.
(pdftex.def)             Requested size: 149.1736pt x 134.67142pt.
 [18 <./Figures/Phase-Flip-Two-Channel-Alpha=001-Gain.png> <./Figures/Phase-Fli
p-Two-Channel-Alpha=01-Gain.png> <./Figures/Phase-Flip-Two-Channel-Alpha=02-Gai
n.png> <./Figures/Phase-Flip-Two-Channel-Alpha=03-Gain.png>]
<Figures/Phase-Flip-Two-Channel-Alpha=04-Gain.png, id=111, 375.4025pt x 330.233
75pt>
File: Figures/Phase-Flip-Two-Channel-Alpha=04-Gain.png Graphic file (type png)
<use Figures/Phase-Flip-Two-Channel-Alpha=04-Gain.png>
Package pdftex.def Info: Figures/Phase-Flip-Two-Channel-Alpha=04-Gain.png  used
 on input line 1494.
(pdftex.def)             Requested size: 149.1736pt x 131.22444pt.
<Figures/Phase-Flip-Two-Channel-Alpha=05-Gain.png, id=112, 393.47pt x 343.2825p
t>
File: Figures/Phase-Flip-Two-Channel-Alpha=05-Gain.png Graphic file (type png)
<use Figures/Phase-Flip-Two-Channel-Alpha=05-Gain.png>
Package pdftex.def Info: Figures/Phase-Flip-Two-Channel-Alpha=05-Gain.png  used
 on input line 1504.
(pdftex.def)             Requested size: 149.1736pt x 130.14488pt.
<Figures/Phase-Flip-Alpha-Inequality-Graph.png, id=113, 349.305pt x 302.12875pt
>
File: Figures/Phase-Flip-Alpha-Inequality-Graph.png Graphic file (type png)
<use Figures/Phase-Flip-Alpha-Inequality-Graph.png>
Package pdftex.def Info: Figures/Phase-Flip-Alpha-Inequality-Graph.png  used on
 input line 1524.
(pdftex.def)             Requested size: 149.1736pt x 129.02768pt.
 [19 <./Figures/Phase-Flip-Two-Channel-Alpha=04-Gain.png> <./Figures/Phase-Flip
-Two-Channel-Alpha=05-Gain.png> <./Figures/Phase-Flip-Alpha-Inequality-Graph.pn
g>]
<Figures/Depolarizing-Single-Channel-Lambda-Schematic.jpg, id=121, 835.12pt x 2
56.96pt>
File: Figures/Depolarizing-Single-Channel-Lambda-Schematic.jpg Graphic file (ty
pe jpg)
<use Figures/Depolarizing-Single-Channel-Lambda-Schematic.jpg>
Package pdftex.def Info: Figures/Depolarizing-Single-Channel-Lambda-Schematic.j
pg  used on input line 1541.
(pdftex.def)             Requested size: 149.1736pt x 45.89792pt.
<Figures/Depolarizing-Single-Channel-QFI.png, id=122, 586.19pt x 532.99126pt>
File: Figures/Depolarizing-Single-Channel-QFI.png Graphic file (type png)
<use Figures/Depolarizing-Single-Channel-QFI.png>
Package pdftex.def Info: Figures/Depolarizing-Single-Channel-QFI.png  used on i
nput line 1558.
(pdftex.def)             Requested size: 149.1736pt x 135.63039pt.
<Figures/Depolarizing-Double-Channel-Lambda-Schematic.jpg, id=123, 1267.73625pt
 x 375.4025pt>
File: Figures/Depolarizing-Double-Channel-Lambda-Schematic.jpg Graphic file (ty
pe jpg)
<use Figures/Depolarizing-Double-Channel-Lambda-Schematic.jpg>
Package pdftex.def Info: Figures/Depolarizing-Double-Channel-Lambda-Schematic.j
pg  used on input line 1572.
(pdftex.def)             Requested size: 149.1736pt x 44.16994pt.
<Figures/Depolarizing-Double-Channel-Lambda-Gain-Graph.png, id=124, 574.145pt x
 528.97626pt>
File: Figures/Depolarizing-Double-Channel-Lambda-Gain-Graph.png Graphic file (t
ype png)
<use Figures/Depolarizing-Double-Channel-Lambda-Gain-Graph.png>
Package pdftex.def Info: Figures/Depolarizing-Double-Channel-Lambda-Gain-Graph.
png  used on input line 1596.
(pdftex.def)             Requested size: 149.1736pt x 137.43372pt.
<Figures/Depolarizing-Double-Channel-Alpha-and-Lambda-Schematic.jpg, id=125, 13
17.92375pt x 365.365pt>
File: Figures/Depolarizing-Double-Channel-Alpha-and-Lambda-Schematic.jpg Graphi
c file (type jpg)
<use Figures/Depolarizing-Double-Channel-Alpha-and-Lambda-Schematic.jpg>
Package pdftex.def Info: Figures/Depolarizing-Double-Channel-Alpha-and-Lambda-S
chematic.jpg  used on input line 1609.
(pdftex.def)             Requested size: 149.1736pt x 41.35544pt.
 [20 <./Figures/Depolarizing-Single-Channel-Lambda-Schematic.jpg> <./Figures/De
polarizing-Single-Channel-QFI.png> <./Figures/Depolarizing-Double-Channel-Lambd
a-Schematic.jpg> <./Figures/Depolarizing-Double-Channel-Lambda-Gain-Graph.png>]
<Figures/Depolarizing-Double-Channel-Alpha-and-Lambda-r=001-Gain-Graph.png, id=
131, 586.19pt x 526.96875pt>
File: Figures/Depolarizing-Double-Channel-Alpha-and-Lambda-r=001-Gain-Graph.png
 Graphic file (type png)
<use Figures/Depolarizing-Double-Channel-Alpha-and-Lambda-r=001-Gain-Graph.png>

Package pdftex.def Info: Figures/Depolarizing-Double-Channel-Alpha-and-Lambda-r
=001-Gain-Graph.png  used on input line 1634.
(pdftex.def)             Requested size: 149.1736pt x 134.09784pt.
<Figures/Depolarizing-Double-Channel-Alpha-and-Lambda-r=1-Gain-Graph.png, id=13
2, 575.14874pt x 529.98pt>
File: Figures/Depolarizing-Double-Channel-Alpha-and-Lambda-r=1-Gain-Graph.png G
raphic file (type png)
<use Figures/Depolarizing-Double-Channel-Alpha-and-Lambda-r=1-Gain-Graph.png>
Package pdftex.def Info: Figures/Depolarizing-Double-Channel-Alpha-and-Lambda-r
=1-Gain-Graph.png  used on input line 1645.
(pdftex.def)             Requested size: 149.1736pt x 137.45998pt.
<Figures/Phase-Flip-Triple-Channel-Lambda-Schematic.jpg, id=133, 1312.905pt x 4
92.84125pt>
File: Figures/Phase-Flip-Triple-Channel-Lambda-Schematic.jpg Graphic file (type
 jpg)
<use Figures/Phase-Flip-Triple-Channel-Lambda-Schematic.jpg>
Package pdftex.def Info: Figures/Phase-Flip-Triple-Channel-Lambda-Schematic.jpg
  used on input line 1661.
(pdftex.def)             Requested size: 149.1736pt x 55.99496pt.
 [21 <./Figures/Depolarizing-Double-Channel-Alpha-and-Lambda-Schematic.jpg> <./
Figures/Depolarizing-Double-Channel-Alpha-and-Lambda-r=001-Gain-Graph.png> <./F
igures/Depolarizing-Double-Channel-Alpha-and-Lambda-r=1-Gain-Graph.png> <./Figu
res/Phase-Flip-Triple-Channel-Lambda-Schematic.jpg>]
<Figures/Phase-Flip-Triple-Channel-r=001-Alpha=001-Gain-Graph.png, id=139, 577.
15625pt x 531.9875pt>
File: Figures/Phase-Flip-Triple-Channel-r=001-Alpha=001-Gain-Graph.png Graphic 
file (type png)
<use Figures/Phase-Flip-Triple-Channel-r=001-Alpha=001-Gain-Graph.png>
Package pdftex.def Info: Figures/Phase-Flip-Triple-Channel-r=001-Alpha=001-Gain
-Graph.png  used on input line 1688.
(pdftex.def)             Requested size: 149.1736pt x 137.50174pt.
<Figures/Phase-Flip-Triple-Channel-r=001-Beta=001-Gain-Graph.png, id=140, 585.1
8625pt x 526.96875pt>
File: Figures/Phase-Flip-Triple-Channel-r=001-Beta=001-Gain-Graph.png Graphic f
ile (type png)
<use Figures/Phase-Flip-Triple-Channel-r=001-Beta=001-Gain-Graph.png>
Package pdftex.def Info: Figures/Phase-Flip-Triple-Channel-r=001-Beta=001-Gain-
Graph.png  used on input line 1701.
(pdftex.def)             Requested size: 149.1736pt x 134.33102pt.
<Figures/Phase-Flip-Triple-Channel-Alpha=001-Beta=001-Gain-Graph.png, id=141, 5
73.14125pt x 530.98375pt>
File: Figures/Phase-Flip-Triple-Channel-Alpha=001-Beta=001-Gain-Graph.png Graph
ic file (type png)
<use Figures/Phase-Flip-Triple-Channel-Alpha=001-Beta=001-Gain-Graph.png>
Package pdftex.def Info: Figures/Phase-Flip-Triple-Channel-Alpha=001-Beta=001-G
ain-Graph.png  used on input line 1714.
(pdftex.def)             Requested size: 149.1736pt x 138.19835pt.
 [22 <./Figures/Phase-Flip-Triple-Channel-r=001-Alpha=001-Gain-Graph.png> <./Fi
gures/Phase-Flip-Triple-Channel-r=001-Beta=001-Gain-Graph.png> <./Figures/Phase
-Flip-Triple-Channel-Alpha=001-Beta=001-Gain-Graph.png>] [23]
Underfull \hbox (badness 1199) in paragraph at lines 1741--1742
[]\OT1/cmr/m/n/10 Collins, D. (2019). Qubit-channel metrol-ogy
 []

[24

] (./PHYS 482 Progress Report.aux) ) 
Here is how much of TeX's memory you used:
 27609 strings out of 492649
 698650 string characters out of 6129622
 877522 words of memory out of 5000000
 30876 multiletter control sequences out of 15000+600000
 13256 words of font info for 52 fonts, out of 8000000 for 9000
 1141 hyphenation exceptions out of 8191
 62i,15n,96p,1221b,609s stack positions out of 5000i,500n,10000p,200000b,80000s
</usr/local/texlive/2018/texmf-dist/fonts/t
ype1/public/amsfonts/cm/cmbx12.pfb></usr/local/texlive/2018/texmf-dist/fonts/ty
pe1/public/amsfonts/cm/cmex10.pfb></usr/local/texlive/2018/texmf-dist/fonts/typ
e1/public/amsfonts/cm/cmmi10.pfb></usr/local/texlive/2018/texmf-dist/fonts/type
1/public/amsfonts/cm/cmmi12.pfb></usr/local/texlive/2018/texmf-dist/fonts/type1
/public/amsfonts/cm/cmmi5.pfb></usr/local/texlive/2018/texmf-dist/fonts/type1/p
ublic/amsfonts/cm/cmmi7.pfb></usr/local/texlive/2018/texmf-dist/fonts/type1/pub
lic/amsfonts/cm/cmr10.pfb></usr/local/texlive/2018/texmf-dist/fonts/type1/publi
c/amsfonts/cm/cmr12.pfb></usr/local/texlive/2018/texmf-dist/fonts/type1/public/
amsfonts/cm/cmr7.pfb></usr/local/texlive/2018/texmf-dist/fonts/type1/public/ams
fonts/cm/cmr8.pfb></usr/local/texlive/2018/texmf-dist/fonts/type1/public/amsfon
ts/cm/cmr9.pfb></usr/local/texlive/2018/texmf-dist/fonts/type1/public/amsfonts/
cm/cmsy10.pfb></usr/local/texlive/2018/texmf-dist/fonts/type1/public/amsfonts/c
m/cmsy6.pfb></usr/local/texlive/2018/texmf-dist/fonts/type1/public/amsfonts/cm/
cmsy7.pfb></usr/local/texlive/2018/texmf-dist/fonts/type1/public/amsfonts/cm/cm
sy8.pfb></usr/local/texlive/2018/texmf-dist/fonts/type1/public/amsfonts/cm/cmti
12.pfb></usr/local/texlive/2018/texmf-dist/fonts/type1/public/amsfonts/cm/cmtt8
.pfb></usr/local/texlive/2018/texmf-dist/fonts/type1/public/amsfonts/symbols/ms
bm10.pfb>
Output written on "PHYS 482 Progress Report.pdf" (24 pages, 3792872 bytes).
PDF statistics:
 212 PDF objects out of 1000 (max. 8388607)
 112 compressed objects within 2 object streams
 0 named destinations out of 1000 (max. 500000)
 198 words of extra memory for PDF output out of 10000 (max. 10000000)

